<?xml version="1.0" encoding="UTF-8"?>
<!-- Generated by org.testng.reporters.JUnitReportReporter -->
<testsuite hostname="Kirans-MacBook-Air.local" name="apiTests.FeAssignment" tests="1" failures="0" timestamp="29 Jun 2016 09:32:03 GMT" time="1.647" errors="0">
  <testcase name="FeAssignmentTest" time="1.647" classname="apiTests.FeAssignment"/>
</testsuite> <!-- apiTests.FeAssignment -->
