<?xml version="1.0" encoding="UTF-8"?>
<!-- Generated by org.testng.reporters.JUnitReportReporter -->
<testsuite hostname="Kirans-MacBook-Air.local" name="apiTests.PostInsertChildOrder" tests="1" failures="0" timestamp="15 Jul 2016 13:29:54 GMT" time="1.677" errors="0">
  <testcase name="InsertChildOrderTest" time="1.677" classname="apiTests.PostInsertChildOrder"/>
</testsuite> <!-- apiTests.PostInsertChildOrder -->
