<?xml version="1.0" encoding="UTF-8"?>
<!-- Generated by org.testng.reporters.JUnitReportReporter -->
<testsuite hostname="Kirans-MacBook-Air.local" name="apiTests.CrmAssignment" tests="1" failures="0" timestamp="29 Jun 2016 13:10:13 GMT" time="2.953" errors="0">
  <testcase name="CrmAssignmentTest" time="2.953" classname="apiTests.CrmAssignment"/>
</testsuite> <!-- apiTests.CrmAssignment -->
