<?xml version="1.0" encoding="UTF-8"?>
<testsuite name="TestSuite" time="18.164" tests="11" errors="0" skipped="0" failures="8">
  <properties>
    <property name="java.runtime.name" value="Java(TM) SE Runtime Environment"/>
    <property name="sun.boot.library.path" value="/Library/Java/JavaVirtualMachines/jdk1.8.0_73.jdk/Contents/Home/jre/lib"/>
    <property name="java.vm.version" value="25.73-b02"/>
    <property name="user.country.format" value="IN"/>
    <property name="gopherProxySet" value="false"/>
    <property name="java.vm.vendor" value="Oracle Corporation"/>
    <property name="maven.multiModuleProjectDirectory" value="/Users/kiransk/Documents/retailauto/Shopper"/>
    <property name="java.vendor.url" value="http://java.oracle.com/"/>
    <property name="path.separator" value=":"/>
    <property name="guice.disable.misplaced.annotation.check" value="true"/>
    <property name="java.vm.name" value="Java HotSpot(TM) 64-Bit Server VM"/>
    <property name="file.encoding.pkg" value="sun.io"/>
    <property name="user.country" value="US"/>
    <property name="sun.java.launcher" value="SUN_STANDARD"/>
    <property name="sun.os.patch.level" value="unknown"/>
    <property name="java.vm.specification.name" value="Java Virtual Machine Specification"/>
    <property name="user.dir" value="/Users/kiransk/Documents/retailauto/Shopper"/>
    <property name="java.runtime.version" value="1.8.0_73-b02"/>
    <property name="java.awt.graphicsenv" value="sun.awt.CGraphicsEnvironment"/>
    <property name="java.endorsed.dirs" value="/Library/Java/JavaVirtualMachines/jdk1.8.0_73.jdk/Contents/Home/jre/lib/endorsed"/>
    <property name="os.arch" value="x86_64"/>
    <property name="java.io.tmpdir" value="/var/folders/h7/3sqy71355vsgnshmp2rvrk000000gn/T/"/>
    <property name="line.separator" value="&#10;"/>
    <property name="java.vm.specification.vendor" value="Oracle Corporation"/>
    <property name="os.name" value="Mac OS X"/>
    <property name="classworlds.conf" value="/Users/kiransk/Documents/retailauto/.metadata/.plugins/org.eclipse.m2e.launching/launches/m2conf5273551811822040191.tmp"/>
    <property name="sun.jnu.encoding" value="UTF-8"/>
    <property name="java.library.path" value="/Users/kiransk/Library/Java/Extensions:/Library/Java/Extensions:/Network/Library/Java/Extensions:/System/Library/Java/Extensions:/usr/lib/java:."/>
    <property name="java.specification.name" value="Java Platform API Specification"/>
    <property name="java.class.version" value="52.0"/>
    <property name="sun.management.compiler" value="HotSpot 64-Bit Tiered Compilers"/>
    <property name="os.version" value="10.11.3"/>
    <property name="http.nonProxyHosts" value="local|*.local|169.254/16|*.169.254/16"/>
    <property name="user.home" value="/Users/kiransk"/>
    <property name="user.timezone" value="Asia/Kolkata"/>
    <property name="java.awt.printerjob" value="sun.lwawt.macosx.CPrinterJob"/>
    <property name="java.specification.version" value="1.8"/>
    <property name="file.encoding" value="UTF-8"/>
    <property name="user.name" value="kiransk"/>
    <property name="java.class.path" value="/Users/kiransk/Downloads/Eclipse.app/Contents/Eclipse/plugins/org.eclipse.m2e.maven.runtime_1.6.2.20150902-0001/jars/plexus-classworlds-2.5.2.jar"/>
    <property name="java.vm.specification.version" value="1.8"/>
    <property name="sun.arch.data.model" value="64"/>
    <property name="java.home" value="/Library/Java/JavaVirtualMachines/jdk1.8.0_73.jdk/Contents/Home/jre"/>
    <property name="sun.java.command" value="org.codehaus.plexus.classworlds.launcher.Launcher -B test"/>
    <property name="java.specification.vendor" value="Oracle Corporation"/>
    <property name="user.language" value="en"/>
    <property name="awt.toolkit" value="sun.lwawt.macosx.LWCToolkit"/>
    <property name="java.vm.info" value="mixed mode"/>
    <property name="java.version" value="1.8.0_73"/>
    <property name="java.ext.dirs" value="/Users/kiransk/Library/Java/Extensions:/Library/Java/JavaVirtualMachines/jdk1.8.0_73.jdk/Contents/Home/jre/lib/ext:/Library/Java/Extensions:/Network/Library/Java/Extensions:/System/Library/Java/Extensions:/usr/lib/java"/>
    <property name="sun.boot.class.path" value="/Library/Java/JavaVirtualMachines/jdk1.8.0_73.jdk/Contents/Home/jre/lib/resources.jar:/Library/Java/JavaVirtualMachines/jdk1.8.0_73.jdk/Contents/Home/jre/lib/rt.jar:/Library/Java/JavaVirtualMachines/jdk1.8.0_73.jdk/Contents/Home/jre/lib/sunrsasign.jar:/Library/Java/JavaVirtualMachines/jdk1.8.0_73.jdk/Contents/Home/jre/lib/jsse.jar:/Library/Java/JavaVirtualMachines/jdk1.8.0_73.jdk/Contents/Home/jre/lib/jce.jar:/Library/Java/JavaVirtualMachines/jdk1.8.0_73.jdk/Contents/Home/jre/lib/charsets.jar:/Library/Java/JavaVirtualMachines/jdk1.8.0_73.jdk/Contents/Home/jre/lib/jfr.jar:/Library/Java/JavaVirtualMachines/jdk1.8.0_73.jdk/Contents/Home/jre/classes"/>
    <property name="java.vendor" value="Oracle Corporation"/>
    <property name="maven.home" value="/Users/kiransk/Documents/retailauto/Shopper/EMBEDDED"/>
    <property name="file.separator" value="/"/>
    <property name="java.vendor.url.bug" value="http://bugreport.sun.com/bugreport/"/>
    <property name="sun.cpu.endian" value="little"/>
    <property name="sun.io.unicode.encoding" value="UnicodeBig"/>
    <property name="socksNonProxyHosts" value="local|*.local|169.254/16|*.169.254/16"/>
    <property name="ftp.nonProxyHosts" value="local|*.local|169.254/16|*.169.254/16"/>
    <property name="sun.cpu.isalist" value=""/>
  </properties>
  <testcase name="FeAssignmentTest" classname="apiTests.FeAssignment" time="0.825">
    <failure message="&#10;Expected: null&#10;  Actual: FeAssignmentResponse&lt;message=&quot;fe updated successfully for order Saurabh%d&quot;, success=true&gt;&#10;&#10;--- Found following differences ---&#10; expected: null&#10;   actual: FeAssignmentResponse&lt;message=&quot;fe updated successfully for order Saurabh%d&quot;, success=true&gt;&#10;&#10;" type="junit.framework.AssertionFailedError"><![CDATA[junit.framework.AssertionFailedError: 
Expected: null
  Actual: FeAssignmentResponse<message="fe updated successfully for order Saurabh%d", success=true>

--- Found following differences ---
 expected: null
   actual: FeAssignmentResponse<message="fe updated successfully for order Saurabh%d", success=true>


	at junit.framework.Assert.fail(Assert.java:50)
	at org.unitils.reflectionassert.ReflectionAssert.assertReflectionEquals(ReflectionAssert.java:136)
	at org.unitils.reflectionassert.ReflectionAssert.assertReflectionEquals(ReflectionAssert.java:99)
	at apiTests.FeAssignment.FeAssignmentTest(FeAssignment.java:56)
]]></failure>
    <system-out><![CDATA[Verify the response of FeAssignment Api.
Base URL is http://test-grofers-hp.appspot.com
http response code is not 200. 
Test Status of FeAssignment Api :  FAIL  
]]></system-out>
  </testcase>
  <testcase name="GetMerchantsDetailTest" classname="apiTests.GetMerchantsDetail" time="0.356">
    <failure message="&#10;Expected: GetMerchantsDetailResponse&lt;message=&quot;Merchants fetched!&quot;, merchants=[Merchant&lt;merchantThresholdTime=900.0, name=&quot;QAJaipur4&quot;, id=&quot;1003&quot;&gt;], success=true&gt;&#10;  Actual: GetMerchantsDetailResponse&lt;message=&quot;Merchants fetched!&quot;, merchants=[Merchant&lt;merchantThresholdTime=null, name=&quot;QAJaipur4&quot;, id=&quot;1003&quot;&gt;], success=true&gt;&#10;&#10;--- Found following differences ---&#10;merchants[0].merchantThresholdTime: expected: 900.0, actual: null&#10;&#10;--- Difference detail tree ---&#10; expected: GetMerchantsDetailResponse&lt;message=&quot;Merchants fetched!&quot;, merchants=[Merchant&lt;merchantThresholdTime=900.0, name=&quot;QAJaipur4&quot;, id=&quot;1003&quot;&gt;], success=true&gt;&#10;   actual: GetMerchantsDetailResponse&lt;message=&quot;Merchants fetched!&quot;, merchants=[Merchant&lt;merchantThresholdTime=null, name=&quot;QAJaipur4&quot;, id=&quot;1003&quot;&gt;], success=true&gt;&#10;&#10;merchants expected: [Merchant&lt;merchantThresholdTime=900.0, name=&quot;QAJaipur4&quot;, id=&quot;1003&quot;&gt;]&#10;merchants   actual: [Merchant&lt;merchantThresholdTime=null, name=&quot;QAJaipur4&quot;, id=&quot;1003&quot;&gt;]&#10;&#10;merchants[0] expected: Merchant&lt;merchantThresholdTime=900.0, name=&quot;QAJaipur4&quot;, id=&quot;1003&quot;&gt;&#10;merchants[0]   actual: Merchant&lt;merchantThresholdTime=null, name=&quot;QAJaipur4&quot;, id=&quot;1003&quot;&gt;&#10;&#10;merchants[0].merchantThresholdTime expected: 900.0&#10;merchants[0].merchantThresholdTime   actual: null&#10;&#10;" type="junit.framework.AssertionFailedError"><![CDATA[junit.framework.AssertionFailedError: 
Expected: GetMerchantsDetailResponse<message="Merchants fetched!", merchants=[Merchant<merchantThresholdTime=900.0, name="QAJaipur4", id="1003">], success=true>
  Actual: GetMerchantsDetailResponse<message="Merchants fetched!", merchants=[Merchant<merchantThresholdTime=null, name="QAJaipur4", id="1003">], success=true>

--- Found following differences ---
merchants[0].merchantThresholdTime: expected: 900.0, actual: null

--- Difference detail tree ---
 expected: GetMerchantsDetailResponse<message="Merchants fetched!", merchants=[Merchant<merchantThresholdTime=900.0, name="QAJaipur4", id="1003">], success=true>
   actual: GetMerchantsDetailResponse<message="Merchants fetched!", merchants=[Merchant<merchantThresholdTime=null, name="QAJaipur4", id="1003">], success=true>

merchants expected: [Merchant<merchantThresholdTime=900.0, name="QAJaipur4", id="1003">]
merchants   actual: [Merchant<merchantThresholdTime=null, name="QAJaipur4", id="1003">]

merchants[0] expected: Merchant<merchantThresholdTime=900.0, name="QAJaipur4", id="1003">
merchants[0]   actual: Merchant<merchantThresholdTime=null, name="QAJaipur4", id="1003">

merchants[0].merchantThresholdTime expected: 900.0
merchants[0].merchantThresholdTime   actual: null


	at junit.framework.Assert.fail(Assert.java:50)
	at org.unitils.reflectionassert.ReflectionAssert.assertReflectionEquals(ReflectionAssert.java:136)
	at org.unitils.reflectionassert.ReflectionAssert.assertReflectionEquals(ReflectionAssert.java:99)
	at apiTests.GetMerchantsDetail.GetMerchantsDetailTest(GetMerchantsDetail.java:43)
]]></failure>
    <system-out><![CDATA[Verify the response of GetMerchantsDetail Api.
Base URL is http://test-grofers-hp.appspot.com
]]></system-out>
  </testcase>
  <testcase name="GetQueuedOrdersTest" classname="apiTests.GetQueuedOrders" time="0.502">
    <failure message="&#10;Expected: null&#10;  Actual: GetQueuedOrdersResponse&lt;message=&quot;orders Task Added to Queue &quot;, success=true&gt;&#10;&#10;--- Found following differences ---&#10;expected: null, actual: GetQueuedOrdersResponse&lt;message=&quot;orders Task Added to Queue &quot;, success=true&gt;&#10;" type="junit.framework.AssertionFailedError"><![CDATA[junit.framework.AssertionFailedError: 
Expected: null
  Actual: GetQueuedOrdersResponse<message="orders Task Added to Queue ", success=true>

--- Found following differences ---
expected: null, actual: GetQueuedOrdersResponse<message="orders Task Added to Queue ", success=true>

	at junit.framework.Assert.fail(Assert.java:50)
	at org.unitils.reflectionassert.ReflectionAssert.assertReflectionEquals(ReflectionAssert.java:136)
	at org.unitils.reflectionassert.ReflectionAssert.assertReflectionEquals(ReflectionAssert.java:99)
	at apiTests.GetQueuedOrders.GetQueuedOrdersTest(GetQueuedOrders.java:49)
]]></failure>
    <system-out><![CDATA[Verify the response of GetQueuedOrders Api.
Base URL is http://test-grofers-hp.appspot.com
http response code is not 200. 
Test Status of GetQueuedOrders Api :  FAIL  
]]></system-out>
  </testcase>
  <testcase name="ResetMerchantThresholdTest" classname="apiTests.ResetMerchantThreshold" time="10.034">
    <failure message="Failed to connect to test-grofers-hp.appspot.com/2404:6800:4007:800:0:0:0:2011:80" type="java.net.ConnectException">java.net.ConnectException: Failed to connect to test-grofers-hp.appspot.com/2404:6800:4007:800:0:0:0:2011:80
	at okhttp3.internal.io.RealConnection.connectSocket(RealConnection.java:142)
	at okhttp3.internal.io.RealConnection.connect(RealConnection.java:111)
	at okhttp3.internal.http.StreamAllocation.findConnection(StreamAllocation.java:188)
	at okhttp3.internal.http.StreamAllocation.findHealthyConnection(StreamAllocation.java:127)
	at okhttp3.internal.http.StreamAllocation.newStream(StreamAllocation.java:97)
	at okhttp3.internal.http.HttpEngine.connect(HttpEngine.java:289)
	at okhttp3.internal.http.HttpEngine.sendRequest(HttpEngine.java:241)
	at okhttp3.RealCall.getResponse(RealCall.java:240)
	at okhttp3.RealCall$ApplicationInterceptorChain.proceed(RealCall.java:198)
	at retrofit.ServiceGenerator$1.intercept(ServiceGenerator.java:26)
	at okhttp3.RealCall$ApplicationInterceptorChain.proceed(RealCall.java:187)
	at okhttp3.RealCall.getResponseWithInterceptorChain(RealCall.java:160)
	at okhttp3.RealCall.execute(RealCall.java:57)
	at retrofit2.OkHttpCall.execute(OkHttpCall.java:174)
	at apiTests.ResetMerchantThreshold.ResetMerchantThresholdTest(ResetMerchantThreshold.java:32)
</failure>
    <system-out><![CDATA[Verify the response of ResetMerchantThreshold Api.
Base URL is http://test-grofers-hp.appspot.com
]]></system-out>
  </testcase>
  <testcase name="UpdateMerchantTypeTest" classname="apiTests.UpdateMerchantType" time="0.614"/>
  <testcase name="GetShopperBuCityIdTest" classname="apiTests.GetShopperBuCityId" time="0.769">
    <failure message="&#10;Expected: ShopperByCityIdResponse&lt;message=&quot;shoppers fetched!&quot;, data=[Datum&lt;numOrders=&quot;0&quot;, name=&quot;Sk&quot;, completedOrders=&quot;0&quot;, mobileNo=&quot;9686642941&quot;, payroll=null, cityId=&quot;jaipur&quot;, currentOrder=&quot;0&quot;, stationId=null, stateCode=1, createdBy=null, id=&quot;4904445116678144&quot;&gt;, Datum&lt;numOrders=&quot;0&quot;, name=&quot;Sahil&quot;, completedOrders=&quot;0&quot;, mobileNo=&quot;8058695344&quot;, payroll=null, cityId=&quot;jaipur&quot;, currentOrder=&quot;0&quot;, stationId=null, stateCode=1, createdBy=null, id=&quot;4905593080905728&quot;&gt;, Datum&lt;numOrders=&quot;0&quot;, name=&quot;saurabh Tester11&quot;, completedOrders=&quot;0&quot;, mobileNo=&quot;1234445555&quot;, payroll=null, cityId=&quot;jaipur&quot;, currentOrder=&quot;0&quot;, stationId=null, stateCode=-1, createdBy=null, id=&quot;5094657339949056&quot;&gt;, Datum&lt;numOrders=&quot;0&quot;, name=&quot;Saurabh Tester2&quot;, completedOrders=&quot;0&quot;, mobileNo=&quot;7368031285&quot;, payroll=null, cityId=&quot;jaipur&quot;, currentOrder=&quot;0&quot;, stationId=null, stateCode=-1, createdBy=null, id=&quot;5167746945908736&quot;&gt;, Datum&lt;numOrders=&quot;0&quot;, name=&quot;Saurabh Tester3&quot;, completedOrders=&quot;0&quot;, mobileNo=&quot;7868031285&quot;, payroll=null, cityId=&quot;jaipur&quot;, currentOrder=&quot;0&quot;, stationId=null, stateCode=-1, createdBy=null, id=&quot;5172775815741440&quot;&gt;, Datum&lt;numOrders=&quot;0&quot;, name=&quot;Saurabh Tester5&quot;, completedOrders=&quot;0&quot;, mobileNo=&quot;7868031247&quot;, payroll=null, cityId=&quot;jaipur&quot;, currentOrder=&quot;0&quot;, stationId=null, stateCode=-1, createdBy=null, id=&quot;5176692825915392&quot;&gt;, Datum&lt;numOrders=&quot;0&quot;, name=&quot;Saurabh Tester7&quot;, completedOrders=&quot;0&quot;, mobileNo=&quot;7868081247&quot;, payroll=null, cityId=&quot;jaipur&quot;, currentOrder=&quot;0&quot;, stationId=null, stateCode=-1, createdBy=null, id=&quot;5252924737323008&quot;&gt;, Datum&lt;numOrders=&quot;0&quot;, name=&quot;OnCall&quot;, completedOrders=&quot;0&quot;, mobileNo=&quot;9148981148&quot;, payroll=null, cityId=&quot;jaipur&quot;, currentOrder=&quot;0&quot;, stationId=null, stateCode=1, createdBy=null, id=&quot;5361126808223744&quot;&gt;, Datum&lt;numOrders=&quot;0&quot;, name=&quot;Saurabh Tester4&quot;, completedOrders=&quot;0&quot;, mobileNo=&quot;7868031245&quot;, payroll=null, cityId=&quot;jaipur&quot;, currentOrder=&quot;0&quot;, stationId=null, stateCode=-1, createdBy=null, id=&quot;5491729750818816&quot;&gt;, Datum&lt;numOrders=&quot;0&quot;, name=&quot;QASaurabh2&quot;, completedOrders=&quot;0&quot;, mobileNo=&quot;7568031284&quot;, payroll=null, cityId=&quot;jaipur&quot;, currentOrder=&quot;0&quot;, stationId=null, stateCode=1, createdBy=null, id=&quot;5668100972216320&quot;&gt;, Datum&lt;numOrders=&quot;0&quot;, name=&quot;Saurabh Tester9&quot;, completedOrders=&quot;0&quot;, mobileNo=&quot;7869981247&quot;, payroll=null, cityId=&quot;jaipur&quot;, currentOrder=&quot;0&quot;, stationId=null, stateCode=-1, createdBy=null, id=&quot;5684372455817216&quot;&gt;, Datum&lt;numOrders=&quot;0&quot;, name=&quot;Saurabh Tester6&quot;, completedOrders=&quot;0&quot;, mobileNo=&quot;7868041247&quot;, payroll=null, cityId=&quot;jaipur&quot;, currentOrder=&quot;0&quot;, stationId=null, stateCode=-1, createdBy=null, id=&quot;5688083307560960&quot;&gt;, Datum&lt;numOrders=&quot;0&quot;, name=&quot;Saurabh Tester100&quot;, completedOrders=&quot;0&quot;, mobileNo=&quot;1001000100&quot;, payroll=null, cityId=&quot;jaipur&quot;, currentOrder=&quot;0&quot;, stationId=null, stateCode=-1, createdBy=null, id=&quot;5733307635466240&quot;&gt;, Datum&lt;numOrders=&quot;0&quot;, name=&quot;NavdeepAuriga&quot;, completedOrders=&quot;0&quot;, mobileNo=&quot;9108876517&quot;, payroll=null, cityId=&quot;jaipur&quot;, currentOrder=&quot;0&quot;, stationId=null, stateCode=1, createdBy=null, id=&quot;5736044737593344&quot;&gt;, Datum&lt;numOrders=&quot;0&quot;, name=&quot;Saurabh Tester10&quot;, completedOrders=&quot;0&quot;, mobileNo=&quot;7869231247&quot;, payroll=null, cityId=&quot;jaipur&quot;, currentOrder=&quot;0&quot;, stationId=null, stateCode=-1, createdBy=null, id=&quot;5759482843889664&quot;&gt;, ...], success=true&gt;&#10;  Actual: ShopperByCityIdResponse&lt;message=&quot;shoppers fetched!&quot;, data=[Datum&lt;numOrders=&quot;--&quot;, name=&quot;Sk&quot;, completedOrders=&quot;--&quot;, mobileNo=&quot;9686642940&quot;, payroll=null, cityId=&quot;jaipur&quot;, currentOrder=&quot;--&quot;, stationId=null, stateCode=1, createdBy=null, id=&quot;4904445116678144&quot;&gt;, Datum&lt;numOrders=&quot;--&quot;, name=&quot;Sahil&quot;, completedOrders=&quot;--&quot;, mobileNo=&quot;8058695344&quot;, payroll=null, cityId=&quot;jaipur&quot;, currentOrder=&quot;--&quot;, stationId=null, stateCode=1, createdBy=null, id=&quot;4905593080905728&quot;&gt;, Datum&lt;numOrders=&quot;--&quot;, name=&quot;saurabh Tester11&quot;, completedOrders=&quot;--&quot;, mobileNo=&quot;1234445555&quot;, payroll=null, cityId=&quot;jaipur&quot;, currentOrder=&quot;--&quot;, stationId=null, stateCode=-1, createdBy=null, id=&quot;5094657339949056&quot;&gt;, Datum&lt;numOrders=&quot;--&quot;, name=&quot;Saurabh Tester2&quot;, completedOrders=&quot;--&quot;, mobileNo=&quot;7368031285&quot;, payroll=null, cityId=&quot;jaipur&quot;, currentOrder=&quot;--&quot;, stationId=null, stateCode=-1, createdBy=null, id=&quot;5167746945908736&quot;&gt;, Datum&lt;numOrders=&quot;--&quot;, name=&quot;Saurabh Tester3&quot;, completedOrders=&quot;--&quot;, mobileNo=&quot;7868031285&quot;, payroll=null, cityId=&quot;jaipur&quot;, currentOrder=&quot;--&quot;, stationId=null, stateCode=-1, createdBy=null, id=&quot;5172775815741440&quot;&gt;, Datum&lt;numOrders=&quot;--&quot;, name=&quot;Saurabh Tester5&quot;, completedOrders=&quot;--&quot;, mobileNo=&quot;7868031247&quot;, payroll=null, cityId=&quot;jaipur&quot;, currentOrder=&quot;--&quot;, stationId=null, stateCode=-1, createdBy=null, id=&quot;5176692825915392&quot;&gt;, Datum&lt;numOrders=&quot;--&quot;, name=&quot;Saurabh Tester7&quot;, completedOrders=&quot;--&quot;, mobileNo=&quot;7868081247&quot;, payroll=null, cityId=&quot;jaipur&quot;, currentOrder=&quot;--&quot;, stationId=null, stateCode=-1, createdBy=null, id=&quot;5252924737323008&quot;&gt;, Datum&lt;numOrders=&quot;--&quot;, name=&quot;Saurabh Tester4&quot;, completedOrders=&quot;--&quot;, mobileNo=&quot;7868031245&quot;, payroll=null, cityId=&quot;jaipur&quot;, currentOrder=&quot;--&quot;, stationId=null, stateCode=-1, createdBy=null, id=&quot;5491729750818816&quot;&gt;, Datum&lt;numOrders=&quot;--&quot;, name=&quot;QASaurabh2&quot;, completedOrders=&quot;--&quot;, mobileNo=&quot;7568031284&quot;, payroll=null, cityId=&quot;jaipur&quot;, currentOrder=&quot;--&quot;, stationId=null, stateCode=1, createdBy=null, id=&quot;5668100972216320&quot;&gt;, Datum&lt;numOrders=&quot;--&quot;, name=&quot;Saurabh Tester9&quot;, completedOrders=&quot;--&quot;, mobileNo=&quot;7869981247&quot;, payroll=null, cityId=&quot;jaipur&quot;, currentOrder=&quot;--&quot;, stationId=null, stateCode=-1, createdBy=null, id=&quot;5684372455817216&quot;&gt;, Datum&lt;numOrders=&quot;--&quot;, name=&quot;Saurabh Tester6&quot;, completedOrders=&quot;--&quot;, mobileNo=&quot;7868041247&quot;, payroll=null, cityId=&quot;jaipur&quot;, currentOrder=&quot;--&quot;, stationId=null, stateCode=-1, createdBy=null, id=&quot;5688083307560960&quot;&gt;, Datum&lt;numOrders=&quot;--&quot;, name=&quot;Saurabh Tester100&quot;, completedOrders=&quot;--&quot;, mobileNo=&quot;1001000100&quot;, payroll=null, cityId=&quot;jaipur&quot;, currentOrder=&quot;--&quot;, stationId=null, stateCode=-1, createdBy=null, id=&quot;5733307635466240&quot;&gt;, Datum&lt;numOrders=&quot;--&quot;, name=&quot;NavdeepAuriga&quot;, completedOrders=&quot;--&quot;, mobileNo=&quot;9108876517&quot;, payroll=null, cityId=&quot;jaipur&quot;, currentOrder=&quot;--&quot;, stationId=null, stateCode=1, createdBy=null, id=&quot;5736044737593344&quot;&gt;, Datum&lt;numOrders=&quot;--&quot;, name=&quot;Saurabh Tester10&quot;, completedOrders=&quot;--&quot;, mobileNo=&quot;7869231247&quot;, payroll=null, cityId=&quot;jaipur&quot;, currentOrder=&quot;--&quot;, stationId=null, stateCode=-1, createdBy=null, id=&quot;5759482843889664&quot;&gt;, Datum&lt;numOrders=&quot;--&quot;, name=&quot;QASaurabh&quot;, completedOrders=&quot;--&quot;, mobileNo=&quot;7791823335&quot;, payroll=null, cityId=&quot;jaipur&quot;, currentOrder=&quot;--&quot;, stationId=null, stateCode=1, createdBy=null, id=&quot;5933932872728576&quot;&gt;, ...], success=true&gt;&#10;&#10;--- Found following differences ---&#10;data[0].numOrders: expected: &quot;0&quot;, actual: &quot;--&quot;&#10;data[0].completedOrders: expected: &quot;0&quot;, actual: &quot;--&quot;&#10;data[0].mobileNo: expected: &quot;9686642941&quot;, actual: &quot;9686642940&quot;&#10;data[0].currentOrder: expected: &quot;0&quot;, actual: &quot;--&quot;&#10;data[1].numOrders: expected: &quot;0&quot;, actual: &quot;--&quot;&#10;data[1].completedOrders: expected: &quot;0&quot;, actual: &quot;--&quot;&#10;data[1].currentOrder: expected: &quot;0&quot;, actual: &quot;--&quot;&#10;data[2].numOrders: expected: &quot;0&quot;, actual: &quot;--&quot;&#10;data[2].completedOrders: expected: &quot;0&quot;, actual: &quot;--&quot;&#10;data[2].currentOrder: expected: &quot;0&quot;, actual: &quot;--&quot;&#10;data[3].numOrders: expected: &quot;0&quot;, actual: &quot;--&quot;&#10;data[3].completedOrders: expected: &quot;0&quot;, actual: &quot;--&quot;&#10;data[3].currentOrder: expected: &quot;0&quot;, actual: &quot;--&quot;&#10;data[4].numOrders: expected: &quot;0&quot;, actual: &quot;--&quot;&#10;data[4].completedOrders: expected: &quot;0&quot;, actual: &quot;--&quot;&#10;data[4].currentOrder: expected: &quot;0&quot;, actual: &quot;--&quot;&#10;data[5].numOrders: expected: &quot;0&quot;, actual: &quot;--&quot;&#10;data[5].completedOrders: expected: &quot;0&quot;, actual: &quot;--&quot;&#10;data[5].currentOrder: expected: &quot;0&quot;, actual: &quot;--&quot;&#10;data[6].numOrders: expected: &quot;0&quot;, actual: &quot;--&quot;&#10;data[6].completedOrders: expected: &quot;0&quot;, actual: &quot;--&quot;&#10;data[6].currentOrder: expected: &quot;0&quot;, actual: &quot;--&quot;&#10;data[7].numOrders: expected: &quot;0&quot;, actual: &quot;--&quot;&#10;data[7].name: expected: &quot;OnCall&quot;, actual: &quot;Saurabh Tester4&quot;&#10;data[7].completedOrders: expected: &quot;0&quot;, actual: &quot;--&quot;&#10;data[7].stateCode: expected: 1, actual: -1&#10;data[7].mobileNo: expected: &quot;9148981148&quot;, actual: &quot;7868031245&quot;&#10;data[7].id: expected: &quot;5361126808223744&quot;, actual: &quot;5491729750818816&quot;&#10;data[7].currentOrder: expected: &quot;0&quot;, actual: &quot;--&quot;&#10;data[8].numOrders: expected: &quot;0&quot;, actual: &quot;--&quot;&#10;data[8].name: expected: &quot;Saurabh Tester4&quot;, actual: &quot;QASaurabh2&quot;&#10;data[8].completedOrders: expected: &quot;0&quot;, actual: &quot;--&quot;&#10;data[8].stateCode: expected: -1, actual: 1&#10;data[8].mobileNo: expected: &quot;7868031245&quot;, actual: &quot;7568031284&quot;&#10;data[8].id: expected: &quot;5491729750818816&quot;, actual: &quot;5668100972216320&quot;&#10;data[8].currentOrder: expected: &quot;0&quot;, actual: &quot;--&quot;&#10;data[9].numOrders: expected: &quot;0&quot;, actual: &quot;--&quot;&#10;data[9].name: expected: &quot;QASaurabh2&quot;, actual: &quot;Saurabh Tester9&quot;&#10;data[9].completedOrders: expected: &quot;0&quot;, actual: &quot;--&quot;&#10;data[9].stateCode: expected: 1, actual: -1&#10;data[9].mobileNo: expected: &quot;7568031284&quot;, actual: &quot;7869981247&quot;&#10;data[9].id: expected: &quot;5668100972216320&quot;, actual: &quot;5684372455817216&quot;&#10;data[9].currentOrder: expected: &quot;0&quot;, actual: &quot;--&quot;&#10;data[10].numOrders: expected: &quot;0&quot;, actual: &quot;--&quot;&#10;data[10].name: expected: &quot;Saurabh Tester9&quot;, actual: &quot;Saurabh Tester6&quot;&#10;data[10].completedOrders: expected: &quot;0&quot;, actual: &quot;--&quot;&#10;data[10].mobileNo: expected: &quot;7869981247&quot;, actual: &quot;7868041247&quot;&#10;data[10].id: expected: &quot;5684372455817216&quot;, actual: &quot;5688083307560960&quot;&#10;data[10].currentOrder: expected: &quot;0&quot;, actual: &quot;--&quot;&#10;data[11].numOrders: expected: &quot;0&quot;, actual: &quot;--&quot;&#10;data[11].name: expected: &quot;Saurabh Tester6&quot;, actual: &quot;Saurabh Tester100&quot;&#10;data[11].completedOrders: expected: &quot;0&quot;, actual: &quot;--&quot;&#10;data[11].mobileNo: expected: &quot;7868041247&quot;, actual: &quot;1001000100&quot;&#10;data[11].id: expected: &quot;5688083307560960&quot;, actual: &quot;5733307635466240&quot;&#10;data[11].currentOrder: expected: &quot;0&quot;, actual: &quot;--&quot;&#10;data[12].numOrders: expected: &quot;0&quot;, actual: &quot;--&quot;&#10;data[12].name: expected: &quot;Saurabh Tester100&quot;, actual: &quot;NavdeepAuriga&quot;&#10;data[12].completedOrders: expected: &quot;0&quot;, actual: &quot;--&quot;&#10;data[12].stateCode: expected: -1, actual: 1&#10;data[12].mobileNo: expected: &quot;1001000100&quot;, actual: &quot;9108876517&quot;&#10;data[12].id: expected: &quot;5733307635466240&quot;, actual: &quot;5736044737593344&quot;&#10;data[12].currentOrder: expected: &quot;0&quot;, actual: &quot;--&quot;&#10;data[13].numOrders: expected: &quot;0&quot;, actual: &quot;--&quot;&#10;data[13].name: expected: &quot;NavdeepAuriga&quot;, actual: &quot;Saurabh Tester10&quot;&#10;data[13].completedOrders: expected: &quot;0&quot;, actual: &quot;--&quot;&#10;data[13].stateCode: expected: 1, actual: -1&#10;data[13].mobileNo: expected: &quot;9108876517&quot;, actual: &quot;7869231247&quot;&#10;data[13].id: expected: &quot;5736044737593344&quot;, actual: &quot;5759482843889664&quot;&#10;data[13].currentOrder: expected: &quot;0&quot;, actual: &quot;--&quot;&#10;data[14].numOrders: expected: &quot;0&quot;, actual: &quot;--&quot;&#10;data[14].name: expected: &quot;Saurabh Tester10&quot;, actual: &quot;QASaurabh&quot;&#10;data[14].completedOrders: expected: &quot;0&quot;, actual: &quot;--&quot;&#10;data[14].stateCode: expected: -1, actual: 1&#10;data[14].mobileNo: expected: &quot;7869231247&quot;, actual: &quot;7791823335&quot;&#10;data[14].id: expected: &quot;5759482843889664&quot;, actual: &quot;5933932872728576&quot;&#10;data[14].currentOrder: expected: &quot;0&quot;, actual: &quot;--&quot;&#10;data[15].numOrders: expected: &quot;0&quot;, actual: &quot;--&quot;&#10;data[15].name: expected: &quot;QASaurabh&quot;, actual: &quot;Saurabh&quot;&#10;data[15].completedOrders: expected: &quot;0&quot;, actual: &quot;--&quot;&#10;data[15].stateCode: expected: 1, actual: -1&#10;data[15].mobileNo: expected: &quot;7791823335&quot;, actual: &quot;9599855555&quot;&#10;data[15].id: expected: &quot;5933932872728576&quot;, actual: &quot;5935030303981568&quot;&#10;data[15].currentOrder: expected: &quot;0&quot;, actual: &quot;--&quot;&#10;data[16].numOrders: expected: &quot;0&quot;, actual: &quot;--&quot;&#10;data[16].completedOrders: expected: &quot;0&quot;, actual: &quot;--&quot;&#10;data[16].currentOrder: expected: &quot;0&quot;, actual: &quot;--&quot;&#10;data[17].numOrders: expected: &quot;0&quot;, actual: &quot;--&quot;&#10;data[17].completedOrders: expected: &quot;0&quot;, actual: &quot;--&quot;&#10;data[17].currentOrder: expected: &quot;0&quot;, actual: &quot;--&quot;&#10;data[18].numOrders: expected: &quot;0&quot;, actual: &quot;--&quot;&#10;data[18].completedOrders: expected: &quot;0&quot;, actual: &quot;--&quot;&#10;data[18].currentOrder: expected: &quot;0&quot;, actual: &quot;--&quot;&#10;data[19].numOrders: expected: &quot;0&quot;, actual: &quot;--&quot;&#10;data[19].completedOrders: expected: &quot;0&quot;, actual: &quot;--&quot;&#10;data[19].currentOrder: expected: &quot;0&quot;, actual: &quot;--&quot;&#10;data[20].numOrders: expected: &quot;0&quot;, actual: &quot;--&quot;&#10;data[20].name: expected: &quot;Test100&quot;, actual: &quot;Saurabh Tester12&quot;&#10;data[20].completedOrders: expected: &quot;0&quot;, actual: &quot;--&quot;&#10;data[20].mobileNo: expected: &quot;1111111111&quot;, actual: &quot;8969231247&quot;&#10;data[20].id: expected: &quot;6227917713440768&quot;, actual: &quot;6296286110154752&quot;&#10;data[20].currentOrder: expected: &quot;0&quot;, actual: &quot;--&quot;&#10;data[21].numOrders: expected: &quot;0&quot;, actual: &quot;--&quot;&#10;data[21].name: expected: &quot;Saurabh Tester12&quot;, actual: &quot;QASaurabh100&quot;&#10;data[21].completedOrders: expected: &quot;0&quot;, actual: &quot;--&quot;&#10;data[21].mobileNo: expected: &quot;8969231247&quot;, actual: &quot;9660752415&quot;&#10;data[21].id: expected: &quot;6296286110154752&quot;, actual: &quot;6623937354006528&quot;&#10;data[21].currentOrder: expected: &quot;0&quot;, actual: &quot;--&quot;&#10;data[22]:&#10; expected: Datum&lt;numOrders=&quot;0&quot;, name=&quot;QASaurabh100&quot;, completedOrders=&quot;0&quot;, mobileNo=&quot;9660752415&quot;, payroll=null, cityId=&quot;jaipur&quot;, currentOrder=&quot;0&quot;, stationId=null, stateCode=-1, createdBy=null, id=&quot;6623937354006528&quot;&gt;&#10;   actual: --no match--&#10;&#10;data[23]:&#10; expected: Datum&lt;numOrders=&quot;0&quot;, name=&quot;SaurabhGrofers&quot;, completedOrders=&quot;0&quot;, mobileNo=&quot;9929790000&quot;, payroll=null, cityId=&quot;jaipur&quot;, currentOrder=&quot;0&quot;, stationId=null, stateCode=-1, createdBy=null, id=&quot;6667926375497728&quot;&gt;&#10;   actual: --no match--&#10;&#10;&#10;--- Difference detail tree ---&#10; expected: ShopperByCityIdResponse&lt;message=&quot;shoppers fetched!&quot;, data=[Datum&lt;numOrders=&quot;0&quot;, name=&quot;Sk&quot;, completedOrders=&quot;0&quot;, mobileNo=&quot;9686642941&quot;, payroll=null, cityId=&quot;jaipur&quot;, currentOrder=&quot;0&quot;, stationId=null, stateCode=1, createdBy=null, id=&quot;4904445116678144&quot;&gt;, Datum&lt;numOrders=&quot;0&quot;, name=&quot;Sahil&quot;, completedOrders=&quot;0&quot;, mobileNo=&quot;8058695344&quot;, payroll=null, cityId=&quot;jaipur&quot;, currentOrder=&quot;0&quot;, stationId=null, stateCode=1, createdBy=null, id=&quot;4905593080905728&quot;&gt;, Datum&lt;numOrders=&quot;0&quot;, name=&quot;saurabh Tester11&quot;, completedOrders=&quot;0&quot;, mobileNo=&quot;1234445555&quot;, payroll=null, cityId=&quot;jaipur&quot;, currentOrder=&quot;0&quot;, stationId=null, stateCode=-1, createdBy=null, id=&quot;5094657339949056&quot;&gt;, Datum&lt;numOrders=&quot;0&quot;, name=&quot;Saurabh Tester2&quot;, completedOrders=&quot;0&quot;, mobileNo=&quot;7368031285&quot;, payroll=null, cityId=&quot;jaipur&quot;, currentOrder=&quot;0&quot;, stationId=null, stateCode=-1, createdBy=null, id=&quot;5167746945908736&quot;&gt;, Datum&lt;numOrders=&quot;0&quot;, name=&quot;Saurabh Tester3&quot;, completedOrders=&quot;0&quot;, mobileNo=&quot;7868031285&quot;, payroll=null, cityId=&quot;jaipur&quot;, currentOrder=&quot;0&quot;, stationId=null, stateCode=-1, createdBy=null, id=&quot;5172775815741440&quot;&gt;, Datum&lt;numOrders=&quot;0&quot;, name=&quot;Saurabh Tester5&quot;, completedOrders=&quot;0&quot;, mobileNo=&quot;7868031247&quot;, payroll=null, cityId=&quot;jaipur&quot;, currentOrder=&quot;0&quot;, stationId=null, stateCode=-1, createdBy=null, id=&quot;5176692825915392&quot;&gt;, Datum&lt;numOrders=&quot;0&quot;, name=&quot;Saurabh Tester7&quot;, completedOrders=&quot;0&quot;, mobileNo=&quot;7868081247&quot;, payroll=null, cityId=&quot;jaipur&quot;, currentOrder=&quot;0&quot;, stationId=null, stateCode=-1, createdBy=null, id=&quot;5252924737323008&quot;&gt;, Datum&lt;numOrders=&quot;0&quot;, name=&quot;OnCall&quot;, completedOrders=&quot;0&quot;, mobileNo=&quot;9148981148&quot;, payroll=null, cityId=&quot;jaipur&quot;, currentOrder=&quot;0&quot;, stationId=null, stateCode=1, createdBy=null, id=&quot;5361126808223744&quot;&gt;, Datum&lt;numOrders=&quot;0&quot;, name=&quot;Saurabh Tester4&quot;, completedOrders=&quot;0&quot;, mobileNo=&quot;7868031245&quot;, payroll=null, cityId=&quot;jaipur&quot;, currentOrder=&quot;0&quot;, stationId=null, stateCode=-1, createdBy=null, id=&quot;5491729750818816&quot;&gt;, Datum&lt;numOrders=&quot;0&quot;, name=&quot;QASaurabh2&quot;, completedOrders=&quot;0&quot;, mobileNo=&quot;7568031284&quot;, payroll=null, cityId=&quot;jaipur&quot;, currentOrder=&quot;0&quot;, stationId=null, stateCode=1, createdBy=null, id=&quot;5668100972216320&quot;&gt;, Datum&lt;numOrders=&quot;0&quot;, name=&quot;Saurabh Tester9&quot;, completedOrders=&quot;0&quot;, mobileNo=&quot;7869981247&quot;, payroll=null, cityId=&quot;jaipur&quot;, currentOrder=&quot;0&quot;, stationId=null, stateCode=-1, createdBy=null, id=&quot;5684372455817216&quot;&gt;, Datum&lt;numOrders=&quot;0&quot;, name=&quot;Saurabh Tester6&quot;, completedOrders=&quot;0&quot;, mobileNo=&quot;7868041247&quot;, payroll=null, cityId=&quot;jaipur&quot;, currentOrder=&quot;0&quot;, stationId=null, stateCode=-1, createdBy=null, id=&quot;5688083307560960&quot;&gt;, Datum&lt;numOrders=&quot;0&quot;, name=&quot;Saurabh Tester100&quot;, completedOrders=&quot;0&quot;, mobileNo=&quot;1001000100&quot;, payroll=null, cityId=&quot;jaipur&quot;, currentOrder=&quot;0&quot;, stationId=null, stateCode=-1, createdBy=null, id=&quot;5733307635466240&quot;&gt;, Datum&lt;numOrders=&quot;0&quot;, name=&quot;NavdeepAuriga&quot;, completedOrders=&quot;0&quot;, mobileNo=&quot;9108876517&quot;, payroll=null, cityId=&quot;jaipur&quot;, currentOrder=&quot;0&quot;, stationId=null, stateCode=1, createdBy=null, id=&quot;5736044737593344&quot;&gt;, Datum&lt;numOrders=&quot;0&quot;, name=&quot;Saurabh Tester10&quot;, completedOrders=&quot;0&quot;, mobileNo=&quot;7869231247&quot;, payroll=null, cityId=&quot;jaipur&quot;, currentOrder=&quot;0&quot;, stationId=null, stateCode=-1, createdBy=null, id=&quot;5759482843889664&quot;&gt;, ...], success=true&gt;&#10;   actual: ShopperByCityIdResponse&lt;message=&quot;shoppers fetched!&quot;, data=[Datum&lt;numOrders=&quot;--&quot;, name=&quot;Sk&quot;, completedOrders=&quot;--&quot;, mobileNo=&quot;9686642940&quot;, payroll=null, cityId=&quot;jaipur&quot;, currentOrder=&quot;--&quot;, stationId=null, stateCode=1, createdBy=null, id=&quot;4904445116678144&quot;&gt;, Datum&lt;numOrders=&quot;--&quot;, name=&quot;Sahil&quot;, completedOrders=&quot;--&quot;, mobileNo=&quot;8058695344&quot;, payroll=null, cityId=&quot;jaipur&quot;, currentOrder=&quot;--&quot;, stationId=null, stateCode=1, createdBy=null, id=&quot;4905593080905728&quot;&gt;, Datum&lt;numOrders=&quot;--&quot;, name=&quot;saurabh Tester11&quot;, completedOrders=&quot;--&quot;, mobileNo=&quot;1234445555&quot;, payroll=null, cityId=&quot;jaipur&quot;, currentOrder=&quot;--&quot;, stationId=null, stateCode=-1, createdBy=null, id=&quot;5094657339949056&quot;&gt;, Datum&lt;numOrders=&quot;--&quot;, name=&quot;Saurabh Tester2&quot;, completedOrders=&quot;--&quot;, mobileNo=&quot;7368031285&quot;, payroll=null, cityId=&quot;jaipur&quot;, currentOrder=&quot;--&quot;, stationId=null, stateCode=-1, createdBy=null, id=&quot;5167746945908736&quot;&gt;, Datum&lt;numOrders=&quot;--&quot;, name=&quot;Saurabh Tester3&quot;, completedOrders=&quot;--&quot;, mobileNo=&quot;7868031285&quot;, payroll=null, cityId=&quot;jaipur&quot;, currentOrder=&quot;--&quot;, stationId=null, stateCode=-1, createdBy=null, id=&quot;5172775815741440&quot;&gt;, Datum&lt;numOrders=&quot;--&quot;, name=&quot;Saurabh Tester5&quot;, completedOrders=&quot;--&quot;, mobileNo=&quot;7868031247&quot;, payroll=null, cityId=&quot;jaipur&quot;, currentOrder=&quot;--&quot;, stationId=null, stateCode=-1, createdBy=null, id=&quot;5176692825915392&quot;&gt;, Datum&lt;numOrders=&quot;--&quot;, name=&quot;Saurabh Tester7&quot;, completedOrders=&quot;--&quot;, mobileNo=&quot;7868081247&quot;, payroll=null, cityId=&quot;jaipur&quot;, currentOrder=&quot;--&quot;, stationId=null, stateCode=-1, createdBy=null, id=&quot;5252924737323008&quot;&gt;, Datum&lt;numOrders=&quot;--&quot;, name=&quot;Saurabh Tester4&quot;, completedOrders=&quot;--&quot;, mobileNo=&quot;7868031245&quot;, payroll=null, cityId=&quot;jaipur&quot;, currentOrder=&quot;--&quot;, stationId=null, stateCode=-1, createdBy=null, id=&quot;5491729750818816&quot;&gt;, Datum&lt;numOrders=&quot;--&quot;, name=&quot;QASaurabh2&quot;, completedOrders=&quot;--&quot;, mobileNo=&quot;7568031284&quot;, payroll=null, cityId=&quot;jaipur&quot;, currentOrder=&quot;--&quot;, stationId=null, stateCode=1, createdBy=null, id=&quot;5668100972216320&quot;&gt;, Datum&lt;numOrders=&quot;--&quot;, name=&quot;Saurabh Tester9&quot;, completedOrders=&quot;--&quot;, mobileNo=&quot;7869981247&quot;, payroll=null, cityId=&quot;jaipur&quot;, currentOrder=&quot;--&quot;, stationId=null, stateCode=-1, createdBy=null, id=&quot;5684372455817216&quot;&gt;, Datum&lt;numOrders=&quot;--&quot;, name=&quot;Saurabh Tester6&quot;, completedOrders=&quot;--&quot;, mobileNo=&quot;7868041247&quot;, payroll=null, cityId=&quot;jaipur&quot;, currentOrder=&quot;--&quot;, stationId=null, stateCode=-1, createdBy=null, id=&quot;5688083307560960&quot;&gt;, Datum&lt;numOrders=&quot;--&quot;, name=&quot;Saurabh Tester100&quot;, completedOrders=&quot;--&quot;, mobileNo=&quot;1001000100&quot;, payroll=null, cityId=&quot;jaipur&quot;, currentOrder=&quot;--&quot;, stationId=null, stateCode=-1, createdBy=null, id=&quot;5733307635466240&quot;&gt;, Datum&lt;numOrders=&quot;--&quot;, name=&quot;NavdeepAuriga&quot;, completedOrders=&quot;--&quot;, mobileNo=&quot;9108876517&quot;, payroll=null, cityId=&quot;jaipur&quot;, currentOrder=&quot;--&quot;, stationId=null, stateCode=1, createdBy=null, id=&quot;5736044737593344&quot;&gt;, Datum&lt;numOrders=&quot;--&quot;, name=&quot;Saurabh Tester10&quot;, completedOrders=&quot;--&quot;, mobileNo=&quot;7869231247&quot;, payroll=null, cityId=&quot;jaipur&quot;, currentOrder=&quot;--&quot;, stationId=null, stateCode=-1, createdBy=null, id=&quot;5759482843889664&quot;&gt;, Datum&lt;numOrders=&quot;--&quot;, name=&quot;QASaurabh&quot;, completedOrders=&quot;--&quot;, mobileNo=&quot;7791823335&quot;, payroll=null, cityId=&quot;jaipur&quot;, currentOrder=&quot;--&quot;, stationId=null, stateCode=1, createdBy=null, id=&quot;5933932872728576&quot;&gt;, ...], success=true&gt;&#10;&#10;data expected: [Datum&lt;numOrders=&quot;0&quot;, name=&quot;Sk&quot;, completedOrders=&quot;0&quot;, mobileNo=&quot;9686642941&quot;, payroll=null, cityId=&quot;jaipur&quot;, currentOrder=&quot;0&quot;, stationId=null, stateCode=1, createdBy=null, id=&quot;4904445116678144&quot;&gt;, Datum&lt;numOrders=&quot;0&quot;, name=&quot;Sahil&quot;, completedOrders=&quot;0&quot;, mobileNo=&quot;8058695344&quot;, payroll=null, cityId=&quot;jaipur&quot;, currentOrder=&quot;0&quot;, stationId=null, stateCode=1, createdBy=null, id=&quot;4905593080905728&quot;&gt;, Datum&lt;numOrders=&quot;0&quot;, name=&quot;saurabh Tester11&quot;, completedOrders=&quot;0&quot;, mobileNo=&quot;1234445555&quot;, payroll=null, cityId=&quot;jaipur&quot;, currentOrder=&quot;0&quot;, stationId=null, stateCode=-1, createdBy=null, id=&quot;5094657339949056&quot;&gt;, Datum&lt;numOrders=&quot;0&quot;, name=&quot;Saurabh Tester2&quot;, completedOrders=&quot;0&quot;, mobileNo=&quot;7368031285&quot;, payroll=null, cityId=&quot;jaipur&quot;, currentOrder=&quot;0&quot;, stationId=null, stateCode=-1, createdBy=null, id=&quot;5167746945908736&quot;&gt;, Datum&lt;numOrders=&quot;0&quot;, name=&quot;Saurabh Tester3&quot;, completedOrders=&quot;0&quot;, mobileNo=&quot;7868031285&quot;, payroll=null, cityId=&quot;jaipur&quot;, currentOrder=&quot;0&quot;, stationId=null, stateCode=-1, createdBy=null, id=&quot;5172775815741440&quot;&gt;, Datum&lt;numOrders=&quot;0&quot;, name=&quot;Saurabh Tester5&quot;, completedOrders=&quot;0&quot;, mobileNo=&quot;7868031247&quot;, payroll=null, cityId=&quot;jaipur&quot;, currentOrder=&quot;0&quot;, stationId=null, stateCode=-1, createdBy=null, id=&quot;5176692825915392&quot;&gt;, Datum&lt;numOrders=&quot;0&quot;, name=&quot;Saurabh Tester7&quot;, completedOrders=&quot;0&quot;, mobileNo=&quot;7868081247&quot;, payroll=null, cityId=&quot;jaipur&quot;, currentOrder=&quot;0&quot;, stationId=null, stateCode=-1, createdBy=null, id=&quot;5252924737323008&quot;&gt;, Datum&lt;numOrders=&quot;0&quot;, name=&quot;OnCall&quot;, completedOrders=&quot;0&quot;, mobileNo=&quot;9148981148&quot;, payroll=null, cityId=&quot;jaipur&quot;, currentOrder=&quot;0&quot;, stationId=null, stateCode=1, createdBy=null, id=&quot;5361126808223744&quot;&gt;, Datum&lt;numOrders=&quot;0&quot;, name=&quot;Saurabh Tester4&quot;, completedOrders=&quot;0&quot;, mobileNo=&quot;7868031245&quot;, payroll=null, cityId=&quot;jaipur&quot;, currentOrder=&quot;0&quot;, stationId=null, stateCode=-1, createdBy=null, id=&quot;5491729750818816&quot;&gt;, Datum&lt;numOrders=&quot;0&quot;, name=&quot;QASaurabh2&quot;, completedOrders=&quot;0&quot;, mobileNo=&quot;7568031284&quot;, payroll=null, cityId=&quot;jaipur&quot;, currentOrder=&quot;0&quot;, stationId=null, stateCode=1, createdBy=null, id=&quot;5668100972216320&quot;&gt;, Datum&lt;numOrders=&quot;0&quot;, name=&quot;Saurabh Tester9&quot;, completedOrders=&quot;0&quot;, mobileNo=&quot;7869981247&quot;, payroll=null, cityId=&quot;jaipur&quot;, currentOrder=&quot;0&quot;, stationId=null, stateCode=-1, createdBy=null, id=&quot;5684372455817216&quot;&gt;, Datum&lt;numOrders=&quot;0&quot;, name=&quot;Saurabh Tester6&quot;, completedOrders=&quot;0&quot;, mobileNo=&quot;7868041247&quot;, payroll=null, cityId=&quot;jaipur&quot;, currentOrder=&quot;0&quot;, stationId=null, stateCode=-1, createdBy=null, id=&quot;5688083307560960&quot;&gt;, Datum&lt;numOrders=&quot;0&quot;, name=&quot;Saurabh Tester100&quot;, completedOrders=&quot;0&quot;, mobileNo=&quot;1001000100&quot;, payroll=null, cityId=&quot;jaipur&quot;, currentOrder=&quot;0&quot;, stationId=null, stateCode=-1, createdBy=null, id=&quot;5733307635466240&quot;&gt;, Datum&lt;numOrders=&quot;0&quot;, name=&quot;NavdeepAuriga&quot;, completedOrders=&quot;0&quot;, mobileNo=&quot;9108876517&quot;, payroll=null, cityId=&quot;jaipur&quot;, currentOrder=&quot;0&quot;, stationId=null, stateCode=1, createdBy=null, id=&quot;5736044737593344&quot;&gt;, Datum&lt;numOrders=&quot;0&quot;, name=&quot;Saurabh Tester10&quot;, completedOrders=&quot;0&quot;, mobileNo=&quot;7869231247&quot;, payroll=null, cityId=&quot;jaipur&quot;, currentOrder=&quot;0&quot;, stationId=null, stateCode=-1, createdBy=null, id=&quot;5759482843889664&quot;&gt;, ...]&#10;data   actual: [Datum&lt;numOrders=&quot;--&quot;, name=&quot;Sk&quot;, completedOrders=&quot;--&quot;, mobileNo=&quot;9686642940&quot;, payroll=null, cityId=&quot;jaipur&quot;, currentOrder=&quot;--&quot;, stationId=null, stateCode=1, createdBy=null, id=&quot;4904445116678144&quot;&gt;, Datum&lt;numOrders=&quot;--&quot;, name=&quot;Sahil&quot;, completedOrders=&quot;--&quot;, mobileNo=&quot;8058695344&quot;, payroll=null, cityId=&quot;jaipur&quot;, currentOrder=&quot;--&quot;, stationId=null, stateCode=1, createdBy=null, id=&quot;4905593080905728&quot;&gt;, Datum&lt;numOrders=&quot;--&quot;, name=&quot;saurabh Tester11&quot;, completedOrders=&quot;--&quot;, mobileNo=&quot;1234445555&quot;, payroll=null, cityId=&quot;jaipur&quot;, currentOrder=&quot;--&quot;, stationId=null, stateCode=-1, createdBy=null, id=&quot;5094657339949056&quot;&gt;, Datum&lt;numOrders=&quot;--&quot;, name=&quot;Saurabh Tester2&quot;, completedOrders=&quot;--&quot;, mobileNo=&quot;7368031285&quot;, payroll=null, cityId=&quot;jaipur&quot;, currentOrder=&quot;--&quot;, stationId=null, stateCode=-1, createdBy=null, id=&quot;5167746945908736&quot;&gt;, Datum&lt;numOrders=&quot;--&quot;, name=&quot;Saurabh Tester3&quot;, completedOrders=&quot;--&quot;, mobileNo=&quot;7868031285&quot;, payroll=null, cityId=&quot;jaipur&quot;, currentOrder=&quot;--&quot;, stationId=null, stateCode=-1, createdBy=null, id=&quot;5172775815741440&quot;&gt;, Datum&lt;numOrders=&quot;--&quot;, name=&quot;Saurabh Tester5&quot;, completedOrders=&quot;--&quot;, mobileNo=&quot;7868031247&quot;, payroll=null, cityId=&quot;jaipur&quot;, currentOrder=&quot;--&quot;, stationId=null, stateCode=-1, createdBy=null, id=&quot;5176692825915392&quot;&gt;, Datum&lt;numOrders=&quot;--&quot;, name=&quot;Saurabh Tester7&quot;, completedOrders=&quot;--&quot;, mobileNo=&quot;7868081247&quot;, payroll=null, cityId=&quot;jaipur&quot;, currentOrder=&quot;--&quot;, stationId=null, stateCode=-1, createdBy=null, id=&quot;5252924737323008&quot;&gt;, Datum&lt;numOrders=&quot;--&quot;, name=&quot;Saurabh Tester4&quot;, completedOrders=&quot;--&quot;, mobileNo=&quot;7868031245&quot;, payroll=null, cityId=&quot;jaipur&quot;, currentOrder=&quot;--&quot;, stationId=null, stateCode=-1, createdBy=null, id=&quot;5491729750818816&quot;&gt;, Datum&lt;numOrders=&quot;--&quot;, name=&quot;QASaurabh2&quot;, completedOrders=&quot;--&quot;, mobileNo=&quot;7568031284&quot;, payroll=null, cityId=&quot;jaipur&quot;, currentOrder=&quot;--&quot;, stationId=null, stateCode=1, createdBy=null, id=&quot;5668100972216320&quot;&gt;, Datum&lt;numOrders=&quot;--&quot;, name=&quot;Saurabh Tester9&quot;, completedOrders=&quot;--&quot;, mobileNo=&quot;7869981247&quot;, payroll=null, cityId=&quot;jaipur&quot;, currentOrder=&quot;--&quot;, stationId=null, stateCode=-1, createdBy=null, id=&quot;5684372455817216&quot;&gt;, Datum&lt;numOrders=&quot;--&quot;, name=&quot;Saurabh Tester6&quot;, completedOrders=&quot;--&quot;, mobileNo=&quot;7868041247&quot;, payroll=null, cityId=&quot;jaipur&quot;, currentOrder=&quot;--&quot;, stationId=null, stateCode=-1, createdBy=null, id=&quot;5688083307560960&quot;&gt;, Datum&lt;numOrders=&quot;--&quot;, name=&quot;Saurabh Tester100&quot;, completedOrders=&quot;--&quot;, mobileNo=&quot;1001000100&quot;, payroll=null, cityId=&quot;jaipur&quot;, currentOrder=&quot;--&quot;, stationId=null, stateCode=-1, createdBy=null, id=&quot;5733307635466240&quot;&gt;, Datum&lt;numOrders=&quot;--&quot;, name=&quot;NavdeepAuriga&quot;, completedOrders=&quot;--&quot;, mobileNo=&quot;9108876517&quot;, payroll=null, cityId=&quot;jaipur&quot;, currentOrder=&quot;--&quot;, stationId=null, stateCode=1, createdBy=null, id=&quot;5736044737593344&quot;&gt;, Datum&lt;numOrders=&quot;--&quot;, name=&quot;Saurabh Tester10&quot;, completedOrders=&quot;--&quot;, mobileNo=&quot;7869231247&quot;, payroll=null, cityId=&quot;jaipur&quot;, currentOrder=&quot;--&quot;, stationId=null, stateCode=-1, createdBy=null, id=&quot;5759482843889664&quot;&gt;, Datum&lt;numOrders=&quot;--&quot;, name=&quot;QASaurabh&quot;, completedOrders=&quot;--&quot;, mobileNo=&quot;7791823335&quot;, payroll=null, cityId=&quot;jaipur&quot;, currentOrder=&quot;--&quot;, stationId=null, stateCode=1, createdBy=null, id=&quot;5933932872728576&quot;&gt;, ...]&#10;&#10;data[0] expected: Datum&lt;numOrders=&quot;0&quot;, name=&quot;Sk&quot;, completedOrders=&quot;0&quot;, mobileNo=&quot;9686642941&quot;, payroll=null, cityId=&quot;jaipur&quot;, currentOrder=&quot;0&quot;, stationId=null, stateCode=1, createdBy=null, id=&quot;4904445116678144&quot;&gt;&#10;data[0]   actual: Datum&lt;numOrders=&quot;--&quot;, name=&quot;Sk&quot;, completedOrders=&quot;--&quot;, mobileNo=&quot;9686642940&quot;, payroll=null, cityId=&quot;jaipur&quot;, currentOrder=&quot;--&quot;, stationId=null, stateCode=1, createdBy=null, id=&quot;4904445116678144&quot;&gt;&#10;&#10;data[0].numOrders expected: &quot;0&quot;&#10;data[0].numOrders   actual: &quot;--&quot;&#10;&#10;data[0].completedOrders expected: &quot;0&quot;&#10;data[0].completedOrders   actual: &quot;--&quot;&#10;&#10;data[0].mobileNo expected: &quot;9686642941&quot;&#10;data[0].mobileNo   actual: &quot;9686642940&quot;&#10;&#10;data[0].currentOrder expected: &quot;0&quot;&#10;data[0].currentOrder   actual: &quot;--&quot;&#10;&#10;data[1] expected: Datum&lt;numOrders=&quot;0&quot;, name=&quot;Sahil&quot;, completedOrders=&quot;0&quot;, mobileNo=&quot;8058695344&quot;, payroll=null, cityId=&quot;jaipur&quot;, currentOrder=&quot;0&quot;, stationId=null, stateCode=1, createdBy=null, id=&quot;4905593080905728&quot;&gt;&#10;data[1]   actual: Datum&lt;numOrders=&quot;--&quot;, name=&quot;Sahil&quot;, completedOrders=&quot;--&quot;, mobileNo=&quot;8058695344&quot;, payroll=null, cityId=&quot;jaipur&quot;, currentOrder=&quot;--&quot;, stationId=null, stateCode=1, createdBy=null, id=&quot;4905593080905728&quot;&gt;&#10;&#10;data[1].numOrders expected: &quot;0&quot;&#10;data[1].numOrders   actual: &quot;--&quot;&#10;&#10;data[1].completedOrders expected: &quot;0&quot;&#10;data[1].completedOrders   actual: &quot;--&quot;&#10;&#10;data[1].currentOrder expected: &quot;0&quot;&#10;data[1].currentOrder   actual: &quot;--&quot;&#10;&#10;data[2] expected: Datum&lt;numOrders=&quot;0&quot;, name=&quot;saurabh Tester11&quot;, completedOrders=&quot;0&quot;, mobileNo=&quot;1234445555&quot;, payroll=null, cityId=&quot;jaipur&quot;, currentOrder=&quot;0&quot;, stationId=null, stateCode=-1, createdBy=null, id=&quot;5094657339949056&quot;&gt;&#10;data[2]   actual: Datum&lt;numOrders=&quot;--&quot;, name=&quot;saurabh Tester11&quot;, completedOrders=&quot;--&quot;, mobileNo=&quot;1234445555&quot;, payroll=null, cityId=&quot;jaipur&quot;, currentOrder=&quot;--&quot;, stationId=null, stateCode=-1, createdBy=null, id=&quot;5094657339949056&quot;&gt;&#10;&#10;data[2].numOrders expected: &quot;0&quot;&#10;data[2].numOrders   actual: &quot;--&quot;&#10;&#10;data[2].completedOrders expected: &quot;0&quot;&#10;data[2].completedOrders   actual: &quot;--&quot;&#10;&#10;data[2].currentOrder expected: &quot;0&quot;&#10;data[2].currentOrder   actual: &quot;--&quot;&#10;&#10;data[3] expected: Datum&lt;numOrders=&quot;0&quot;, name=&quot;Saurabh Tester2&quot;, completedOrders=&quot;0&quot;, mobileNo=&quot;7368031285&quot;, payroll=null, cityId=&quot;jaipur&quot;, currentOrder=&quot;0&quot;, stationId=null, stateCode=-1, createdBy=null, id=&quot;5167746945908736&quot;&gt;&#10;data[3]   actual: Datum&lt;numOrders=&quot;--&quot;, name=&quot;Saurabh Tester2&quot;, completedOrders=&quot;--&quot;, mobileNo=&quot;7368031285&quot;, payroll=null, cityId=&quot;jaipur&quot;, currentOrder=&quot;--&quot;, stationId=null, stateCode=-1, createdBy=null, id=&quot;5167746945908736&quot;&gt;&#10;&#10;data[3].numOrders expected: &quot;0&quot;&#10;data[3].numOrders   actual: &quot;--&quot;&#10;&#10;data[3].completedOrders expected: &quot;0&quot;&#10;data[3].completedOrders   actual: &quot;--&quot;&#10;&#10;data[3].currentOrder expected: &quot;0&quot;&#10;data[3].currentOrder   actual: &quot;--&quot;&#10;&#10;data[4] expected: Datum&lt;numOrders=&quot;0&quot;, name=&quot;Saurabh Tester3&quot;, completedOrders=&quot;0&quot;, mobileNo=&quot;7868031285&quot;, payroll=null, cityId=&quot;jaipur&quot;, currentOrder=&quot;0&quot;, stationId=null, stateCode=-1, createdBy=null, id=&quot;5172775815741440&quot;&gt;&#10;data[4]   actual: Datum&lt;numOrders=&quot;--&quot;, name=&quot;Saurabh Tester3&quot;, completedOrders=&quot;--&quot;, mobileNo=&quot;7868031285&quot;, payroll=null, cityId=&quot;jaipur&quot;, currentOrder=&quot;--&quot;, stationId=null, stateCode=-1, createdBy=null, id=&quot;5172775815741440&quot;&gt;&#10;&#10;data[4].numOrders expected: &quot;0&quot;&#10;data[4].numOrders   actual: &quot;--&quot;&#10;&#10;data[4].completedOrders expected: &quot;0&quot;&#10;data[4].completedOrders   actual: &quot;--&quot;&#10;&#10;data[4].currentOrder expected: &quot;0&quot;&#10;data[4].currentOrder   actual: &quot;--&quot;&#10;&#10;data[5] expected: Datum&lt;numOrders=&quot;0&quot;, name=&quot;Saurabh Tester5&quot;, completedOrders=&quot;0&quot;, mobileNo=&quot;7868031247&quot;, payroll=null, cityId=&quot;jaipur&quot;, currentOrder=&quot;0&quot;, stationId=null, stateCode=-1, createdBy=null, id=&quot;5176692825915392&quot;&gt;&#10;data[5]   actual: Datum&lt;numOrders=&quot;--&quot;, name=&quot;Saurabh Tester5&quot;, completedOrders=&quot;--&quot;, mobileNo=&quot;7868031247&quot;, payroll=null, cityId=&quot;jaipur&quot;, currentOrder=&quot;--&quot;, stationId=null, stateCode=-1, createdBy=null, id=&quot;5176692825915392&quot;&gt;&#10;&#10;data[5].numOrders expected: &quot;0&quot;&#10;data[5].numOrders   actual: &quot;--&quot;&#10;&#10;data[5].completedOrders expected: &quot;0&quot;&#10;data[5].completedOrders   actual: &quot;--&quot;&#10;&#10;data[5].currentOrder expected: &quot;0&quot;&#10;data[5].currentOrder   actual: &quot;--&quot;&#10;&#10;data[6] expected: Datum&lt;numOrders=&quot;0&quot;, name=&quot;Saurabh Tester7&quot;, completedOrders=&quot;0&quot;, mobileNo=&quot;7868081247&quot;, payroll=null, cityId=&quot;jaipur&quot;, currentOrder=&quot;0&quot;, stationId=null, stateCode=-1, createdBy=null, id=&quot;5252924737323008&quot;&gt;&#10;data[6]   actual: Datum&lt;numOrders=&quot;--&quot;, name=&quot;Saurabh Tester7&quot;, completedOrders=&quot;--&quot;, mobileNo=&quot;7868081247&quot;, payroll=null, cityId=&quot;jaipur&quot;, currentOrder=&quot;--&quot;, stationId=null, stateCode=-1, createdBy=null, id=&quot;5252924737323008&quot;&gt;&#10;&#10;data[6].numOrders expected: &quot;0&quot;&#10;data[6].numOrders   actual: &quot;--&quot;&#10;&#10;data[6].completedOrders expected: &quot;0&quot;&#10;data[6].completedOrders   actual: &quot;--&quot;&#10;&#10;data[6].currentOrder expected: &quot;0&quot;&#10;data[6].currentOrder   actual: &quot;--&quot;&#10;&#10;data[7] expected: Datum&lt;numOrders=&quot;0&quot;, name=&quot;OnCall&quot;, completedOrders=&quot;0&quot;, mobileNo=&quot;9148981148&quot;, payroll=null, cityId=&quot;jaipur&quot;, currentOrder=&quot;0&quot;, stationId=null, stateCode=1, createdBy=null, id=&quot;5361126808223744&quot;&gt;&#10;data[7]   actual: Datum&lt;numOrders=&quot;--&quot;, name=&quot;Saurabh Tester4&quot;, completedOrders=&quot;--&quot;, mobileNo=&quot;7868031245&quot;, payroll=null, cityId=&quot;jaipur&quot;, currentOrder=&quot;--&quot;, stationId=null, stateCode=-1, createdBy=null, id=&quot;5491729750818816&quot;&gt;&#10;&#10;data[7].numOrders expected: &quot;0&quot;&#10;data[7].numOrders   actual: &quot;--&quot;&#10;&#10;data[7].name expected: &quot;OnCall&quot;&#10;data[7].name   actual: &quot;Saurabh Tester4&quot;&#10;&#10;data[7].completedOrders expected: &quot;0&quot;&#10;data[7].completedOrders   actual: &quot;--&quot;&#10;&#10;data[7].stateCode expected: 1&#10;data[7].stateCode   actual: -1&#10;&#10;data[7].mobileNo expected: &quot;9148981148&quot;&#10;data[7].mobileNo   actual: &quot;7868031245&quot;&#10;&#10;data[7].id expected: &quot;5361126808223744&quot;&#10;data[7].id   actual: &quot;5491729750818816&quot;&#10;&#10;data[7].currentOrder expected: &quot;0&quot;&#10;data[7].currentOrder   actual: &quot;--&quot;&#10;&#10;data[8] expected: Datum&lt;numOrders=&quot;0&quot;, name=&quot;Saurabh Tester4&quot;, completedOrders=&quot;0&quot;, mobileNo=&quot;7868031245&quot;, payroll=null, cityId=&quot;jaipur&quot;, currentOrder=&quot;0&quot;, stationId=null, stateCode=-1, createdBy=null, id=&quot;5491729750818816&quot;&gt;&#10;data[8]   actual: Datum&lt;numOrders=&quot;--&quot;, name=&quot;QASaurabh2&quot;, completedOrders=&quot;--&quot;, mobileNo=&quot;7568031284&quot;, payroll=null, cityId=&quot;jaipur&quot;, currentOrder=&quot;--&quot;, stationId=null, stateCode=1, createdBy=null, id=&quot;5668100972216320&quot;&gt;&#10;&#10;data[8].numOrders expected: &quot;0&quot;&#10;data[8].numOrders   actual: &quot;--&quot;&#10;&#10;data[8].name expected: &quot;Saurabh Tester4&quot;&#10;data[8].name   actual: &quot;QASaurabh2&quot;&#10;&#10;data[8].completedOrders expected: &quot;0&quot;&#10;data[8].completedOrders   actual: &quot;--&quot;&#10;&#10;data[8].stateCode expected: -1&#10;data[8].stateCode   actual: 1&#10;&#10;data[8].mobileNo expected: &quot;7868031245&quot;&#10;data[8].mobileNo   actual: &quot;7568031284&quot;&#10;&#10;data[8].id expected: &quot;5491729750818816&quot;&#10;data[8].id   actual: &quot;5668100972216320&quot;&#10;&#10;data[8].currentOrder expected: &quot;0&quot;&#10;data[8].currentOrder   actual: &quot;--&quot;&#10;&#10;data[9] expected: Datum&lt;numOrders=&quot;0&quot;, name=&quot;QASaurabh2&quot;, completedOrders=&quot;0&quot;, mobileNo=&quot;7568031284&quot;, payroll=null, cityId=&quot;jaipur&quot;, currentOrder=&quot;0&quot;, stationId=null, stateCode=1, createdBy=null, id=&quot;5668100972216320&quot;&gt;&#10;data[9]   actual: Datum&lt;numOrders=&quot;--&quot;, name=&quot;Saurabh Tester9&quot;, completedOrders=&quot;--&quot;, mobileNo=&quot;7869981247&quot;, payroll=null, cityId=&quot;jaipur&quot;, currentOrder=&quot;--&quot;, stationId=null, stateCode=-1, createdBy=null, id=&quot;5684372455817216&quot;&gt;&#10;&#10;data[9].numOrders expected: &quot;0&quot;&#10;data[9].numOrders   actual: &quot;--&quot;&#10;&#10;data[9].name expected: &quot;QASaurabh2&quot;&#10;data[9].name   actual: &quot;Saurabh Tester9&quot;&#10;&#10;data[9].completedOrders expected: &quot;0&quot;&#10;data[9].completedOrders   actual: &quot;--&quot;&#10;&#10;data[9].stateCode expected: 1&#10;data[9].stateCode   actual: -1&#10;&#10;data[9].mobileNo expected: &quot;7568031284&quot;&#10;data[9].mobileNo   actual: &quot;7869981247&quot;&#10;&#10;data[9].id expected: &quot;5668100972216320&quot;&#10;data[9].id   actual: &quot;5684372455817216&quot;&#10;&#10;data[9].currentOrder expected: &quot;0&quot;&#10;data[9].currentOrder   actual: &quot;--&quot;&#10;&#10;data[10] expected: Datum&lt;numOrders=&quot;0&quot;, name=&quot;Saurabh Tester9&quot;, completedOrders=&quot;0&quot;, mobileNo=&quot;7869981247&quot;, payroll=null, cityId=&quot;jaipur&quot;, currentOrder=&quot;0&quot;, stationId=null, stateCode=-1, createdBy=null, id=&quot;5684372455817216&quot;&gt;&#10;data[10]   actual: Datum&lt;numOrders=&quot;--&quot;, name=&quot;Saurabh Tester6&quot;, completedOrders=&quot;--&quot;, mobileNo=&quot;7868041247&quot;, payroll=null, cityId=&quot;jaipur&quot;, currentOrder=&quot;--&quot;, stationId=null, stateCode=-1, createdBy=null, id=&quot;5688083307560960&quot;&gt;&#10;&#10;data[10].numOrders expected: &quot;0&quot;&#10;data[10].numOrders   actual: &quot;--&quot;&#10;&#10;data[10].name expected: &quot;Saurabh Tester9&quot;&#10;data[10].name   actual: &quot;Saurabh Tester6&quot;&#10;&#10;data[10].completedOrders expected: &quot;0&quot;&#10;data[10].completedOrders   actual: &quot;--&quot;&#10;&#10;data[10].mobileNo expected: &quot;7869981247&quot;&#10;data[10].mobileNo   actual: &quot;7868041247&quot;&#10;&#10;data[10].id expected: &quot;5684372455817216&quot;&#10;data[10].id   actual: &quot;5688083307560960&quot;&#10;&#10;data[10].currentOrder expected: &quot;0&quot;&#10;data[10].currentOrder   actual: &quot;--&quot;&#10;&#10;data[11] expected: Datum&lt;numOrders=&quot;0&quot;, name=&quot;Saurabh Tester6&quot;, completedOrders=&quot;0&quot;, mobileNo=&quot;7868041247&quot;, payroll=null, cityId=&quot;jaipur&quot;, currentOrder=&quot;0&quot;, stationId=null, stateCode=-1, createdBy=null, id=&quot;5688083307560960&quot;&gt;&#10;data[11]   actual: Datum&lt;numOrders=&quot;--&quot;, name=&quot;Saurabh Tester100&quot;, completedOrders=&quot;--&quot;, mobileNo=&quot;1001000100&quot;, payroll=null, cityId=&quot;jaipur&quot;, currentOrder=&quot;--&quot;, stationId=null, stateCode=-1, createdBy=null, id=&quot;5733307635466240&quot;&gt;&#10;&#10;data[11].numOrders expected: &quot;0&quot;&#10;data[11].numOrders   actual: &quot;--&quot;&#10;&#10;data[11].name expected: &quot;Saurabh Tester6&quot;&#10;data[11].name   actual: &quot;Saurabh Tester100&quot;&#10;&#10;data[11].completedOrders expected: &quot;0&quot;&#10;data[11].completedOrders   actual: &quot;--&quot;&#10;&#10;data[11].mobileNo expected: &quot;7868041247&quot;&#10;data[11].mobileNo   actual: &quot;1001000100&quot;&#10;&#10;data[11].id expected: &quot;5688083307560960&quot;&#10;data[11].id   actual: &quot;5733307635466240&quot;&#10;&#10;data[11].currentOrder expected: &quot;0&quot;&#10;data[11].currentOrder   actual: &quot;--&quot;&#10;&#10;data[12] expected: Datum&lt;numOrders=&quot;0&quot;, name=&quot;Saurabh Tester100&quot;, completedOrders=&quot;0&quot;, mobileNo=&quot;1001000100&quot;, payroll=null, cityId=&quot;jaipur&quot;, currentOrder=&quot;0&quot;, stationId=null, stateCode=-1, createdBy=null, id=&quot;5733307635466240&quot;&gt;&#10;data[12]   actual: Datum&lt;numOrders=&quot;--&quot;, name=&quot;NavdeepAuriga&quot;, completedOrders=&quot;--&quot;, mobileNo=&quot;9108876517&quot;, payroll=null, cityId=&quot;jaipur&quot;, currentOrder=&quot;--&quot;, stationId=null, stateCode=1, createdBy=null, id=&quot;5736044737593344&quot;&gt;&#10;&#10;data[12].numOrders expected: &quot;0&quot;&#10;data[12].numOrders   actual: &quot;--&quot;&#10;&#10;data[12].name expected: &quot;Saurabh Tester100&quot;&#10;data[12].name   actual: &quot;NavdeepAuriga&quot;&#10;&#10;data[12].completedOrders expected: &quot;0&quot;&#10;data[12].completedOrders   actual: &quot;--&quot;&#10;&#10;data[12].stateCode expected: -1&#10;data[12].stateCode   actual: 1&#10;&#10;data[12].mobileNo expected: &quot;1001000100&quot;&#10;data[12].mobileNo   actual: &quot;9108876517&quot;&#10;&#10;data[12].id expected: &quot;5733307635466240&quot;&#10;data[12].id   actual: &quot;5736044737593344&quot;&#10;&#10;data[12].currentOrder expected: &quot;0&quot;&#10;data[12].currentOrder   actual: &quot;--&quot;&#10;&#10;data[13] expected: Datum&lt;numOrders=&quot;0&quot;, name=&quot;NavdeepAuriga&quot;, completedOrders=&quot;0&quot;, mobileNo=&quot;9108876517&quot;, payroll=null, cityId=&quot;jaipur&quot;, currentOrder=&quot;0&quot;, stationId=null, stateCode=1, createdBy=null, id=&quot;5736044737593344&quot;&gt;&#10;data[13]   actual: Datum&lt;numOrders=&quot;--&quot;, name=&quot;Saurabh Tester10&quot;, completedOrders=&quot;--&quot;, mobileNo=&quot;7869231247&quot;, payroll=null, cityId=&quot;jaipur&quot;, currentOrder=&quot;--&quot;, stationId=null, stateCode=-1, createdBy=null, id=&quot;5759482843889664&quot;&gt;&#10;&#10;data[13].numOrders expected: &quot;0&quot;&#10;data[13].numOrders   actual: &quot;--&quot;&#10;&#10;data[13].name expected: &quot;NavdeepAuriga&quot;&#10;data[13].name   actual: &quot;Saurabh Tester10&quot;&#10;&#10;data[13].completedOrders expected: &quot;0&quot;&#10;data[13].completedOrders   actual: &quot;--&quot;&#10;&#10;data[13].stateCode expected: 1&#10;data[13].stateCode   actual: -1&#10;&#10;data[13].mobileNo expected: &quot;9108876517&quot;&#10;data[13].mobileNo   actual: &quot;7869231247&quot;&#10;&#10;data[13].id expected: &quot;5736044737593344&quot;&#10;data[13].id   actual: &quot;5759482843889664&quot;&#10;&#10;data[13].currentOrder expected: &quot;0&quot;&#10;data[13].currentOrder   actual: &quot;--&quot;&#10;&#10;data[14] expected: Datum&lt;numOrders=&quot;0&quot;, name=&quot;Saurabh Tester10&quot;, completedOrders=&quot;0&quot;, mobileNo=&quot;7869231247&quot;, payroll=null, cityId=&quot;jaipur&quot;, currentOrder=&quot;0&quot;, stationId=null, stateCode=-1, createdBy=null, id=&quot;5759482843889664&quot;&gt;&#10;data[14]   actual: Datum&lt;numOrders=&quot;--&quot;, name=&quot;QASaurabh&quot;, completedOrders=&quot;--&quot;, mobileNo=&quot;7791823335&quot;, payroll=null, cityId=&quot;jaipur&quot;, currentOrder=&quot;--&quot;, stationId=null, stateCode=1, createdBy=null, id=&quot;5933932872728576&quot;&gt;&#10;&#10;data[14].numOrders expected: &quot;0&quot;&#10;data[14].numOrders   actual: &quot;--&quot;&#10;&#10;data[14].name expected: &quot;Saurabh Tester10&quot;&#10;data[14].name   actual: &quot;QASaurabh&quot;&#10;&#10;data[14].completedOrders expected: &quot;0&quot;&#10;data[14].completedOrders   actual: &quot;--&quot;&#10;&#10;data[14].stateCode expected: -1&#10;data[14].stateCode   actual: 1&#10;&#10;data[14].mobileNo expected: &quot;7869231247&quot;&#10;data[14].mobileNo   actual: &quot;7791823335&quot;&#10;&#10;data[14].id expected: &quot;5759482843889664&quot;&#10;data[14].id   actual: &quot;5933932872728576&quot;&#10;&#10;data[14].currentOrder expected: &quot;0&quot;&#10;data[14].currentOrder   actual: &quot;--&quot;&#10;&#10;data[15] expected: Datum&lt;numOrders=&quot;0&quot;, name=&quot;QASaurabh&quot;, completedOrders=&quot;0&quot;, mobileNo=&quot;7791823335&quot;, payroll=null, cityId=&quot;jaipur&quot;, currentOrder=&quot;0&quot;, stationId=null, stateCode=1, createdBy=null, id=&quot;5933932872728576&quot;&gt;&#10;data[15]   actual: Datum&lt;numOrders=&quot;--&quot;, name=&quot;Saurabh&quot;, completedOrders=&quot;--&quot;, mobileNo=&quot;9599855555&quot;, payroll=null, cityId=&quot;jaipur&quot;, currentOrder=&quot;--&quot;, stationId=null, stateCode=-1, createdBy=null, id=&quot;5935030303981568&quot;&gt;&#10;&#10;data[15].numOrders expected: &quot;0&quot;&#10;data[15].numOrders   actual: &quot;--&quot;&#10;&#10;data[15].name expected: &quot;QASaurabh&quot;&#10;data[15].name   actual: &quot;Saurabh&quot;&#10;&#10;data[15].completedOrders expected: &quot;0&quot;&#10;data[15].completedOrders   actual: &quot;--&quot;&#10;&#10;data[15].stateCode expected: 1&#10;data[15].stateCode   actual: -1&#10;&#10;data[15].mobileNo expected: &quot;7791823335&quot;&#10;data[15].mobileNo   actual: &quot;9599855555&quot;&#10;&#10;data[15].id expected: &quot;5933932872728576&quot;&#10;data[15].id   actual: &quot;5935030303981568&quot;&#10;&#10;data[15].currentOrder expected: &quot;0&quot;&#10;data[15].currentOrder   actual: &quot;--&quot;&#10;&#10;data[16] expected: Datum&lt;numOrders=&quot;0&quot;, name=&quot;QASaurabh10&quot;, completedOrders=&quot;0&quot;, mobileNo=&quot;1234567890&quot;, payroll=null, cityId=&quot;jaipur&quot;, currentOrder=&quot;0&quot;, stationId=null, stateCode=-1, createdBy=null, id=&quot;5992794258669568&quot;&gt;&#10;data[16]   actual: Datum&lt;numOrders=&quot;--&quot;, name=&quot;QASaurabh10&quot;, completedOrders=&quot;--&quot;, mobileNo=&quot;1234567890&quot;, payroll=null, cityId=&quot;jaipur&quot;, currentOrder=&quot;--&quot;, stationId=null, stateCode=-1, createdBy=null, id=&quot;5992794258669568&quot;&gt;&#10;&#10;data[16].numOrders expected: &quot;0&quot;&#10;data[16].numOrders   actual: &quot;--&quot;&#10;&#10;data[16].completedOrders expected: &quot;0&quot;&#10;data[16].completedOrders   actual: &quot;--&quot;&#10;&#10;data[16].currentOrder expected: &quot;0&quot;&#10;data[16].currentOrder   actual: &quot;--&quot;&#10;&#10;data[17] expected: Datum&lt;numOrders=&quot;0&quot;, name=&quot;QASaurabh101&quot;, completedOrders=&quot;0&quot;, mobileNo=&quot;9660752421&quot;, payroll=null, cityId=&quot;jaipur&quot;, currentOrder=&quot;0&quot;, stationId=null, stateCode=-1, createdBy=null, id=&quot;6002990309703680&quot;&gt;&#10;data[17]   actual: Datum&lt;numOrders=&quot;--&quot;, name=&quot;QASaurabh101&quot;, completedOrders=&quot;--&quot;, mobileNo=&quot;9660752421&quot;, payroll=null, cityId=&quot;jaipur&quot;, currentOrder=&quot;--&quot;, stationId=null, stateCode=-1, createdBy=null, id=&quot;6002990309703680&quot;&gt;&#10;&#10;data[17].numOrders expected: &quot;0&quot;&#10;data[17].numOrders   actual: &quot;--&quot;&#10;&#10;data[17].completedOrders expected: &quot;0&quot;&#10;data[17].completedOrders   actual: &quot;--&quot;&#10;&#10;data[17].currentOrder expected: &quot;0&quot;&#10;data[17].currentOrder   actual: &quot;--&quot;&#10;&#10;data[18] expected: Datum&lt;numOrders=&quot;0&quot;, name=&quot;QASaurabh3&quot;, completedOrders=&quot;0&quot;, mobileNo=&quot;9929790015&quot;, payroll=null, cityId=&quot;jaipur&quot;, currentOrder=&quot;0&quot;, stationId=null, stateCode=-1, createdBy=null, id=&quot;6024598827040768&quot;&gt;&#10;data[18]   actual: Datum&lt;numOrders=&quot;--&quot;, name=&quot;QASaurabh3&quot;, completedOrders=&quot;--&quot;, mobileNo=&quot;9929790015&quot;, payroll=null, cityId=&quot;jaipur&quot;, currentOrder=&quot;--&quot;, stationId=null, stateCode=-1, createdBy=null, id=&quot;6024598827040768&quot;&gt;&#10;&#10;data[18].numOrders expected: &quot;0&quot;&#10;data[18].numOrders   actual: &quot;--&quot;&#10;&#10;data[18].completedOrders expected: &quot;0&quot;&#10;data[18].completedOrders   actual: &quot;--&quot;&#10;&#10;data[18].currentOrder expected: &quot;0&quot;&#10;data[18].currentOrder   actual: &quot;--&quot;&#10;&#10;data[19] expected: Datum&lt;numOrders=&quot;0&quot;, name=&quot;Saurabh Tester8&quot;, completedOrders=&quot;0&quot;, mobileNo=&quot;7869081247&quot;, payroll=null, cityId=&quot;jaipur&quot;, currentOrder=&quot;0&quot;, stationId=null, stateCode=-1, createdBy=null, id=&quot;6221938078777344&quot;&gt;&#10;data[19]   actual: Datum&lt;numOrders=&quot;--&quot;, name=&quot;Saurabh Tester8&quot;, completedOrders=&quot;--&quot;, mobileNo=&quot;7869081247&quot;, payroll=null, cityId=&quot;jaipur&quot;, currentOrder=&quot;--&quot;, stationId=null, stateCode=-1, createdBy=null, id=&quot;6221938078777344&quot;&gt;&#10;&#10;data[19].numOrders expected: &quot;0&quot;&#10;data[19].numOrders   actual: &quot;--&quot;&#10;&#10;data[19].completedOrders expected: &quot;0&quot;&#10;data[19].completedOrders   actual: &quot;--&quot;&#10;&#10;data[19].currentOrder expected: &quot;0&quot;&#10;data[19].currentOrder   actual: &quot;--&quot;&#10;&#10;data[20] expected: Datum&lt;numOrders=&quot;0&quot;, name=&quot;Test100&quot;, completedOrders=&quot;0&quot;, mobileNo=&quot;1111111111&quot;, payroll=null, cityId=&quot;jaipur&quot;, currentOrder=&quot;0&quot;, stationId=null, stateCode=-1, createdBy=null, id=&quot;6227917713440768&quot;&gt;&#10;data[20]   actual: Datum&lt;numOrders=&quot;--&quot;, name=&quot;Saurabh Tester12&quot;, completedOrders=&quot;--&quot;, mobileNo=&quot;8969231247&quot;, payroll=null, cityId=&quot;jaipur&quot;, currentOrder=&quot;--&quot;, stationId=null, stateCode=-1, createdBy=null, id=&quot;6296286110154752&quot;&gt;&#10;&#10;data[20].numOrders expected: &quot;0&quot;&#10;data[20].numOrders   actual: &quot;--&quot;&#10;&#10;data[20].name expected: &quot;Test100&quot;&#10;data[20].name   actual: &quot;Saurabh Tester12&quot;&#10;&#10;data[20].completedOrders expected: &quot;0&quot;&#10;data[20].completedOrders   actual: &quot;--&quot;&#10;&#10;data[20].mobileNo expected: &quot;1111111111&quot;&#10;data[20].mobileNo   actual: &quot;8969231247&quot;&#10;&#10;data[20].id expected: &quot;6227917713440768&quot;&#10;data[20].id   actual: &quot;6296286110154752&quot;&#10;&#10;data[20].currentOrder expected: &quot;0&quot;&#10;data[20].currentOrder   actual: &quot;--&quot;&#10;&#10;data[21] expected: Datum&lt;numOrders=&quot;0&quot;, name=&quot;Saurabh Tester12&quot;, completedOrders=&quot;0&quot;, mobileNo=&quot;8969231247&quot;, payroll=null, cityId=&quot;jaipur&quot;, currentOrder=&quot;0&quot;, stationId=null, stateCode=-1, createdBy=null, id=&quot;6296286110154752&quot;&gt;&#10;data[21]   actual: Datum&lt;numOrders=&quot;--&quot;, name=&quot;QASaurabh100&quot;, completedOrders=&quot;--&quot;, mobileNo=&quot;9660752415&quot;, payroll=null, cityId=&quot;jaipur&quot;, currentOrder=&quot;--&quot;, stationId=null, stateCode=-1, createdBy=null, id=&quot;6623937354006528&quot;&gt;&#10;&#10;data[21].numOrders expected: &quot;0&quot;&#10;data[21].numOrders   actual: &quot;--&quot;&#10;&#10;data[21].name expected: &quot;Saurabh Tester12&quot;&#10;data[21].name   actual: &quot;QASaurabh100&quot;&#10;&#10;data[21].completedOrders expected: &quot;0&quot;&#10;data[21].completedOrders   actual: &quot;--&quot;&#10;&#10;data[21].mobileNo expected: &quot;8969231247&quot;&#10;data[21].mobileNo   actual: &quot;9660752415&quot;&#10;&#10;data[21].id expected: &quot;6296286110154752&quot;&#10;data[21].id   actual: &quot;6623937354006528&quot;&#10;&#10;data[21].currentOrder expected: &quot;0&quot;&#10;data[21].currentOrder   actual: &quot;--&quot;&#10;&#10;data[22] expected: Datum&lt;numOrders=&quot;0&quot;, name=&quot;QASaurabh100&quot;, completedOrders=&quot;0&quot;, mobileNo=&quot;9660752415&quot;, payroll=null, cityId=&quot;jaipur&quot;, currentOrder=&quot;0&quot;, stationId=null, stateCode=-1, createdBy=null, id=&quot;6623937354006528&quot;&gt;&#10;data[22]   actual: &quot;&quot;&#10;&#10;data[23] expected: Datum&lt;numOrders=&quot;0&quot;, name=&quot;SaurabhGrofers&quot;, completedOrders=&quot;0&quot;, mobileNo=&quot;9929790000&quot;, payroll=null, cityId=&quot;jaipur&quot;, currentOrder=&quot;0&quot;, stationId=null, stateCode=-1, createdBy=null, id=&quot;6667926375497728&quot;&gt;&#10;data[23]   actual: &quot;&quot;&#10;&#10;" type="junit.framework.AssertionFailedError"><![CDATA[junit.framework.AssertionFailedError: 
Expected: ShopperByCityIdResponse<message="shoppers fetched!", data=[Datum<numOrders="0", name="Sk", completedOrders="0", mobileNo="9686642941", payroll=null, cityId="jaipur", currentOrder="0", stationId=null, stateCode=1, createdBy=null, id="4904445116678144">, Datum<numOrders="0", name="Sahil", completedOrders="0", mobileNo="8058695344", payroll=null, cityId="jaipur", currentOrder="0", stationId=null, stateCode=1, createdBy=null, id="4905593080905728">, Datum<numOrders="0", name="saurabh Tester11", completedOrders="0", mobileNo="1234445555", payroll=null, cityId="jaipur", currentOrder="0", stationId=null, stateCode=-1, createdBy=null, id="5094657339949056">, Datum<numOrders="0", name="Saurabh Tester2", completedOrders="0", mobileNo="7368031285", payroll=null, cityId="jaipur", currentOrder="0", stationId=null, stateCode=-1, createdBy=null, id="5167746945908736">, Datum<numOrders="0", name="Saurabh Tester3", completedOrders="0", mobileNo="7868031285", payroll=null, cityId="jaipur", currentOrder="0", stationId=null, stateCode=-1, createdBy=null, id="5172775815741440">, Datum<numOrders="0", name="Saurabh Tester5", completedOrders="0", mobileNo="7868031247", payroll=null, cityId="jaipur", currentOrder="0", stationId=null, stateCode=-1, createdBy=null, id="5176692825915392">, Datum<numOrders="0", name="Saurabh Tester7", completedOrders="0", mobileNo="7868081247", payroll=null, cityId="jaipur", currentOrder="0", stationId=null, stateCode=-1, createdBy=null, id="5252924737323008">, Datum<numOrders="0", name="OnCall", completedOrders="0", mobileNo="9148981148", payroll=null, cityId="jaipur", currentOrder="0", stationId=null, stateCode=1, createdBy=null, id="5361126808223744">, Datum<numOrders="0", name="Saurabh Tester4", completedOrders="0", mobileNo="7868031245", payroll=null, cityId="jaipur", currentOrder="0", stationId=null, stateCode=-1, createdBy=null, id="5491729750818816">, Datum<numOrders="0", name="QASaurabh2", completedOrders="0", mobileNo="7568031284", payroll=null, cityId="jaipur", currentOrder="0", stationId=null, stateCode=1, createdBy=null, id="5668100972216320">, Datum<numOrders="0", name="Saurabh Tester9", completedOrders="0", mobileNo="7869981247", payroll=null, cityId="jaipur", currentOrder="0", stationId=null, stateCode=-1, createdBy=null, id="5684372455817216">, Datum<numOrders="0", name="Saurabh Tester6", completedOrders="0", mobileNo="7868041247", payroll=null, cityId="jaipur", currentOrder="0", stationId=null, stateCode=-1, createdBy=null, id="5688083307560960">, Datum<numOrders="0", name="Saurabh Tester100", completedOrders="0", mobileNo="1001000100", payroll=null, cityId="jaipur", currentOrder="0", stationId=null, stateCode=-1, createdBy=null, id="5733307635466240">, Datum<numOrders="0", name="NavdeepAuriga", completedOrders="0", mobileNo="9108876517", payroll=null, cityId="jaipur", currentOrder="0", stationId=null, stateCode=1, createdBy=null, id="5736044737593344">, Datum<numOrders="0", name="Saurabh Tester10", completedOrders="0", mobileNo="7869231247", payroll=null, cityId="jaipur", currentOrder="0", stationId=null, stateCode=-1, createdBy=null, id="5759482843889664">, ...], success=true>
  Actual: ShopperByCityIdResponse<message="shoppers fetched!", data=[Datum<numOrders="--", name="Sk", completedOrders="--", mobileNo="9686642940", payroll=null, cityId="jaipur", currentOrder="--", stationId=null, stateCode=1, createdBy=null, id="4904445116678144">, Datum<numOrders="--", name="Sahil", completedOrders="--", mobileNo="8058695344", payroll=null, cityId="jaipur", currentOrder="--", stationId=null, stateCode=1, createdBy=null, id="4905593080905728">, Datum<numOrders="--", name="saurabh Tester11", completedOrders="--", mobileNo="1234445555", payroll=null, cityId="jaipur", currentOrder="--", stationId=null, stateCode=-1, createdBy=null, id="5094657339949056">, Datum<numOrders="--", name="Saurabh Tester2", completedOrders="--", mobileNo="7368031285", payroll=null, cityId="jaipur", currentOrder="--", stationId=null, stateCode=-1, createdBy=null, id="5167746945908736">, Datum<numOrders="--", name="Saurabh Tester3", completedOrders="--", mobileNo="7868031285", payroll=null, cityId="jaipur", currentOrder="--", stationId=null, stateCode=-1, createdBy=null, id="5172775815741440">, Datum<numOrders="--", name="Saurabh Tester5", completedOrders="--", mobileNo="7868031247", payroll=null, cityId="jaipur", currentOrder="--", stationId=null, stateCode=-1, createdBy=null, id="5176692825915392">, Datum<numOrders="--", name="Saurabh Tester7", completedOrders="--", mobileNo="7868081247", payroll=null, cityId="jaipur", currentOrder="--", stationId=null, stateCode=-1, createdBy=null, id="5252924737323008">, Datum<numOrders="--", name="Saurabh Tester4", completedOrders="--", mobileNo="7868031245", payroll=null, cityId="jaipur", currentOrder="--", stationId=null, stateCode=-1, createdBy=null, id="5491729750818816">, Datum<numOrders="--", name="QASaurabh2", completedOrders="--", mobileNo="7568031284", payroll=null, cityId="jaipur", currentOrder="--", stationId=null, stateCode=1, createdBy=null, id="5668100972216320">, Datum<numOrders="--", name="Saurabh Tester9", completedOrders="--", mobileNo="7869981247", payroll=null, cityId="jaipur", currentOrder="--", stationId=null, stateCode=-1, createdBy=null, id="5684372455817216">, Datum<numOrders="--", name="Saurabh Tester6", completedOrders="--", mobileNo="7868041247", payroll=null, cityId="jaipur", currentOrder="--", stationId=null, stateCode=-1, createdBy=null, id="5688083307560960">, Datum<numOrders="--", name="Saurabh Tester100", completedOrders="--", mobileNo="1001000100", payroll=null, cityId="jaipur", currentOrder="--", stationId=null, stateCode=-1, createdBy=null, id="5733307635466240">, Datum<numOrders="--", name="NavdeepAuriga", completedOrders="--", mobileNo="9108876517", payroll=null, cityId="jaipur", currentOrder="--", stationId=null, stateCode=1, createdBy=null, id="5736044737593344">, Datum<numOrders="--", name="Saurabh Tester10", completedOrders="--", mobileNo="7869231247", payroll=null, cityId="jaipur", currentOrder="--", stationId=null, stateCode=-1, createdBy=null, id="5759482843889664">, Datum<numOrders="--", name="QASaurabh", completedOrders="--", mobileNo="7791823335", payroll=null, cityId="jaipur", currentOrder="--", stationId=null, stateCode=1, createdBy=null, id="5933932872728576">, ...], success=true>

--- Found following differences ---
data[0].numOrders: expected: "0", actual: "--"
data[0].completedOrders: expected: "0", actual: "--"
data[0].mobileNo: expected: "9686642941", actual: "9686642940"
data[0].currentOrder: expected: "0", actual: "--"
data[1].numOrders: expected: "0", actual: "--"
data[1].completedOrders: expected: "0", actual: "--"
data[1].currentOrder: expected: "0", actual: "--"
data[2].numOrders: expected: "0", actual: "--"
data[2].completedOrders: expected: "0", actual: "--"
data[2].currentOrder: expected: "0", actual: "--"
data[3].numOrders: expected: "0", actual: "--"
data[3].completedOrders: expected: "0", actual: "--"
data[3].currentOrder: expected: "0", actual: "--"
data[4].numOrders: expected: "0", actual: "--"
data[4].completedOrders: expected: "0", actual: "--"
data[4].currentOrder: expected: "0", actual: "--"
data[5].numOrders: expected: "0", actual: "--"
data[5].completedOrders: expected: "0", actual: "--"
data[5].currentOrder: expected: "0", actual: "--"
data[6].numOrders: expected: "0", actual: "--"
data[6].completedOrders: expected: "0", actual: "--"
data[6].currentOrder: expected: "0", actual: "--"
data[7].numOrders: expected: "0", actual: "--"
data[7].name: expected: "OnCall", actual: "Saurabh Tester4"
data[7].completedOrders: expected: "0", actual: "--"
data[7].stateCode: expected: 1, actual: -1
data[7].mobileNo: expected: "9148981148", actual: "7868031245"
data[7].id: expected: "5361126808223744", actual: "5491729750818816"
data[7].currentOrder: expected: "0", actual: "--"
data[8].numOrders: expected: "0", actual: "--"
data[8].name: expected: "Saurabh Tester4", actual: "QASaurabh2"
data[8].completedOrders: expected: "0", actual: "--"
data[8].stateCode: expected: -1, actual: 1
data[8].mobileNo: expected: "7868031245", actual: "7568031284"
data[8].id: expected: "5491729750818816", actual: "5668100972216320"
data[8].currentOrder: expected: "0", actual: "--"
data[9].numOrders: expected: "0", actual: "--"
data[9].name: expected: "QASaurabh2", actual: "Saurabh Tester9"
data[9].completedOrders: expected: "0", actual: "--"
data[9].stateCode: expected: 1, actual: -1
data[9].mobileNo: expected: "7568031284", actual: "7869981247"
data[9].id: expected: "5668100972216320", actual: "5684372455817216"
data[9].currentOrder: expected: "0", actual: "--"
data[10].numOrders: expected: "0", actual: "--"
data[10].name: expected: "Saurabh Tester9", actual: "Saurabh Tester6"
data[10].completedOrders: expected: "0", actual: "--"
data[10].mobileNo: expected: "7869981247", actual: "7868041247"
data[10].id: expected: "5684372455817216", actual: "5688083307560960"
data[10].currentOrder: expected: "0", actual: "--"
data[11].numOrders: expected: "0", actual: "--"
data[11].name: expected: "Saurabh Tester6", actual: "Saurabh Tester100"
data[11].completedOrders: expected: "0", actual: "--"
data[11].mobileNo: expected: "7868041247", actual: "1001000100"
data[11].id: expected: "5688083307560960", actual: "5733307635466240"
data[11].currentOrder: expected: "0", actual: "--"
data[12].numOrders: expected: "0", actual: "--"
data[12].name: expected: "Saurabh Tester100", actual: "NavdeepAuriga"
data[12].completedOrders: expected: "0", actual: "--"
data[12].stateCode: expected: -1, actual: 1
data[12].mobileNo: expected: "1001000100", actual: "9108876517"
data[12].id: expected: "5733307635466240", actual: "5736044737593344"
data[12].currentOrder: expected: "0", actual: "--"
data[13].numOrders: expected: "0", actual: "--"
data[13].name: expected: "NavdeepAuriga", actual: "Saurabh Tester10"
data[13].completedOrders: expected: "0", actual: "--"
data[13].stateCode: expected: 1, actual: -1
data[13].mobileNo: expected: "9108876517", actual: "7869231247"
data[13].id: expected: "5736044737593344", actual: "5759482843889664"
data[13].currentOrder: expected: "0", actual: "--"
data[14].numOrders: expected: "0", actual: "--"
data[14].name: expected: "Saurabh Tester10", actual: "QASaurabh"
data[14].completedOrders: expected: "0", actual: "--"
data[14].stateCode: expected: -1, actual: 1
data[14].mobileNo: expected: "7869231247", actual: "7791823335"
data[14].id: expected: "5759482843889664", actual: "5933932872728576"
data[14].currentOrder: expected: "0", actual: "--"
data[15].numOrders: expected: "0", actual: "--"
data[15].name: expected: "QASaurabh", actual: "Saurabh"
data[15].completedOrders: expected: "0", actual: "--"
data[15].stateCode: expected: 1, actual: -1
data[15].mobileNo: expected: "7791823335", actual: "9599855555"
data[15].id: expected: "5933932872728576", actual: "5935030303981568"
data[15].currentOrder: expected: "0", actual: "--"
data[16].numOrders: expected: "0", actual: "--"
data[16].completedOrders: expected: "0", actual: "--"
data[16].currentOrder: expected: "0", actual: "--"
data[17].numOrders: expected: "0", actual: "--"
data[17].completedOrders: expected: "0", actual: "--"
data[17].currentOrder: expected: "0", actual: "--"
data[18].numOrders: expected: "0", actual: "--"
data[18].completedOrders: expected: "0", actual: "--"
data[18].currentOrder: expected: "0", actual: "--"
data[19].numOrders: expected: "0", actual: "--"
data[19].completedOrders: expected: "0", actual: "--"
data[19].currentOrder: expected: "0", actual: "--"
data[20].numOrders: expected: "0", actual: "--"
data[20].name: expected: "Test100", actual: "Saurabh Tester12"
data[20].completedOrders: expected: "0", actual: "--"
data[20].mobileNo: expected: "1111111111", actual: "8969231247"
data[20].id: expected: "6227917713440768", actual: "6296286110154752"
data[20].currentOrder: expected: "0", actual: "--"
data[21].numOrders: expected: "0", actual: "--"
data[21].name: expected: "Saurabh Tester12", actual: "QASaurabh100"
data[21].completedOrders: expected: "0", actual: "--"
data[21].mobileNo: expected: "8969231247", actual: "9660752415"
data[21].id: expected: "6296286110154752", actual: "6623937354006528"
data[21].currentOrder: expected: "0", actual: "--"
data[22]:
 expected: Datum<numOrders="0", name="QASaurabh100", completedOrders="0", mobileNo="9660752415", payroll=null, cityId="jaipur", currentOrder="0", stationId=null, stateCode=-1, createdBy=null, id="6623937354006528">
   actual: --no match--

data[23]:
 expected: Datum<numOrders="0", name="SaurabhGrofers", completedOrders="0", mobileNo="9929790000", payroll=null, cityId="jaipur", currentOrder="0", stationId=null, stateCode=-1, createdBy=null, id="6667926375497728">
   actual: --no match--


--- Difference detail tree ---
 expected: ShopperByCityIdResponse<message="shoppers fetched!", data=[Datum<numOrders="0", name="Sk", completedOrders="0", mobileNo="9686642941", payroll=null, cityId="jaipur", currentOrder="0", stationId=null, stateCode=1, createdBy=null, id="4904445116678144">, Datum<numOrders="0", name="Sahil", completedOrders="0", mobileNo="8058695344", payroll=null, cityId="jaipur", currentOrder="0", stationId=null, stateCode=1, createdBy=null, id="4905593080905728">, Datum<numOrders="0", name="saurabh Tester11", completedOrders="0", mobileNo="1234445555", payroll=null, cityId="jaipur", currentOrder="0", stationId=null, stateCode=-1, createdBy=null, id="5094657339949056">, Datum<numOrders="0", name="Saurabh Tester2", completedOrders="0", mobileNo="7368031285", payroll=null, cityId="jaipur", currentOrder="0", stationId=null, stateCode=-1, createdBy=null, id="5167746945908736">, Datum<numOrders="0", name="Saurabh Tester3", completedOrders="0", mobileNo="7868031285", payroll=null, cityId="jaipur", currentOrder="0", stationId=null, stateCode=-1, createdBy=null, id="5172775815741440">, Datum<numOrders="0", name="Saurabh Tester5", completedOrders="0", mobileNo="7868031247", payroll=null, cityId="jaipur", currentOrder="0", stationId=null, stateCode=-1, createdBy=null, id="5176692825915392">, Datum<numOrders="0", name="Saurabh Tester7", completedOrders="0", mobileNo="7868081247", payroll=null, cityId="jaipur", currentOrder="0", stationId=null, stateCode=-1, createdBy=null, id="5252924737323008">, Datum<numOrders="0", name="OnCall", completedOrders="0", mobileNo="9148981148", payroll=null, cityId="jaipur", currentOrder="0", stationId=null, stateCode=1, createdBy=null, id="5361126808223744">, Datum<numOrders="0", name="Saurabh Tester4", completedOrders="0", mobileNo="7868031245", payroll=null, cityId="jaipur", currentOrder="0", stationId=null, stateCode=-1, createdBy=null, id="5491729750818816">, Datum<numOrders="0", name="QASaurabh2", completedOrders="0", mobileNo="7568031284", payroll=null, cityId="jaipur", currentOrder="0", stationId=null, stateCode=1, createdBy=null, id="5668100972216320">, Datum<numOrders="0", name="Saurabh Tester9", completedOrders="0", mobileNo="7869981247", payroll=null, cityId="jaipur", currentOrder="0", stationId=null, stateCode=-1, createdBy=null, id="5684372455817216">, Datum<numOrders="0", name="Saurabh Tester6", completedOrders="0", mobileNo="7868041247", payroll=null, cityId="jaipur", currentOrder="0", stationId=null, stateCode=-1, createdBy=null, id="5688083307560960">, Datum<numOrders="0", name="Saurabh Tester100", completedOrders="0", mobileNo="1001000100", payroll=null, cityId="jaipur", currentOrder="0", stationId=null, stateCode=-1, createdBy=null, id="5733307635466240">, Datum<numOrders="0", name="NavdeepAuriga", completedOrders="0", mobileNo="9108876517", payroll=null, cityId="jaipur", currentOrder="0", stationId=null, stateCode=1, createdBy=null, id="5736044737593344">, Datum<numOrders="0", name="Saurabh Tester10", completedOrders="0", mobileNo="7869231247", payroll=null, cityId="jaipur", currentOrder="0", stationId=null, stateCode=-1, createdBy=null, id="5759482843889664">, ...], success=true>
   actual: ShopperByCityIdResponse<message="shoppers fetched!", data=[Datum<numOrders="--", name="Sk", completedOrders="--", mobileNo="9686642940", payroll=null, cityId="jaipur", currentOrder="--", stationId=null, stateCode=1, createdBy=null, id="4904445116678144">, Datum<numOrders="--", name="Sahil", completedOrders="--", mobileNo="8058695344", payroll=null, cityId="jaipur", currentOrder="--", stationId=null, stateCode=1, createdBy=null, id="4905593080905728">, Datum<numOrders="--", name="saurabh Tester11", completedOrders="--", mobileNo="1234445555", payroll=null, cityId="jaipur", currentOrder="--", stationId=null, stateCode=-1, createdBy=null, id="5094657339949056">, Datum<numOrders="--", name="Saurabh Tester2", completedOrders="--", mobileNo="7368031285", payroll=null, cityId="jaipur", currentOrder="--", stationId=null, stateCode=-1, createdBy=null, id="5167746945908736">, Datum<numOrders="--", name="Saurabh Tester3", completedOrders="--", mobileNo="7868031285", payroll=null, cityId="jaipur", currentOrder="--", stationId=null, stateCode=-1, createdBy=null, id="5172775815741440">, Datum<numOrders="--", name="Saurabh Tester5", completedOrders="--", mobileNo="7868031247", payroll=null, cityId="jaipur", currentOrder="--", stationId=null, stateCode=-1, createdBy=null, id="5176692825915392">, Datum<numOrders="--", name="Saurabh Tester7", completedOrders="--", mobileNo="7868081247", payroll=null, cityId="jaipur", currentOrder="--", stationId=null, stateCode=-1, createdBy=null, id="5252924737323008">, Datum<numOrders="--", name="Saurabh Tester4", completedOrders="--", mobileNo="7868031245", payroll=null, cityId="jaipur", currentOrder="--", stationId=null, stateCode=-1, createdBy=null, id="5491729750818816">, Datum<numOrders="--", name="QASaurabh2", completedOrders="--", mobileNo="7568031284", payroll=null, cityId="jaipur", currentOrder="--", stationId=null, stateCode=1, createdBy=null, id="5668100972216320">, Datum<numOrders="--", name="Saurabh Tester9", completedOrders="--", mobileNo="7869981247", payroll=null, cityId="jaipur", currentOrder="--", stationId=null, stateCode=-1, createdBy=null, id="5684372455817216">, Datum<numOrders="--", name="Saurabh Tester6", completedOrders="--", mobileNo="7868041247", payroll=null, cityId="jaipur", currentOrder="--", stationId=null, stateCode=-1, createdBy=null, id="5688083307560960">, Datum<numOrders="--", name="Saurabh Tester100", completedOrders="--", mobileNo="1001000100", payroll=null, cityId="jaipur", currentOrder="--", stationId=null, stateCode=-1, createdBy=null, id="5733307635466240">, Datum<numOrders="--", name="NavdeepAuriga", completedOrders="--", mobileNo="9108876517", payroll=null, cityId="jaipur", currentOrder="--", stationId=null, stateCode=1, createdBy=null, id="5736044737593344">, Datum<numOrders="--", name="Saurabh Tester10", completedOrders="--", mobileNo="7869231247", payroll=null, cityId="jaipur", currentOrder="--", stationId=null, stateCode=-1, createdBy=null, id="5759482843889664">, Datum<numOrders="--", name="QASaurabh", completedOrders="--", mobileNo="7791823335", payroll=null, cityId="jaipur", currentOrder="--", stationId=null, stateCode=1, createdBy=null, id="5933932872728576">, ...], success=true>

data expected: [Datum<numOrders="0", name="Sk", completedOrders="0", mobileNo="9686642941", payroll=null, cityId="jaipur", currentOrder="0", stationId=null, stateCode=1, createdBy=null, id="4904445116678144">, Datum<numOrders="0", name="Sahil", completedOrders="0", mobileNo="8058695344", payroll=null, cityId="jaipur", currentOrder="0", stationId=null, stateCode=1, createdBy=null, id="4905593080905728">, Datum<numOrders="0", name="saurabh Tester11", completedOrders="0", mobileNo="1234445555", payroll=null, cityId="jaipur", currentOrder="0", stationId=null, stateCode=-1, createdBy=null, id="5094657339949056">, Datum<numOrders="0", name="Saurabh Tester2", completedOrders="0", mobileNo="7368031285", payroll=null, cityId="jaipur", currentOrder="0", stationId=null, stateCode=-1, createdBy=null, id="5167746945908736">, Datum<numOrders="0", name="Saurabh Tester3", completedOrders="0", mobileNo="7868031285", payroll=null, cityId="jaipur", currentOrder="0", stationId=null, stateCode=-1, createdBy=null, id="5172775815741440">, Datum<numOrders="0", name="Saurabh Tester5", completedOrders="0", mobileNo="7868031247", payroll=null, cityId="jaipur", currentOrder="0", stationId=null, stateCode=-1, createdBy=null, id="5176692825915392">, Datum<numOrders="0", name="Saurabh Tester7", completedOrders="0", mobileNo="7868081247", payroll=null, cityId="jaipur", currentOrder="0", stationId=null, stateCode=-1, createdBy=null, id="5252924737323008">, Datum<numOrders="0", name="OnCall", completedOrders="0", mobileNo="9148981148", payroll=null, cityId="jaipur", currentOrder="0", stationId=null, stateCode=1, createdBy=null, id="5361126808223744">, Datum<numOrders="0", name="Saurabh Tester4", completedOrders="0", mobileNo="7868031245", payroll=null, cityId="jaipur", currentOrder="0", stationId=null, stateCode=-1, createdBy=null, id="5491729750818816">, Datum<numOrders="0", name="QASaurabh2", completedOrders="0", mobileNo="7568031284", payroll=null, cityId="jaipur", currentOrder="0", stationId=null, stateCode=1, createdBy=null, id="5668100972216320">, Datum<numOrders="0", name="Saurabh Tester9", completedOrders="0", mobileNo="7869981247", payroll=null, cityId="jaipur", currentOrder="0", stationId=null, stateCode=-1, createdBy=null, id="5684372455817216">, Datum<numOrders="0", name="Saurabh Tester6", completedOrders="0", mobileNo="7868041247", payroll=null, cityId="jaipur", currentOrder="0", stationId=null, stateCode=-1, createdBy=null, id="5688083307560960">, Datum<numOrders="0", name="Saurabh Tester100", completedOrders="0", mobileNo="1001000100", payroll=null, cityId="jaipur", currentOrder="0", stationId=null, stateCode=-1, createdBy=null, id="5733307635466240">, Datum<numOrders="0", name="NavdeepAuriga", completedOrders="0", mobileNo="9108876517", payroll=null, cityId="jaipur", currentOrder="0", stationId=null, stateCode=1, createdBy=null, id="5736044737593344">, Datum<numOrders="0", name="Saurabh Tester10", completedOrders="0", mobileNo="7869231247", payroll=null, cityId="jaipur", currentOrder="0", stationId=null, stateCode=-1, createdBy=null, id="5759482843889664">, ...]
data   actual: [Datum<numOrders="--", name="Sk", completedOrders="--", mobileNo="9686642940", payroll=null, cityId="jaipur", currentOrder="--", stationId=null, stateCode=1, createdBy=null, id="4904445116678144">, Datum<numOrders="--", name="Sahil", completedOrders="--", mobileNo="8058695344", payroll=null, cityId="jaipur", currentOrder="--", stationId=null, stateCode=1, createdBy=null, id="4905593080905728">, Datum<numOrders="--", name="saurabh Tester11", completedOrders="--", mobileNo="1234445555", payroll=null, cityId="jaipur", currentOrder="--", stationId=null, stateCode=-1, createdBy=null, id="5094657339949056">, Datum<numOrders="--", name="Saurabh Tester2", completedOrders="--", mobileNo="7368031285", payroll=null, cityId="jaipur", currentOrder="--", stationId=null, stateCode=-1, createdBy=null, id="5167746945908736">, Datum<numOrders="--", name="Saurabh Tester3", completedOrders="--", mobileNo="7868031285", payroll=null, cityId="jaipur", currentOrder="--", stationId=null, stateCode=-1, createdBy=null, id="5172775815741440">, Datum<numOrders="--", name="Saurabh Tester5", completedOrders="--", mobileNo="7868031247", payroll=null, cityId="jaipur", currentOrder="--", stationId=null, stateCode=-1, createdBy=null, id="5176692825915392">, Datum<numOrders="--", name="Saurabh Tester7", completedOrders="--", mobileNo="7868081247", payroll=null, cityId="jaipur", currentOrder="--", stationId=null, stateCode=-1, createdBy=null, id="5252924737323008">, Datum<numOrders="--", name="Saurabh Tester4", completedOrders="--", mobileNo="7868031245", payroll=null, cityId="jaipur", currentOrder="--", stationId=null, stateCode=-1, createdBy=null, id="5491729750818816">, Datum<numOrders="--", name="QASaurabh2", completedOrders="--", mobileNo="7568031284", payroll=null, cityId="jaipur", currentOrder="--", stationId=null, stateCode=1, createdBy=null, id="5668100972216320">, Datum<numOrders="--", name="Saurabh Tester9", completedOrders="--", mobileNo="7869981247", payroll=null, cityId="jaipur", currentOrder="--", stationId=null, stateCode=-1, createdBy=null, id="5684372455817216">, Datum<numOrders="--", name="Saurabh Tester6", completedOrders="--", mobileNo="7868041247", payroll=null, cityId="jaipur", currentOrder="--", stationId=null, stateCode=-1, createdBy=null, id="5688083307560960">, Datum<numOrders="--", name="Saurabh Tester100", completedOrders="--", mobileNo="1001000100", payroll=null, cityId="jaipur", currentOrder="--", stationId=null, stateCode=-1, createdBy=null, id="5733307635466240">, Datum<numOrders="--", name="NavdeepAuriga", completedOrders="--", mobileNo="9108876517", payroll=null, cityId="jaipur", currentOrder="--", stationId=null, stateCode=1, createdBy=null, id="5736044737593344">, Datum<numOrders="--", name="Saurabh Tester10", completedOrders="--", mobileNo="7869231247", payroll=null, cityId="jaipur", currentOrder="--", stationId=null, stateCode=-1, createdBy=null, id="5759482843889664">, Datum<numOrders="--", name="QASaurabh", completedOrders="--", mobileNo="7791823335", payroll=null, cityId="jaipur", currentOrder="--", stationId=null, stateCode=1, createdBy=null, id="5933932872728576">, ...]

data[0] expected: Datum<numOrders="0", name="Sk", completedOrders="0", mobileNo="9686642941", payroll=null, cityId="jaipur", currentOrder="0", stationId=null, stateCode=1, createdBy=null, id="4904445116678144">
data[0]   actual: Datum<numOrders="--", name="Sk", completedOrders="--", mobileNo="9686642940", payroll=null, cityId="jaipur", currentOrder="--", stationId=null, stateCode=1, createdBy=null, id="4904445116678144">

data[0].numOrders expected: "0"
data[0].numOrders   actual: "--"

data[0].completedOrders expected: "0"
data[0].completedOrders   actual: "--"

data[0].mobileNo expected: "9686642941"
data[0].mobileNo   actual: "9686642940"

data[0].currentOrder expected: "0"
data[0].currentOrder   actual: "--"

data[1] expected: Datum<numOrders="0", name="Sahil", completedOrders="0", mobileNo="8058695344", payroll=null, cityId="jaipur", currentOrder="0", stationId=null, stateCode=1, createdBy=null, id="4905593080905728">
data[1]   actual: Datum<numOrders="--", name="Sahil", completedOrders="--", mobileNo="8058695344", payroll=null, cityId="jaipur", currentOrder="--", stationId=null, stateCode=1, createdBy=null, id="4905593080905728">

data[1].numOrders expected: "0"
data[1].numOrders   actual: "--"

data[1].completedOrders expected: "0"
data[1].completedOrders   actual: "--"

data[1].currentOrder expected: "0"
data[1].currentOrder   actual: "--"

data[2] expected: Datum<numOrders="0", name="saurabh Tester11", completedOrders="0", mobileNo="1234445555", payroll=null, cityId="jaipur", currentOrder="0", stationId=null, stateCode=-1, createdBy=null, id="5094657339949056">
data[2]   actual: Datum<numOrders="--", name="saurabh Tester11", completedOrders="--", mobileNo="1234445555", payroll=null, cityId="jaipur", currentOrder="--", stationId=null, stateCode=-1, createdBy=null, id="5094657339949056">

data[2].numOrders expected: "0"
data[2].numOrders   actual: "--"

data[2].completedOrders expected: "0"
data[2].completedOrders   actual: "--"

data[2].currentOrder expected: "0"
data[2].currentOrder   actual: "--"

data[3] expected: Datum<numOrders="0", name="Saurabh Tester2", completedOrders="0", mobileNo="7368031285", payroll=null, cityId="jaipur", currentOrder="0", stationId=null, stateCode=-1, createdBy=null, id="5167746945908736">
data[3]   actual: Datum<numOrders="--", name="Saurabh Tester2", completedOrders="--", mobileNo="7368031285", payroll=null, cityId="jaipur", currentOrder="--", stationId=null, stateCode=-1, createdBy=null, id="5167746945908736">

data[3].numOrders expected: "0"
data[3].numOrders   actual: "--"

data[3].completedOrders expected: "0"
data[3].completedOrders   actual: "--"

data[3].currentOrder expected: "0"
data[3].currentOrder   actual: "--"

data[4] expected: Datum<numOrders="0", name="Saurabh Tester3", completedOrders="0", mobileNo="7868031285", payroll=null, cityId="jaipur", currentOrder="0", stationId=null, stateCode=-1, createdBy=null, id="5172775815741440">
data[4]   actual: Datum<numOrders="--", name="Saurabh Tester3", completedOrders="--", mobileNo="7868031285", payroll=null, cityId="jaipur", currentOrder="--", stationId=null, stateCode=-1, createdBy=null, id="5172775815741440">

data[4].numOrders expected: "0"
data[4].numOrders   actual: "--"

data[4].completedOrders expected: "0"
data[4].completedOrders   actual: "--"

data[4].currentOrder expected: "0"
data[4].currentOrder   actual: "--"

data[5] expected: Datum<numOrders="0", name="Saurabh Tester5", completedOrders="0", mobileNo="7868031247", payroll=null, cityId="jaipur", currentOrder="0", stationId=null, stateCode=-1, createdBy=null, id="5176692825915392">
data[5]   actual: Datum<numOrders="--", name="Saurabh Tester5", completedOrders="--", mobileNo="7868031247", payroll=null, cityId="jaipur", currentOrder="--", stationId=null, stateCode=-1, createdBy=null, id="5176692825915392">

data[5].numOrders expected: "0"
data[5].numOrders   actual: "--"

data[5].completedOrders expected: "0"
data[5].completedOrders   actual: "--"

data[5].currentOrder expected: "0"
data[5].currentOrder   actual: "--"

data[6] expected: Datum<numOrders="0", name="Saurabh Tester7", completedOrders="0", mobileNo="7868081247", payroll=null, cityId="jaipur", currentOrder="0", stationId=null, stateCode=-1, createdBy=null, id="5252924737323008">
data[6]   actual: Datum<numOrders="--", name="Saurabh Tester7", completedOrders="--", mobileNo="7868081247", payroll=null, cityId="jaipur", currentOrder="--", stationId=null, stateCode=-1, createdBy=null, id="5252924737323008">

data[6].numOrders expected: "0"
data[6].numOrders   actual: "--"

data[6].completedOrders expected: "0"
data[6].completedOrders   actual: "--"

data[6].currentOrder expected: "0"
data[6].currentOrder   actual: "--"

data[7] expected: Datum<numOrders="0", name="OnCall", completedOrders="0", mobileNo="9148981148", payroll=null, cityId="jaipur", currentOrder="0", stationId=null, stateCode=1, createdBy=null, id="5361126808223744">
data[7]   actual: Datum<numOrders="--", name="Saurabh Tester4", completedOrders="--", mobileNo="7868031245", payroll=null, cityId="jaipur", currentOrder="--", stationId=null, stateCode=-1, createdBy=null, id="5491729750818816">

data[7].numOrders expected: "0"
data[7].numOrders   actual: "--"

data[7].name expected: "OnCall"
data[7].name   actual: "Saurabh Tester4"

data[7].completedOrders expected: "0"
data[7].completedOrders   actual: "--"

data[7].stateCode expected: 1
data[7].stateCode   actual: -1

data[7].mobileNo expected: "9148981148"
data[7].mobileNo   actual: "7868031245"

data[7].id expected: "5361126808223744"
data[7].id   actual: "5491729750818816"

data[7].currentOrder expected: "0"
data[7].currentOrder   actual: "--"

data[8] expected: Datum<numOrders="0", name="Saurabh Tester4", completedOrders="0", mobileNo="7868031245", payroll=null, cityId="jaipur", currentOrder="0", stationId=null, stateCode=-1, createdBy=null, id="5491729750818816">
data[8]   actual: Datum<numOrders="--", name="QASaurabh2", completedOrders="--", mobileNo="7568031284", payroll=null, cityId="jaipur", currentOrder="--", stationId=null, stateCode=1, createdBy=null, id="5668100972216320">

data[8].numOrders expected: "0"
data[8].numOrders   actual: "--"

data[8].name expected: "Saurabh Tester4"
data[8].name   actual: "QASaurabh2"

data[8].completedOrders expected: "0"
data[8].completedOrders   actual: "--"

data[8].stateCode expected: -1
data[8].stateCode   actual: 1

data[8].mobileNo expected: "7868031245"
data[8].mobileNo   actual: "7568031284"

data[8].id expected: "5491729750818816"
data[8].id   actual: "5668100972216320"

data[8].currentOrder expected: "0"
data[8].currentOrder   actual: "--"

data[9] expected: Datum<numOrders="0", name="QASaurabh2", completedOrders="0", mobileNo="7568031284", payroll=null, cityId="jaipur", currentOrder="0", stationId=null, stateCode=1, createdBy=null, id="5668100972216320">
data[9]   actual: Datum<numOrders="--", name="Saurabh Tester9", completedOrders="--", mobileNo="7869981247", payroll=null, cityId="jaipur", currentOrder="--", stationId=null, stateCode=-1, createdBy=null, id="5684372455817216">

data[9].numOrders expected: "0"
data[9].numOrders   actual: "--"

data[9].name expected: "QASaurabh2"
data[9].name   actual: "Saurabh Tester9"

data[9].completedOrders expected: "0"
data[9].completedOrders   actual: "--"

data[9].stateCode expected: 1
data[9].stateCode   actual: -1

data[9].mobileNo expected: "7568031284"
data[9].mobileNo   actual: "7869981247"

data[9].id expected: "5668100972216320"
data[9].id   actual: "5684372455817216"

data[9].currentOrder expected: "0"
data[9].currentOrder   actual: "--"

data[10] expected: Datum<numOrders="0", name="Saurabh Tester9", completedOrders="0", mobileNo="7869981247", payroll=null, cityId="jaipur", currentOrder="0", stationId=null, stateCode=-1, createdBy=null, id="5684372455817216">
data[10]   actual: Datum<numOrders="--", name="Saurabh Tester6", completedOrders="--", mobileNo="7868041247", payroll=null, cityId="jaipur", currentOrder="--", stationId=null, stateCode=-1, createdBy=null, id="5688083307560960">

data[10].numOrders expected: "0"
data[10].numOrders   actual: "--"

data[10].name expected: "Saurabh Tester9"
data[10].name   actual: "Saurabh Tester6"

data[10].completedOrders expected: "0"
data[10].completedOrders   actual: "--"

data[10].mobileNo expected: "7869981247"
data[10].mobileNo   actual: "7868041247"

data[10].id expected: "5684372455817216"
data[10].id   actual: "5688083307560960"

data[10].currentOrder expected: "0"
data[10].currentOrder   actual: "--"

data[11] expected: Datum<numOrders="0", name="Saurabh Tester6", completedOrders="0", mobileNo="7868041247", payroll=null, cityId="jaipur", currentOrder="0", stationId=null, stateCode=-1, createdBy=null, id="5688083307560960">
data[11]   actual: Datum<numOrders="--", name="Saurabh Tester100", completedOrders="--", mobileNo="1001000100", payroll=null, cityId="jaipur", currentOrder="--", stationId=null, stateCode=-1, createdBy=null, id="5733307635466240">

data[11].numOrders expected: "0"
data[11].numOrders   actual: "--"

data[11].name expected: "Saurabh Tester6"
data[11].name   actual: "Saurabh Tester100"

data[11].completedOrders expected: "0"
data[11].completedOrders   actual: "--"

data[11].mobileNo expected: "7868041247"
data[11].mobileNo   actual: "1001000100"

data[11].id expected: "5688083307560960"
data[11].id   actual: "5733307635466240"

data[11].currentOrder expected: "0"
data[11].currentOrder   actual: "--"

data[12] expected: Datum<numOrders="0", name="Saurabh Tester100", completedOrders="0", mobileNo="1001000100", payroll=null, cityId="jaipur", currentOrder="0", stationId=null, stateCode=-1, createdBy=null, id="5733307635466240">
data[12]   actual: Datum<numOrders="--", name="NavdeepAuriga", completedOrders="--", mobileNo="9108876517", payroll=null, cityId="jaipur", currentOrder="--", stationId=null, stateCode=1, createdBy=null, id="5736044737593344">

data[12].numOrders expected: "0"
data[12].numOrders   actual: "--"

data[12].name expected: "Saurabh Tester100"
data[12].name   actual: "NavdeepAuriga"

data[12].completedOrders expected: "0"
data[12].completedOrders   actual: "--"

data[12].stateCode expected: -1
data[12].stateCode   actual: 1

data[12].mobileNo expected: "1001000100"
data[12].mobileNo   actual: "9108876517"

data[12].id expected: "5733307635466240"
data[12].id   actual: "5736044737593344"

data[12].currentOrder expected: "0"
data[12].currentOrder   actual: "--"

data[13] expected: Datum<numOrders="0", name="NavdeepAuriga", completedOrders="0", mobileNo="9108876517", payroll=null, cityId="jaipur", currentOrder="0", stationId=null, stateCode=1, createdBy=null, id="5736044737593344">
data[13]   actual: Datum<numOrders="--", name="Saurabh Tester10", completedOrders="--", mobileNo="7869231247", payroll=null, cityId="jaipur", currentOrder="--", stationId=null, stateCode=-1, createdBy=null, id="5759482843889664">

data[13].numOrders expected: "0"
data[13].numOrders   actual: "--"

data[13].name expected: "NavdeepAuriga"
data[13].name   actual: "Saurabh Tester10"

data[13].completedOrders expected: "0"
data[13].completedOrders   actual: "--"

data[13].stateCode expected: 1
data[13].stateCode   actual: -1

data[13].mobileNo expected: "9108876517"
data[13].mobileNo   actual: "7869231247"

data[13].id expected: "5736044737593344"
data[13].id   actual: "5759482843889664"

data[13].currentOrder expected: "0"
data[13].currentOrder   actual: "--"

data[14] expected: Datum<numOrders="0", name="Saurabh Tester10", completedOrders="0", mobileNo="7869231247", payroll=null, cityId="jaipur", currentOrder="0", stationId=null, stateCode=-1, createdBy=null, id="5759482843889664">
data[14]   actual: Datum<numOrders="--", name="QASaurabh", completedOrders="--", mobileNo="7791823335", payroll=null, cityId="jaipur", currentOrder="--", stationId=null, stateCode=1, createdBy=null, id="5933932872728576">

data[14].numOrders expected: "0"
data[14].numOrders   actual: "--"

data[14].name expected: "Saurabh Tester10"
data[14].name   actual: "QASaurabh"

data[14].completedOrders expected: "0"
data[14].completedOrders   actual: "--"

data[14].stateCode expected: -1
data[14].stateCode   actual: 1

data[14].mobileNo expected: "7869231247"
data[14].mobileNo   actual: "7791823335"

data[14].id expected: "5759482843889664"
data[14].id   actual: "5933932872728576"

data[14].currentOrder expected: "0"
data[14].currentOrder   actual: "--"

data[15] expected: Datum<numOrders="0", name="QASaurabh", completedOrders="0", mobileNo="7791823335", payroll=null, cityId="jaipur", currentOrder="0", stationId=null, stateCode=1, createdBy=null, id="5933932872728576">
data[15]   actual: Datum<numOrders="--", name="Saurabh", completedOrders="--", mobileNo="9599855555", payroll=null, cityId="jaipur", currentOrder="--", stationId=null, stateCode=-1, createdBy=null, id="5935030303981568">

data[15].numOrders expected: "0"
data[15].numOrders   actual: "--"

data[15].name expected: "QASaurabh"
data[15].name   actual: "Saurabh"

data[15].completedOrders expected: "0"
data[15].completedOrders   actual: "--"

data[15].stateCode expected: 1
data[15].stateCode   actual: -1

data[15].mobileNo expected: "7791823335"
data[15].mobileNo   actual: "9599855555"

data[15].id expected: "5933932872728576"
data[15].id   actual: "5935030303981568"

data[15].currentOrder expected: "0"
data[15].currentOrder   actual: "--"

data[16] expected: Datum<numOrders="0", name="QASaurabh10", completedOrders="0", mobileNo="1234567890", payroll=null, cityId="jaipur", currentOrder="0", stationId=null, stateCode=-1, createdBy=null, id="5992794258669568">
data[16]   actual: Datum<numOrders="--", name="QASaurabh10", completedOrders="--", mobileNo="1234567890", payroll=null, cityId="jaipur", currentOrder="--", stationId=null, stateCode=-1, createdBy=null, id="5992794258669568">

data[16].numOrders expected: "0"
data[16].numOrders   actual: "--"

data[16].completedOrders expected: "0"
data[16].completedOrders   actual: "--"

data[16].currentOrder expected: "0"
data[16].currentOrder   actual: "--"

data[17] expected: Datum<numOrders="0", name="QASaurabh101", completedOrders="0", mobileNo="9660752421", payroll=null, cityId="jaipur", currentOrder="0", stationId=null, stateCode=-1, createdBy=null, id="6002990309703680">
data[17]   actual: Datum<numOrders="--", name="QASaurabh101", completedOrders="--", mobileNo="9660752421", payroll=null, cityId="jaipur", currentOrder="--", stationId=null, stateCode=-1, createdBy=null, id="6002990309703680">

data[17].numOrders expected: "0"
data[17].numOrders   actual: "--"

data[17].completedOrders expected: "0"
data[17].completedOrders   actual: "--"

data[17].currentOrder expected: "0"
data[17].currentOrder   actual: "--"

data[18] expected: Datum<numOrders="0", name="QASaurabh3", completedOrders="0", mobileNo="9929790015", payroll=null, cityId="jaipur", currentOrder="0", stationId=null, stateCode=-1, createdBy=null, id="6024598827040768">
data[18]   actual: Datum<numOrders="--", name="QASaurabh3", completedOrders="--", mobileNo="9929790015", payroll=null, cityId="jaipur", currentOrder="--", stationId=null, stateCode=-1, createdBy=null, id="6024598827040768">

data[18].numOrders expected: "0"
data[18].numOrders   actual: "--"

data[18].completedOrders expected: "0"
data[18].completedOrders   actual: "--"

data[18].currentOrder expected: "0"
data[18].currentOrder   actual: "--"

data[19] expected: Datum<numOrders="0", name="Saurabh Tester8", completedOrders="0", mobileNo="7869081247", payroll=null, cityId="jaipur", currentOrder="0", stationId=null, stateCode=-1, createdBy=null, id="6221938078777344">
data[19]   actual: Datum<numOrders="--", name="Saurabh Tester8", completedOrders="--", mobileNo="7869081247", payroll=null, cityId="jaipur", currentOrder="--", stationId=null, stateCode=-1, createdBy=null, id="6221938078777344">

data[19].numOrders expected: "0"
data[19].numOrders   actual: "--"

data[19].completedOrders expected: "0"
data[19].completedOrders   actual: "--"

data[19].currentOrder expected: "0"
data[19].currentOrder   actual: "--"

data[20] expected: Datum<numOrders="0", name="Test100", completedOrders="0", mobileNo="1111111111", payroll=null, cityId="jaipur", currentOrder="0", stationId=null, stateCode=-1, createdBy=null, id="6227917713440768">
data[20]   actual: Datum<numOrders="--", name="Saurabh Tester12", completedOrders="--", mobileNo="8969231247", payroll=null, cityId="jaipur", currentOrder="--", stationId=null, stateCode=-1, createdBy=null, id="6296286110154752">

data[20].numOrders expected: "0"
data[20].numOrders   actual: "--"

data[20].name expected: "Test100"
data[20].name   actual: "Saurabh Tester12"

data[20].completedOrders expected: "0"
data[20].completedOrders   actual: "--"

data[20].mobileNo expected: "1111111111"
data[20].mobileNo   actual: "8969231247"

data[20].id expected: "6227917713440768"
data[20].id   actual: "6296286110154752"

data[20].currentOrder expected: "0"
data[20].currentOrder   actual: "--"

data[21] expected: Datum<numOrders="0", name="Saurabh Tester12", completedOrders="0", mobileNo="8969231247", payroll=null, cityId="jaipur", currentOrder="0", stationId=null, stateCode=-1, createdBy=null, id="6296286110154752">
data[21]   actual: Datum<numOrders="--", name="QASaurabh100", completedOrders="--", mobileNo="9660752415", payroll=null, cityId="jaipur", currentOrder="--", stationId=null, stateCode=-1, createdBy=null, id="6623937354006528">

data[21].numOrders expected: "0"
data[21].numOrders   actual: "--"

data[21].name expected: "Saurabh Tester12"
data[21].name   actual: "QASaurabh100"

data[21].completedOrders expected: "0"
data[21].completedOrders   actual: "--"

data[21].mobileNo expected: "8969231247"
data[21].mobileNo   actual: "9660752415"

data[21].id expected: "6296286110154752"
data[21].id   actual: "6623937354006528"

data[21].currentOrder expected: "0"
data[21].currentOrder   actual: "--"

data[22] expected: Datum<numOrders="0", name="QASaurabh100", completedOrders="0", mobileNo="9660752415", payroll=null, cityId="jaipur", currentOrder="0", stationId=null, stateCode=-1, createdBy=null, id="6623937354006528">
data[22]   actual: ""

data[23] expected: Datum<numOrders="0", name="SaurabhGrofers", completedOrders="0", mobileNo="9929790000", payroll=null, cityId="jaipur", currentOrder="0", stationId=null, stateCode=-1, createdBy=null, id="6667926375497728">
data[23]   actual: ""


	at junit.framework.Assert.fail(Assert.java:50)
	at org.unitils.reflectionassert.ReflectionAssert.assertReflectionEquals(ReflectionAssert.java:136)
	at org.unitils.reflectionassert.ReflectionAssert.assertReflectionEquals(ReflectionAssert.java:99)
	at apiTests.GetShopperBuCityId.GetShopperBuCityIdTest(GetShopperBuCityId.java:41)
]]></failure>
    <system-out><![CDATA[Verify the response of GetShopperBuCityId Api.
Base URL is http://test-grofers-hp.appspot.com
]]></system-out>
  </testcase>
  <testcase name="InsertOrderTest" classname="apiTests.InsertOrder" time="1.685"/>
  <testcase name="GetShopperByMerchantIdTest" classname="apiTests.GetShopperByMerchantId" time="0.929">
    <failure message="&#10;Expected: ShopperByMerchantIdResponse&lt;message=&quot;shoppers fetched!&quot;, data=[Datum&lt;numOrders=&quot;0&quot;, name=&quot;QASaurabh&quot;, completedOrders=&quot;0&quot;, mobileNo=&quot;7791823335&quot;, payroll=null, cityId=&quot;jaipur&quot;, currentOrder=&quot;0&quot;, stationId=null, stateCode=1, createdBy=null, id=&quot;5933932872728576&quot;&gt;], success=true&gt;&#10;  Actual: ShopperByMerchantIdResponse&lt;message=&quot;shoppers fetched!&quot;, data=[Datum&lt;numOrders=&quot;--&quot;, name=&quot;QASaurabh2&quot;, completedOrders=&quot;--&quot;, mobileNo=&quot;7568031284&quot;, payroll=null, cityId=&quot;jaipur&quot;, currentOrder=&quot;--&quot;, stationId=null, stateCode=1, createdBy=null, id=&quot;5668100972216320&quot;&gt;], success=true&gt;&#10;&#10;--- Found following differences ---&#10;data[0].numOrders: expected: &quot;0&quot;, actual: &quot;--&quot;&#10;data[0].name: expected: &quot;QASaurabh&quot;, actual: &quot;QASaurabh2&quot;&#10;data[0].completedOrders: expected: &quot;0&quot;, actual: &quot;--&quot;&#10;data[0].mobileNo: expected: &quot;7791823335&quot;, actual: &quot;7568031284&quot;&#10;data[0].id: expected: &quot;5933932872728576&quot;, actual: &quot;5668100972216320&quot;&#10;data[0].currentOrder: expected: &quot;0&quot;, actual: &quot;--&quot;&#10;&#10;--- Difference detail tree ---&#10; expected: ShopperByMerchantIdResponse&lt;message=&quot;shoppers fetched!&quot;, data=[Datum&lt;numOrders=&quot;0&quot;, name=&quot;QASaurabh&quot;, completedOrders=&quot;0&quot;, mobileNo=&quot;7791823335&quot;, payroll=null, cityId=&quot;jaipur&quot;, currentOrder=&quot;0&quot;, stationId=null, stateCode=1, createdBy=null, id=&quot;5933932872728576&quot;&gt;], success=true&gt;&#10;   actual: ShopperByMerchantIdResponse&lt;message=&quot;shoppers fetched!&quot;, data=[Datum&lt;numOrders=&quot;--&quot;, name=&quot;QASaurabh2&quot;, completedOrders=&quot;--&quot;, mobileNo=&quot;7568031284&quot;, payroll=null, cityId=&quot;jaipur&quot;, currentOrder=&quot;--&quot;, stationId=null, stateCode=1, createdBy=null, id=&quot;5668100972216320&quot;&gt;], success=true&gt;&#10;&#10;data expected: [Datum&lt;numOrders=&quot;0&quot;, name=&quot;QASaurabh&quot;, completedOrders=&quot;0&quot;, mobileNo=&quot;7791823335&quot;, payroll=null, cityId=&quot;jaipur&quot;, currentOrder=&quot;0&quot;, stationId=null, stateCode=1, createdBy=null, id=&quot;5933932872728576&quot;&gt;]&#10;data   actual: [Datum&lt;numOrders=&quot;--&quot;, name=&quot;QASaurabh2&quot;, completedOrders=&quot;--&quot;, mobileNo=&quot;7568031284&quot;, payroll=null, cityId=&quot;jaipur&quot;, currentOrder=&quot;--&quot;, stationId=null, stateCode=1, createdBy=null, id=&quot;5668100972216320&quot;&gt;]&#10;&#10;data[0] expected: Datum&lt;numOrders=&quot;0&quot;, name=&quot;QASaurabh&quot;, completedOrders=&quot;0&quot;, mobileNo=&quot;7791823335&quot;, payroll=null, cityId=&quot;jaipur&quot;, currentOrder=&quot;0&quot;, stationId=null, stateCode=1, createdBy=null, id=&quot;5933932872728576&quot;&gt;&#10;data[0]   actual: Datum&lt;numOrders=&quot;--&quot;, name=&quot;QASaurabh2&quot;, completedOrders=&quot;--&quot;, mobileNo=&quot;7568031284&quot;, payroll=null, cityId=&quot;jaipur&quot;, currentOrder=&quot;--&quot;, stationId=null, stateCode=1, createdBy=null, id=&quot;5668100972216320&quot;&gt;&#10;&#10;data[0].numOrders expected: &quot;0&quot;&#10;data[0].numOrders   actual: &quot;--&quot;&#10;&#10;data[0].name expected: &quot;QASaurabh&quot;&#10;data[0].name   actual: &quot;QASaurabh2&quot;&#10;&#10;data[0].completedOrders expected: &quot;0&quot;&#10;data[0].completedOrders   actual: &quot;--&quot;&#10;&#10;data[0].mobileNo expected: &quot;7791823335&quot;&#10;data[0].mobileNo   actual: &quot;7568031284&quot;&#10;&#10;data[0].id expected: &quot;5933932872728576&quot;&#10;data[0].id   actual: &quot;5668100972216320&quot;&#10;&#10;data[0].currentOrder expected: &quot;0&quot;&#10;data[0].currentOrder   actual: &quot;--&quot;&#10;&#10;" type="junit.framework.AssertionFailedError"><![CDATA[junit.framework.AssertionFailedError: 
Expected: ShopperByMerchantIdResponse<message="shoppers fetched!", data=[Datum<numOrders="0", name="QASaurabh", completedOrders="0", mobileNo="7791823335", payroll=null, cityId="jaipur", currentOrder="0", stationId=null, stateCode=1, createdBy=null, id="5933932872728576">], success=true>
  Actual: ShopperByMerchantIdResponse<message="shoppers fetched!", data=[Datum<numOrders="--", name="QASaurabh2", completedOrders="--", mobileNo="7568031284", payroll=null, cityId="jaipur", currentOrder="--", stationId=null, stateCode=1, createdBy=null, id="5668100972216320">], success=true>

--- Found following differences ---
data[0].numOrders: expected: "0", actual: "--"
data[0].name: expected: "QASaurabh", actual: "QASaurabh2"
data[0].completedOrders: expected: "0", actual: "--"
data[0].mobileNo: expected: "7791823335", actual: "7568031284"
data[0].id: expected: "5933932872728576", actual: "5668100972216320"
data[0].currentOrder: expected: "0", actual: "--"

--- Difference detail tree ---
 expected: ShopperByMerchantIdResponse<message="shoppers fetched!", data=[Datum<numOrders="0", name="QASaurabh", completedOrders="0", mobileNo="7791823335", payroll=null, cityId="jaipur", currentOrder="0", stationId=null, stateCode=1, createdBy=null, id="5933932872728576">], success=true>
   actual: ShopperByMerchantIdResponse<message="shoppers fetched!", data=[Datum<numOrders="--", name="QASaurabh2", completedOrders="--", mobileNo="7568031284", payroll=null, cityId="jaipur", currentOrder="--", stationId=null, stateCode=1, createdBy=null, id="5668100972216320">], success=true>

data expected: [Datum<numOrders="0", name="QASaurabh", completedOrders="0", mobileNo="7791823335", payroll=null, cityId="jaipur", currentOrder="0", stationId=null, stateCode=1, createdBy=null, id="5933932872728576">]
data   actual: [Datum<numOrders="--", name="QASaurabh2", completedOrders="--", mobileNo="7568031284", payroll=null, cityId="jaipur", currentOrder="--", stationId=null, stateCode=1, createdBy=null, id="5668100972216320">]

data[0] expected: Datum<numOrders="0", name="QASaurabh", completedOrders="0", mobileNo="7791823335", payroll=null, cityId="jaipur", currentOrder="0", stationId=null, stateCode=1, createdBy=null, id="5933932872728576">
data[0]   actual: Datum<numOrders="--", name="QASaurabh2", completedOrders="--", mobileNo="7568031284", payroll=null, cityId="jaipur", currentOrder="--", stationId=null, stateCode=1, createdBy=null, id="5668100972216320">

data[0].numOrders expected: "0"
data[0].numOrders   actual: "--"

data[0].name expected: "QASaurabh"
data[0].name   actual: "QASaurabh2"

data[0].completedOrders expected: "0"
data[0].completedOrders   actual: "--"

data[0].mobileNo expected: "7791823335"
data[0].mobileNo   actual: "7568031284"

data[0].id expected: "5933932872728576"
data[0].id   actual: "5668100972216320"

data[0].currentOrder expected: "0"
data[0].currentOrder   actual: "--"


	at junit.framework.Assert.fail(Assert.java:50)
	at org.unitils.reflectionassert.ReflectionAssert.assertReflectionEquals(ReflectionAssert.java:136)
	at org.unitils.reflectionassert.ReflectionAssert.assertReflectionEquals(ReflectionAssert.java:99)
	at apiTests.GetShopperByMerchantId.GetShopperByMerchantIdTest(GetShopperByMerchantId.java:41)
]]></failure>
    <system-out><![CDATA[Verify the response of GetShopperByMerchantId Api.
Base URL is http://test-grofers-hp.appspot.com
]]></system-out>
  </testcase>
  <testcase name="GetShoppersByIdTest" classname="apiTests.GetShoppersById" time="1.53">
    <failure message="&#10;Expected: ShopperByIdResponse&lt;message=&quot;shopper 4904445116678144 fetched successfully!&quot;, data=[Datum&lt;numOrders=&quot;0&quot;, name=&quot;Sk&quot;, completedOrders=&quot;0&quot;, mobileNo=&quot;9686642941&quot;, payroll=null, cityId=&quot;jaipur&quot;, currentOrder=&quot;0&quot;, stationId=null, stateCode=1, createdBy=null, id=&quot;4904445116678144&quot;&gt;], success=true&gt;&#10;  Actual: ShopperByIdResponse&lt;message=&quot;shopper 4904445116678144 fetched successfully!&quot;, data=[Datum&lt;numOrders=&quot;--&quot;, name=&quot;Sk&quot;, completedOrders=&quot;--&quot;, mobileNo=&quot;9686642940&quot;, payroll=null, cityId=&quot;jaipur&quot;, currentOrder=&quot;--&quot;, stationId=null, stateCode=1, createdBy=null, id=&quot;4904445116678144&quot;&gt;], success=true&gt;&#10;&#10;--- Found following differences ---&#10;data[0].numOrders: expected: &quot;0&quot;, actual: &quot;--&quot;&#10;data[0].completedOrders: expected: &quot;0&quot;, actual: &quot;--&quot;&#10;data[0].mobileNo: expected: &quot;9686642941&quot;, actual: &quot;9686642940&quot;&#10;data[0].currentOrder: expected: &quot;0&quot;, actual: &quot;--&quot;&#10;&#10;--- Difference detail tree ---&#10; expected: ShopperByIdResponse&lt;message=&quot;shopper 4904445116678144 fetched successfully!&quot;, data=[Datum&lt;numOrders=&quot;0&quot;, name=&quot;Sk&quot;, completedOrders=&quot;0&quot;, mobileNo=&quot;9686642941&quot;, payroll=null, cityId=&quot;jaipur&quot;, currentOrder=&quot;0&quot;, stationId=null, stateCode=1, createdBy=null, id=&quot;4904445116678144&quot;&gt;], success=true&gt;&#10;   actual: ShopperByIdResponse&lt;message=&quot;shopper 4904445116678144 fetched successfully!&quot;, data=[Datum&lt;numOrders=&quot;--&quot;, name=&quot;Sk&quot;, completedOrders=&quot;--&quot;, mobileNo=&quot;9686642940&quot;, payroll=null, cityId=&quot;jaipur&quot;, currentOrder=&quot;--&quot;, stationId=null, stateCode=1, createdBy=null, id=&quot;4904445116678144&quot;&gt;], success=true&gt;&#10;&#10;data expected: [Datum&lt;numOrders=&quot;0&quot;, name=&quot;Sk&quot;, completedOrders=&quot;0&quot;, mobileNo=&quot;9686642941&quot;, payroll=null, cityId=&quot;jaipur&quot;, currentOrder=&quot;0&quot;, stationId=null, stateCode=1, createdBy=null, id=&quot;4904445116678144&quot;&gt;]&#10;data   actual: [Datum&lt;numOrders=&quot;--&quot;, name=&quot;Sk&quot;, completedOrders=&quot;--&quot;, mobileNo=&quot;9686642940&quot;, payroll=null, cityId=&quot;jaipur&quot;, currentOrder=&quot;--&quot;, stationId=null, stateCode=1, createdBy=null, id=&quot;4904445116678144&quot;&gt;]&#10;&#10;data[0] expected: Datum&lt;numOrders=&quot;0&quot;, name=&quot;Sk&quot;, completedOrders=&quot;0&quot;, mobileNo=&quot;9686642941&quot;, payroll=null, cityId=&quot;jaipur&quot;, currentOrder=&quot;0&quot;, stationId=null, stateCode=1, createdBy=null, id=&quot;4904445116678144&quot;&gt;&#10;data[0]   actual: Datum&lt;numOrders=&quot;--&quot;, name=&quot;Sk&quot;, completedOrders=&quot;--&quot;, mobileNo=&quot;9686642940&quot;, payroll=null, cityId=&quot;jaipur&quot;, currentOrder=&quot;--&quot;, stationId=null, stateCode=1, createdBy=null, id=&quot;4904445116678144&quot;&gt;&#10;&#10;data[0].numOrders expected: &quot;0&quot;&#10;data[0].numOrders   actual: &quot;--&quot;&#10;&#10;data[0].completedOrders expected: &quot;0&quot;&#10;data[0].completedOrders   actual: &quot;--&quot;&#10;&#10;data[0].mobileNo expected: &quot;9686642941&quot;&#10;data[0].mobileNo   actual: &quot;9686642940&quot;&#10;&#10;data[0].currentOrder expected: &quot;0&quot;&#10;data[0].currentOrder   actual: &quot;--&quot;&#10;&#10;" type="junit.framework.AssertionFailedError"><![CDATA[junit.framework.AssertionFailedError: 
Expected: ShopperByIdResponse<message="shopper 4904445116678144 fetched successfully!", data=[Datum<numOrders="0", name="Sk", completedOrders="0", mobileNo="9686642941", payroll=null, cityId="jaipur", currentOrder="0", stationId=null, stateCode=1, createdBy=null, id="4904445116678144">], success=true>
  Actual: ShopperByIdResponse<message="shopper 4904445116678144 fetched successfully!", data=[Datum<numOrders="--", name="Sk", completedOrders="--", mobileNo="9686642940", payroll=null, cityId="jaipur", currentOrder="--", stationId=null, stateCode=1, createdBy=null, id="4904445116678144">], success=true>

--- Found following differences ---
data[0].numOrders: expected: "0", actual: "--"
data[0].completedOrders: expected: "0", actual: "--"
data[0].mobileNo: expected: "9686642941", actual: "9686642940"
data[0].currentOrder: expected: "0", actual: "--"

--- Difference detail tree ---
 expected: ShopperByIdResponse<message="shopper 4904445116678144 fetched successfully!", data=[Datum<numOrders="0", name="Sk", completedOrders="0", mobileNo="9686642941", payroll=null, cityId="jaipur", currentOrder="0", stationId=null, stateCode=1, createdBy=null, id="4904445116678144">], success=true>
   actual: ShopperByIdResponse<message="shopper 4904445116678144 fetched successfully!", data=[Datum<numOrders="--", name="Sk", completedOrders="--", mobileNo="9686642940", payroll=null, cityId="jaipur", currentOrder="--", stationId=null, stateCode=1, createdBy=null, id="4904445116678144">], success=true>

data expected: [Datum<numOrders="0", name="Sk", completedOrders="0", mobileNo="9686642941", payroll=null, cityId="jaipur", currentOrder="0", stationId=null, stateCode=1, createdBy=null, id="4904445116678144">]
data   actual: [Datum<numOrders="--", name="Sk", completedOrders="--", mobileNo="9686642940", payroll=null, cityId="jaipur", currentOrder="--", stationId=null, stateCode=1, createdBy=null, id="4904445116678144">]

data[0] expected: Datum<numOrders="0", name="Sk", completedOrders="0", mobileNo="9686642941", payroll=null, cityId="jaipur", currentOrder="0", stationId=null, stateCode=1, createdBy=null, id="4904445116678144">
data[0]   actual: Datum<numOrders="--", name="Sk", completedOrders="--", mobileNo="9686642940", payroll=null, cityId="jaipur", currentOrder="--", stationId=null, stateCode=1, createdBy=null, id="4904445116678144">

data[0].numOrders expected: "0"
data[0].numOrders   actual: "--"

data[0].completedOrders expected: "0"
data[0].completedOrders   actual: "--"

data[0].mobileNo expected: "9686642941"
data[0].mobileNo   actual: "9686642940"

data[0].currentOrder expected: "0"
data[0].currentOrder   actual: "--"


	at junit.framework.Assert.fail(Assert.java:50)
	at org.unitils.reflectionassert.ReflectionAssert.assertReflectionEquals(ReflectionAssert.java:136)
	at org.unitils.reflectionassert.ReflectionAssert.assertReflectionEquals(ReflectionAssert.java:99)
	at apiTests.GetShoppersById.GetShoppersByIdTest(GetShoppersById.java:43)
]]></failure>
    <system-out><![CDATA[Verify the response of GetShoppersById Api.
Base URL is http://test-grofers-hp.appspot.com
]]></system-out>
  </testcase>
  <testcase name="UpdateMerchantThresholdTest" classname="apiTests.UpdateMerchantThreshold" time="0.509"/>
  <testcase name="CrmAssignmentTest" classname="apiTests.CrmAssignment" time="0.411">
    <failure message="&#10;Expected: null&#10;  Actual: CrmAssignmentResponse&lt;message=&quot;crm updated successfully for order Saurabh%d&quot;, success=true&gt;&#10;&#10;--- Found following differences ---&#10; expected: null&#10;   actual: CrmAssignmentResponse&lt;message=&quot;crm updated successfully for order Saurabh%d&quot;, success=true&gt;&#10;&#10;" type="junit.framework.AssertionFailedError"><![CDATA[junit.framework.AssertionFailedError: 
Expected: null
  Actual: CrmAssignmentResponse<message="crm updated successfully for order Saurabh%d", success=true>

--- Found following differences ---
 expected: null
   actual: CrmAssignmentResponse<message="crm updated successfully for order Saurabh%d", success=true>


	at junit.framework.Assert.fail(Assert.java:50)
	at org.unitils.reflectionassert.ReflectionAssert.assertReflectionEquals(ReflectionAssert.java:136)
	at org.unitils.reflectionassert.ReflectionAssert.assertReflectionEquals(ReflectionAssert.java:99)
	at apiTests.CrmAssignment.CrmAssignmentTest(CrmAssignment.java:56)
]]></failure>
    <system-out><![CDATA[Verify the response of CrmAssignment Api.
Base URL is http://test-grofers-hp.appspot.com
http response code is not 200. 
Test Status of CrmAssignment Api :  FAIL  
]]></system-out>
  </testcase>
</testsuite>