<?xml version="1.0" encoding="UTF-8"?>
<!-- Generated by org.testng.reporters.JUnitReportReporter -->
<testsuite hostname="Kirans-MacBook-Air.local" name="apiTests.PostRescheduleOrder" tests="1" failures="0" timestamp="27 Sep 2016 07:45:36 GMT" time="2.485" errors="0">
  <testcase name="OrderRescheduleTest" time="2.485" classname="apiTests.PostRescheduleOrder"/>
</testsuite> <!-- apiTests.PostRescheduleOrder -->
