<?xml version="1.0" encoding="UTF-8"?>
<!-- Generated by org.testng.reporters.JUnitReportReporter -->
<testsuite hostname="Kirans-MacBook-Air.local" name="apiTests.GetForceUpdateConfig" tests="1" failures="0" timestamp="15 Jul 2016 13:43:23 GMT" time="0.402" errors="0">
  <testcase name="GetShoppersByIdTest" time="0.402" classname="apiTests.GetForceUpdateConfig"/>
</testsuite> <!-- apiTests.GetForceUpdateConfig -->
