<?xml version="1.0" encoding="UTF-8"?>
<!-- Generated by org.testng.reporters.JUnitReportReporter -->
<testsuite hostname="Kirans-MacBook-Air.local" name="apiTests.PostInsertMarketPlaceOrder" tests="1" failures="0" timestamp="27 Jul 2016 13:45:16 GMT" time="1.938" errors="0">
  <testcase name="InsertMarketPlaceOrderTest" time="1.938" classname="apiTests.PostInsertMarketPlaceOrder"/>
</testsuite> <!-- apiTests.PostInsertMarketPlaceOrder -->
