<?xml version="1.0" encoding="UTF-8"?>
<!-- Generated by org.testng.reporters.JUnitReportReporter -->
<testsuite hostname="Kirans-MacBook-Air.local" name="apiTests.GetForceUpdateConfig" tests="1" failures="0" timestamp="12 Oct 2016 11:16:19 GMT" time="0.276" errors="0">
  <testcase name="GetShoppersByIdTest" time="0.276" classname="apiTests.GetForceUpdateConfig"/>
</testsuite> <!-- apiTests.GetForceUpdateConfig -->
