<?xml version="1.0" encoding="UTF-8"?>
<!-- Generated by org.testng.reporters.JUnitReportReporter -->
<testsuite hostname="Kirans-MacBook-Air.local" name="apiTests.PostFeAssignment" tests="1" failures="0" timestamp="18 Jul 2016 10:42:03 GMT" time="1.966" errors="0">
  <testcase name="FeAssignmentTest" time="1.966" classname="apiTests.PostFeAssignment"/>
</testsuite> <!-- apiTests.PostFeAssignment -->
