<?xml version="1.0" encoding="UTF-8"?>
<!-- Generated by org.testng.reporters.JUnitReportReporter -->
<testsuite hostname="Kirans-MacBook-Air.local" name="apiTests.InsertOrder" tests="3" failures="0" timestamp="28 Jun 2016 18:24:03 GMT" time="2.849" errors="0">
  <testcase name="CrmAssignmentTest" time="0.597" classname="apiTests.InsertOrder"/>
  <testcase name="FeAssignmentTest" time="0.800" classname="apiTests.InsertOrder"/>
  <testcase name="InsertOrderTest" time="1.452" classname="apiTests.InsertOrder"/>
</testsuite> <!-- apiTests.InsertOrder -->
