<?xml version="1.0" encoding="UTF-8"?>
<!-- Generated by org.testng.reporters.JUnitReportReporter -->
<testsuite hostname="Kirans-MacBook-Air.local" name="apiTests.PostInsertMarketPlaceOrder" tests="1" failures="0" timestamp="12 Oct 2016 09:47:54 GMT" time="1.703" errors="0">
  <testcase name="InsertMarketPlaceOrderTest" time="1.703" classname="apiTests.PostInsertMarketPlaceOrder"/>
</testsuite> <!-- apiTests.PostInsertMarketPlaceOrder -->
