<?xml version="1.0" encoding="UTF-8"?>
<!-- Generated by org.testng.reporters.JUnitReportReporter -->
<testsuite hostname="Kirans-MacBook-Air.local" name="apiTests.GetMerchantsDetail" tests="1" failures="0" timestamp="9 Jul 2016 07:18:41 GMT" time="0.330" errors="0">
  <testcase name="GetMerchantsDetailTest" time="0.330" classname="apiTests.GetMerchantsDetail"/>
</testsuite> <!-- apiTests.GetMerchantsDetail -->
