<?xml version="1.0" encoding="UTF-8"?>
<!-- Generated by org.testng.reporters.JUnitReportReporter -->
<testsuite hostname="Kirans-MacBook-Air.local" name="regressionSuite.InsertMarketPlaceOrder" tests="1" failures="0" timestamp="29 Jul 2016 09:26:09 GMT" time="2.168" errors="0">
  <testcase name="InsertMarketPlaceOrderTest" time="2.168" classname="regressionSuite.InsertMarketPlaceOrder"/>
</testsuite> <!-- regressionSuite.InsertMarketPlaceOrder -->
