<?xml version="1.0" encoding="UTF-8"?>
<!-- Generated by org.testng.reporters.JUnitReportReporter -->
<testsuite hostname="Kirans-MacBook-Air.local" name="apiTests.PostUpdateMerchantThreshold" tests="1" failures="0" timestamp="19 Jul 2016 13:14:53 GMT" time="1.431" errors="0">
  <testcase name="UpdateMerchantThresholdTest" time="1.431" classname="apiTests.PostUpdateMerchantThreshold"/>
</testsuite> <!-- apiTests.PostUpdateMerchantThreshold -->
