<?xml version="1.0" encoding="UTF-8"?>
<!-- Generated by org.testng.reporters.JUnitReportReporter -->
<testsuite hostname="Kirans-MacBook-Air.local" name="apiTests.PostCrmAssignment" tests="1" failures="0" timestamp="30 Jun 2016 06:38:40 GMT" time="3.028" errors="0">
  <testcase name="CrmAssignmentTest" time="3.028" classname="apiTests.PostCrmAssignment"/>
</testsuite> <!-- apiTests.PostCrmAssignment -->
