<?xml version="1.0" encoding="UTF-8"?>
<!-- Generated by org.testng.reporters.JUnitReportReporter -->
<testsuite hostname="Kirans-MacBook-Air.local" name="apiTests.GetShoppersById" tests="1" failures="0" timestamp="29 Jun 2016 13:32:37 GMT" time="0.425" errors="0">
  <testcase name="GetShoppersByIdTest" time="0.425" classname="apiTests.GetShoppersById"/>
</testsuite> <!-- apiTests.GetShoppersById -->
