<?xml version="1.0" encoding="UTF-8"?>
<!-- Generated by org.testng.reporters.JUnitReportReporter -->
<testsuite hostname="Kirans-MacBook-Air.local" name="apiTests.UpdateMerchantType" tests="1" failures="0" timestamp="15 Jun 2016 11:59:43 GMT" time="2.011" errors="1">
  <testcase name="UpdateMerchantTypeTest" time="2.011" classname="apiTests.UpdateMerchantType">
    <error type="junit.framework.AssertionFailedError" message="
Expected: UpdateMerchantTypeResponse&lt;message=&quot;Merchant added successfully!&quot;, data=Data&lt;cityId=&quot;jaipur&quot;, merchantType=1, name=&quot;QAJaipur4&quot;, id=&quot;1003&quot;&gt;, success=true&gt;
  Actual: UpdateMerchantTypeResponse&lt;message=&quot;Merchant Updated Successfully&quot;, data=Data&lt;cityId=&quot;jaipur&quot;, merchantType=1, name=&quot;QAJaipur4&quot;, id=&quot;1003&quot;&gt;, success=true&gt;

--- Found following differences ---
message: expected: &quot;Merchant added successfully!&quot;, actual: &quot;Merchant Updated Successfully&quot;

--- Difference detail tree ---
 expected: UpdateMerchantTypeResponse&lt;message=&quot;Merchant added successfully!&quot;, data=Data&lt;cityId=&quot;jaipur&quot;, merchantType=1, name=&quot;QAJaipur4&quot;, id=&quot;1003&quot;&gt;, success=true&gt;
   actual: UpdateMerchantTypeResponse&lt;message=&quot;Merchant Updated Successfully&quot;, data=Data&lt;cityId=&quot;jaipur&quot;, merchantType=1, name=&quot;QAJaipur4&quot;, id=&quot;1003&quot;&gt;, success=true&gt;

message expected: &quot;Merchant added successfully!&quot;
message   actual: &quot;Merchant Updated Successfully&quot;

">
      <![CDATA[junit.framework.AssertionFailedError: 
Expected: UpdateMerchantTypeResponse<message="Merchant added successfully!", data=Data<cityId="jaipur", merchantType=1, name="QAJaipur4", id="1003">, success=true>
  Actual: UpdateMerchantTypeResponse<message="Merchant Updated Successfully", data=Data<cityId="jaipur", merchantType=1, name="QAJaipur4", id="1003">, success=true>

--- Found following differences ---
message: expected: "Merchant added successfully!", actual: "Merchant Updated Successfully"

--- Difference detail tree ---
 expected: UpdateMerchantTypeResponse<message="Merchant added successfully!", data=Data<cityId="jaipur", merchantType=1, name="QAJaipur4", id="1003">, success=true>
   actual: UpdateMerchantTypeResponse<message="Merchant Updated Successfully", data=Data<cityId="jaipur", merchantType=1, name="QAJaipur4", id="1003">, success=true>

message expected: "Merchant added successfully!"
message   actual: "Merchant Updated Successfully"


	at junit.framework.Assert.fail(Assert.java:50)
	at org.unitils.reflectionassert.ReflectionAssert.assertReflectionEquals(ReflectionAssert.java:136)
	at org.unitils.reflectionassert.ReflectionAssert.assertReflectionEquals(ReflectionAssert.java:99)
	at apiTests.UpdateMerchantType.UpdateMerchantTypeTest(UpdateMerchantType.java:42)
	at sun.reflect.NativeMethodAccessorImpl.invoke0(Native Method)
	at sun.reflect.NativeMethodAccessorImpl.invoke(NativeMethodAccessorImpl.java:62)
	at sun.reflect.DelegatingMethodAccessorImpl.invoke(DelegatingMethodAccessorImpl.java:43)
	at java.lang.reflect.Method.invoke(Method.java:497)
	at org.testng.internal.MethodInvocationHelper.invokeMethod(MethodInvocationHelper.java:84)
	at org.testng.internal.Invoker.invokeMethod(Invoker.java:714)
	at org.testng.internal.Invoker.invokeTestMethod(Invoker.java:901)
	at org.testng.internal.Invoker.invokeTestMethods(Invoker.java:1231)
	at org.testng.internal.TestMethodWorker.invokeTestMethods(TestMethodWorker.java:127)
	at org.testng.internal.TestMethodWorker.run(TestMethodWorker.java:111)
	at org.testng.TestRunner.privateRun(TestRunner.java:767)
	at org.testng.TestRunner.run(TestRunner.java:617)
	at org.testng.SuiteRunner.runTest(SuiteRunner.java:334)
	at org.testng.SuiteRunner.runSequentially(SuiteRunner.java:329)
	at org.testng.SuiteRunner.privateRun(SuiteRunner.java:291)
	at org.testng.SuiteRunner.run(SuiteRunner.java:240)
	at org.testng.SuiteRunnerWorker.runSuite(SuiteRunnerWorker.java:52)
	at org.testng.SuiteRunnerWorker.run(SuiteRunnerWorker.java:86)
	at org.testng.TestNG.runSuitesSequentially(TestNG.java:1224)
	at org.testng.TestNG.runSuitesLocally(TestNG.java:1149)
	at org.testng.TestNG.run(TestNG.java:1057)
	at org.testng.remote.RemoteTestNG.run(RemoteTestNG.java:115)
	at org.testng.remote.RemoteTestNG.initAndRun(RemoteTestNG.java:207)
	at org.testng.remote.RemoteTestNG.main(RemoteTestNG.java:178)
]]>
    </error>
  </testcase> <!-- UpdateMerchantTypeTest -->
</testsuite> <!-- apiTests.UpdateMerchantType -->
