<?xml version="1.0" encoding="UTF-8"?>
<!-- Generated by org.testng.reporters.JUnitReportReporter -->
<testsuite hostname="Kirans-MacBook-Air.local" name="apiTests.PostAddMerchant" tests="1" failures="0" timestamp="29 Jun 2016 13:32:37 GMT" time="0.408" errors="0">
  <testcase name="AddMerchantTestt" time="0.408" classname="apiTests.PostAddMerchant"/>
</testsuite> <!-- apiTests.PostAddMerchant -->
