<?xml version="1.0" encoding="UTF-8"?>
<!-- Generated by org.testng.reporters.JUnitReportReporter -->
<testsuite hostname="Kirans-MacBook-Air.local" name="apiTests.PostInsertMarketPlaceOrder" tests="1" failures="0" timestamp="29 Jul 2016 07:38:56 GMT" time="2.709" errors="0">
  <testcase name="InsertMarketPlaceOrderTest" time="2.709" classname="apiTests.PostInsertMarketPlaceOrder"/>
</testsuite> <!-- apiTests.PostInsertMarketPlaceOrder -->
