<?xml version="1.0" encoding="UTF-8"?>
<!-- Generated by org.testng.reporters.JUnitReportReporter -->
<testsuite hostname="Kirans-MacBook-Air.local" name="apiTests.PostInsert90MinOrder" tests="1" failures="0" timestamp="19 Jul 2016 13:14:53 GMT" time="1.884" errors="0">
  <testcase name="InsertOrderTest" time="1.884" classname="apiTests.PostInsert90MinOrder"/>
</testsuite> <!-- apiTests.PostInsert90MinOrder -->
