<?xml version="1.0" encoding="UTF-8"?>
<!-- Generated by org.testng.reporters.JUnitReportReporter -->
<testsuite hostname="Kirans-MacBook-Air.local" name="apiTests.PostInsertChildOrder" tests="1" failures="0" timestamp="5 Aug 2016 10:41:49 GMT" time="3.103" errors="0">
  <testcase name="InsertChildOrderTest" time="3.103" classname="apiTests.PostInsertChildOrder"/>
</testsuite> <!-- apiTests.PostInsertChildOrder -->
