<?xml version="1.0" encoding="UTF-8"?>
<!-- Generated by org.testng.reporters.JUnitReportReporter -->
<testsuite hostname="Kirans-MacBook-Air.local" name="apiTests.PostUpdateMerchantThreshold" tests="1" failures="0" timestamp="30 Jun 2016 06:38:40 GMT" time="0.510" errors="0">
  <testcase name="UpdateMerchantThresholdTest" time="0.510" classname="apiTests.PostUpdateMerchantThreshold"/>
</testsuite> <!-- apiTests.PostUpdateMerchantThreshold -->
