<?xml version="1.0" encoding="UTF-8"?>
<!-- Generated by org.testng.reporters.JUnitReportReporter -->
<testsuite hostname="Kirans-MacBook-Air.local" name="apiTests.PostInsertMarketPlaceOrder" tests="1" failures="1" timestamp="5 Aug 2016 10:47:43 GMT" time="0.699" errors="0">
  <testcase name="InsertMarketPlaceOrderTest" time="0.699" classname="apiTests.PostInsertMarketPlaceOrder">
    <failure type="com.google.gson.JsonSyntaxException" message="java.lang.IllegalStateException: Expected an int but was STRING at line 34 column 28 path $.request.data.originalMerchantId">
      <![CDATA[com.google.gson.JsonSyntaxException: java.lang.IllegalStateException: Expected an int but was STRING at line 34 column 28 path $.request.data.originalMerchantId
	at com.google.gson.internal.bind.ReflectiveTypeAdapterFactory$Adapter.read(ReflectiveTypeAdapterFactory.java:220)
	at com.google.gson.internal.bind.ReflectiveTypeAdapterFactory$1.read(ReflectiveTypeAdapterFactory.java:116)
	at com.google.gson.internal.bind.ReflectiveTypeAdapterFactory$Adapter.read(ReflectiveTypeAdapterFactory.java:216)
	at com.google.gson.internal.bind.ReflectiveTypeAdapterFactory$1.read(ReflectiveTypeAdapterFactory.java:116)
	at com.google.gson.internal.bind.ReflectiveTypeAdapterFactory$Adapter.read(ReflectiveTypeAdapterFactory.java:216)
	at com.google.gson.Gson.fromJson(Gson.java:879)
	at utility.FixtureUtils.getAsObject(FixtureUtils.java:36)
	at apiTests.PostInsertMarketPlaceOrder.InsertMarketPlaceOrderTest(PostInsertMarketPlaceOrder.java:28)
	at sun.reflect.NativeMethodAccessorImpl.invoke0(Native Method)
	at sun.reflect.NativeMethodAccessorImpl.invoke(NativeMethodAccessorImpl.java:62)
	at sun.reflect.DelegatingMethodAccessorImpl.invoke(DelegatingMethodAccessorImpl.java:43)
	at java.lang.reflect.Method.invoke(Method.java:497)
	at org.testng.internal.MethodInvocationHelper.invokeMethod(MethodInvocationHelper.java:84)
	at org.testng.internal.Invoker.invokeMethod(Invoker.java:714)
	at org.testng.internal.Invoker.invokeTestMethod(Invoker.java:901)
	at org.testng.internal.Invoker.invokeTestMethods(Invoker.java:1231)
	at org.testng.internal.TestMethodWorker.invokeTestMethods(TestMethodWorker.java:127)
	at org.testng.internal.TestMethodWorker.run(TestMethodWorker.java:111)
	at org.testng.TestRunner.privateRun(TestRunner.java:767)
	at org.testng.TestRunner.run(TestRunner.java:617)
	at org.testng.SuiteRunner.runTest(SuiteRunner.java:334)
	at org.testng.SuiteRunner.runSequentially(SuiteRunner.java:329)
	at org.testng.SuiteRunner.privateRun(SuiteRunner.java:291)
	at org.testng.SuiteRunner.run(SuiteRunner.java:240)
	at org.testng.SuiteRunnerWorker.runSuite(SuiteRunnerWorker.java:52)
	at org.testng.SuiteRunnerWorker.run(SuiteRunnerWorker.java:86)
	at org.testng.TestNG.runSuitesSequentially(TestNG.java:1224)
	at org.testng.TestNG.runSuitesLocally(TestNG.java:1149)
	at org.testng.TestNG.run(TestNG.java:1057)
	at org.testng.remote.RemoteTestNG.run(RemoteTestNG.java:115)
	at org.testng.remote.RemoteTestNG.initAndRun(RemoteTestNG.java:207)
	at org.testng.remote.RemoteTestNG.main(RemoteTestNG.java:178)
Caused by: java.lang.IllegalStateException: Expected an int but was STRING at line 34 column 28 path $.request.data.originalMerchantId
	at com.google.gson.stream.JsonReader.nextInt(JsonReader.java:1194)
	at com.google.gson.internal.bind.TypeAdapters$7.read(TypeAdapters.java:247)
	at com.google.gson.internal.bind.TypeAdapters$7.read(TypeAdapters.java:239)
	at com.google.gson.internal.bind.ReflectiveTypeAdapterFactory$1.read(ReflectiveTypeAdapterFactory.java:116)
	at com.google.gson.internal.bind.ReflectiveTypeAdapterFactory$Adapter.read(ReflectiveTypeAdapterFactory.java:216)
	... 31 more
]]>
    </failure>
  </testcase> <!-- InsertMarketPlaceOrderTest -->
</testsuite> <!-- apiTests.PostInsertMarketPlaceOrder -->
