<?xml version="1.0" encoding="UTF-8"?>
<!-- Generated by org.testng.reporters.JUnitReportReporter -->
<testsuite hostname="Kirans-MacBook-Air.local" name="apiTests.PostInsertOrder" tests="1" failures="0" timestamp="8 Jul 2016 11:24:51 GMT" time="0.551" errors="0">
  <testcase name="InsertOrderTest" time="0.551" classname="apiTests.PostInsertOrder"/>
</testsuite> <!-- apiTests.PostInsertOrder -->
