<?xml version="1.0" encoding="UTF-8"?>
<!-- Generated by org.testng.reporters.JUnitReportReporter -->
<testsuite hostname="Kirans-MacBook-Air.local" name="apiTests.PostCrmAssignment" tests="1" failures="0" timestamp="28 Sep 2016 07:10:51 GMT" time="5.893" errors="0">
  <testcase name="CrmAssignmentTest" time="5.893" classname="apiTests.PostCrmAssignment"/>
</testsuite> <!-- apiTests.PostCrmAssignment -->
