<?xml version="1.0" encoding="UTF-8"?>
<!-- Generated by org.testng.reporters.JUnitReportReporter -->
<testsuite hostname="Kirans-MacBook-Air.local" name="apiTests.PostFeAssignment" tests="1" failures="0" timestamp="27 Sep 2016 11:22:15 GMT" time="4.644" errors="0">
  <testcase name="FeAssignmentTest" time="4.644" classname="apiTests.PostFeAssignment"/>
</testsuite> <!-- apiTests.PostFeAssignment -->
