<?xml version="1.0" encoding="UTF-8"?>
<!-- Generated by org.testng.reporters.JUnitReportReporter -->
<testsuite hostname="Kirans-MacBook-Air.local" name="regressionSuite.testtt" tests="1" failures="0" timestamp="23 Sep 2016 07:33:25 GMT" time="0.767" errors="0">
  <testcase name="test" time="0.767" classname="regressionSuite.testtt"/>
</testsuite> <!-- regressionSuite.testtt -->
