<?xml version="1.0" encoding="UTF-8"?>
<!-- Generated by org.testng.reporters.JUnitReportReporter -->
<testsuite hostname="Kirans-MacBook-Air.local" name="apiTests.Test123" tests="1" failures="0" timestamp="29 Jun 2016 09:01:47 GMT" time="2.075" errors="0">
  <testcase name="testerHere" time="2.075" classname="apiTests.Test123"/>
</testsuite> <!-- apiTests.Test123 -->
