<?xml version="1.0" encoding="UTF-8"?>
<!-- Generated by org.testng.reporters.JUnitReportReporter -->
<testsuite hostname="Kirans-MacBook-Air.local" name="apiTests.GetShopperBuCityId" tests="1" failures="0" timestamp="14 Jun 2016 18:40:56 GMT" time="1.546" errors="1">
  <testcase name="GetShopperBuCityIdTest" time="1.546" classname="apiTests.GetShopperBuCityId">
    <error type="junit.framework.AssertionFailedError" message="
Expected: ShopperByCityIdResponse&lt;message=&quot;shoppers fetched!&quot;, data=[Datum&lt;numOrders=&quot;0&quot;, name=&quot;Sk&quot;, completedOrders=&quot;0&quot;, mobileNo=&quot;9686642941&quot;, payroll=null, cityId=&quot;jaipur&quot;, currentOrder=&quot;0&quot;, stationId=null, stateCode=1, createdBy=null, id=&quot;4904445116678144&quot;&gt;, Datum&lt;numOrders=&quot;0&quot;, name=&quot;Sahil&quot;, completedOrders=&quot;0&quot;, mobileNo=&quot;8058695344&quot;, payroll=null, cityId=&quot;jaipur&quot;, currentOrder=&quot;0&quot;, stationId=null, stateCode=1, createdBy=null, id=&quot;4905593080905728&quot;&gt;, Datum&lt;numOrders=&quot;0&quot;, name=&quot;saurabh Tester11&quot;, completedOrders=&quot;0&quot;, mobileNo=&quot;1234445555&quot;, payroll=null, cityId=&quot;jaipur&quot;, currentOrder=&quot;0&quot;, stationId=null, stateCode=-1, createdBy=null, id=&quot;5094657339949056&quot;&gt;, Datum&lt;numOrders=&quot;0&quot;, name=&quot;Saurabh Tester2&quot;, completedOrders=&quot;0&quot;, mobileNo=&quot;7368031285&quot;, payroll=null, cityId=&quot;jaipur&quot;, currentOrder=&quot;0&quot;, stationId=null, stateCode=-1, createdBy=null, id=&quot;5167746945908736&quot;&gt;, Datum&lt;numOrders=&quot;0&quot;, name=&quot;Saurabh Tester3&quot;, completedOrders=&quot;0&quot;, mobileNo=&quot;7868031285&quot;, payroll=null, cityId=&quot;jaipur&quot;, currentOrder=&quot;0&quot;, stationId=null, stateCode=-1, createdBy=null, id=&quot;5172775815741440&quot;&gt;, Datum&lt;numOrders=&quot;0&quot;, name=&quot;Saurabh Tester5&quot;, completedOrders=&quot;0&quot;, mobileNo=&quot;7868031247&quot;, payroll=null, cityId=&quot;jaipur&quot;, currentOrder=&quot;0&quot;, stationId=null, stateCode=-1, createdBy=null, id=&quot;5176692825915392&quot;&gt;, Datum&lt;numOrders=&quot;0&quot;, name=&quot;Saurabh Tester7&quot;, completedOrders=&quot;0&quot;, mobileNo=&quot;7868081247&quot;, payroll=null, cityId=&quot;jaipur&quot;, currentOrder=&quot;0&quot;, stationId=null, stateCode=-1, createdBy=null, id=&quot;5252924737323008&quot;&gt;, Datum&lt;numOrders=&quot;0&quot;, name=&quot;OnCall&quot;, completedOrders=&quot;0&quot;, mobileNo=&quot;9148981148&quot;, payroll=null, cityId=&quot;jaipur&quot;, currentOrder=&quot;0&quot;, stationId=null, stateCode=1, createdBy=null, id=&quot;5361126808223744&quot;&gt;, Datum&lt;numOrders=&quot;0&quot;, name=&quot;Saurabh Tester4&quot;, completedOrders=&quot;0&quot;, mobileNo=&quot;7868031245&quot;, payroll=null, cityId=&quot;jaipur&quot;, currentOrder=&quot;0&quot;, stationId=null, stateCode=-1, createdBy=null, id=&quot;5491729750818816&quot;&gt;, Datum&lt;numOrders=&quot;0&quot;, name=&quot;QASaurabh2&quot;, completedOrders=&quot;0&quot;, mobileNo=&quot;7568031284&quot;, payroll=null, cityId=&quot;jaipur&quot;, currentOrder=&quot;0&quot;, stationId=null, stateCode=1, createdBy=null, id=&quot;5668100972216320&quot;&gt;, Datum&lt;numOrders=&quot;0&quot;, name=&quot;Saurabh Tester9&quot;, completedOrders=&quot;0&quot;, mobileNo=&quot;7869981247&quot;, payroll=null, cityId=&quot;jaipur&quot;, currentOrder=&quot;0&quot;, stationId=null, stateCode=-1, createdBy=null, id=&quot;5684372455817216&quot;&gt;, Datum&lt;numOrders=&quot;0&quot;, name=&quot;Saurabh Tester6&quot;, completedOrders=&quot;0&quot;, mobileNo=&quot;7868041247&quot;, payroll=null, cityId=&quot;jaipur&quot;, currentOrder=&quot;0&quot;, stationId=null, stateCode=-1, createdBy=null, id=&quot;5688083307560960&quot;&gt;, Datum&lt;numOrders=&quot;0&quot;, name=&quot;Saurabh Tester100&quot;, completedOrders=&quot;0&quot;, mobileNo=&quot;1001000100&quot;, payroll=null, cityId=&quot;jaipur&quot;, currentOrder=&quot;0&quot;, stationId=null, stateCode=-1, createdBy=null, id=&quot;5733307635466240&quot;&gt;, Datum&lt;numOrders=&quot;0&quot;, name=&quot;NavdeepAuriga&quot;, completedOrders=&quot;0&quot;, mobileNo=&quot;9108876517&quot;, payroll=null, cityId=&quot;jaipur&quot;, currentOrder=&quot;0&quot;, stationId=null, stateCode=1, createdBy=null, id=&quot;5736044737593344&quot;&gt;, Datum&lt;numOrders=&quot;0&quot;, name=&quot;Saurabh Tester10&quot;, completedOrders=&quot;0&quot;, mobileNo=&quot;7869231247&quot;, payroll=null, cityId=&quot;jaipur&quot;, currentOrder=&quot;0&quot;, stationId=null, stateCode=-1, createdBy=null, id=&quot;5759482843889664&quot;&gt;, ...], success=true&gt;
  Actual: ShopperByCityIdResponse&lt;message=&quot;shoppers fetched!&quot;, data=[Datum&lt;numOrders=&quot;--&quot;, name=&quot;Sk&quot;, completedOrders=&quot;--&quot;, mobileNo=&quot;9686642940&quot;, payroll=null, cityId=&quot;jaipur&quot;, currentOrder=&quot;--&quot;, stationId=null, stateCode=1, createdBy=null, id=&quot;4904445116678144&quot;&gt;, Datum&lt;numOrders=&quot;--&quot;, name=&quot;Sahil&quot;, completedOrders=&quot;--&quot;, mobileNo=&quot;8058695344&quot;, payroll=null, cityId=&quot;jaipur&quot;, currentOrder=&quot;--&quot;, stationId=null, stateCode=1, createdBy=null, id=&quot;4905593080905728&quot;&gt;, Datum&lt;numOrders=&quot;--&quot;, name=&quot;saurabh Tester11&quot;, completedOrders=&quot;--&quot;, mobileNo=&quot;1234445555&quot;, payroll=null, cityId=&quot;jaipur&quot;, currentOrder=&quot;--&quot;, stationId=null, stateCode=-1, createdBy=null, id=&quot;5094657339949056&quot;&gt;, Datum&lt;numOrders=&quot;--&quot;, name=&quot;Saurabh Tester2&quot;, completedOrders=&quot;--&quot;, mobileNo=&quot;7368031285&quot;, payroll=null, cityId=&quot;jaipur&quot;, currentOrder=&quot;--&quot;, stationId=null, stateCode=-1, createdBy=null, id=&quot;5167746945908736&quot;&gt;, Datum&lt;numOrders=&quot;--&quot;, name=&quot;Saurabh Tester3&quot;, completedOrders=&quot;--&quot;, mobileNo=&quot;7868031285&quot;, payroll=null, cityId=&quot;jaipur&quot;, currentOrder=&quot;--&quot;, stationId=null, stateCode=-1, createdBy=null, id=&quot;5172775815741440&quot;&gt;, Datum&lt;numOrders=&quot;--&quot;, name=&quot;Saurabh Tester5&quot;, completedOrders=&quot;--&quot;, mobileNo=&quot;7868031247&quot;, payroll=null, cityId=&quot;jaipur&quot;, currentOrder=&quot;--&quot;, stationId=null, stateCode=-1, createdBy=null, id=&quot;5176692825915392&quot;&gt;, Datum&lt;numOrders=&quot;--&quot;, name=&quot;Saurabh Tester7&quot;, completedOrders=&quot;--&quot;, mobileNo=&quot;7868081247&quot;, payroll=null, cityId=&quot;jaipur&quot;, currentOrder=&quot;--&quot;, stationId=null, stateCode=-1, createdBy=null, id=&quot;5252924737323008&quot;&gt;, Datum&lt;numOrders=&quot;--&quot;, name=&quot;Saurabh Tester4&quot;, completedOrders=&quot;--&quot;, mobileNo=&quot;7868031245&quot;, payroll=null, cityId=&quot;jaipur&quot;, currentOrder=&quot;--&quot;, stationId=null, stateCode=-1, createdBy=null, id=&quot;5491729750818816&quot;&gt;, Datum&lt;numOrders=&quot;--&quot;, name=&quot;QASaurabh2&quot;, completedOrders=&quot;--&quot;, mobileNo=&quot;7568031284&quot;, payroll=null, cityId=&quot;jaipur&quot;, currentOrder=&quot;--&quot;, stationId=null, stateCode=1, createdBy=null, id=&quot;5668100972216320&quot;&gt;, Datum&lt;numOrders=&quot;--&quot;, name=&quot;Saurabh Tester9&quot;, completedOrders=&quot;--&quot;, mobileNo=&quot;7869981247&quot;, payroll=null, cityId=&quot;jaipur&quot;, currentOrder=&quot;--&quot;, stationId=null, stateCode=-1, createdBy=null, id=&quot;5684372455817216&quot;&gt;, Datum&lt;numOrders=&quot;--&quot;, name=&quot;Saurabh Tester6&quot;, completedOrders=&quot;--&quot;, mobileNo=&quot;7868041247&quot;, payroll=null, cityId=&quot;jaipur&quot;, currentOrder=&quot;--&quot;, stationId=null, stateCode=-1, createdBy=null, id=&quot;5688083307560960&quot;&gt;, Datum&lt;numOrders=&quot;--&quot;, name=&quot;Saurabh Tester100&quot;, completedOrders=&quot;--&quot;, mobileNo=&quot;1001000100&quot;, payroll=null, cityId=&quot;jaipur&quot;, currentOrder=&quot;--&quot;, stationId=null, stateCode=-1, createdBy=null, id=&quot;5733307635466240&quot;&gt;, Datum&lt;numOrders=&quot;--&quot;, name=&quot;NavdeepAuriga&quot;, completedOrders=&quot;--&quot;, mobileNo=&quot;9108876517&quot;, payroll=null, cityId=&quot;jaipur&quot;, currentOrder=&quot;--&quot;, stationId=null, stateCode=1, createdBy=null, id=&quot;5736044737593344&quot;&gt;, Datum&lt;numOrders=&quot;--&quot;, name=&quot;Saurabh Tester10&quot;, completedOrders=&quot;--&quot;, mobileNo=&quot;7869231247&quot;, payroll=null, cityId=&quot;jaipur&quot;, currentOrder=&quot;--&quot;, stationId=null, stateCode=-1, createdBy=null, id=&quot;5759482843889664&quot;&gt;, Datum&lt;numOrders=&quot;--&quot;, name=&quot;QASaurabh&quot;, completedOrders=&quot;--&quot;, mobileNo=&quot;7791823335&quot;, payroll=null, cityId=&quot;jaipur&quot;, currentOrder=&quot;--&quot;, stationId=null, stateCode=1, createdBy=null, id=&quot;5933932872728576&quot;&gt;, ...], success=true&gt;

--- Found following differences ---
data[0].numOrders: expected: &quot;0&quot;, actual: &quot;--&quot;
data[0].completedOrders: expected: &quot;0&quot;, actual: &quot;--&quot;
data[0].mobileNo: expected: &quot;9686642941&quot;, actual: &quot;9686642940&quot;
data[0].currentOrder: expected: &quot;0&quot;, actual: &quot;--&quot;
data[1].numOrders: expected: &quot;0&quot;, actual: &quot;--&quot;
data[1].completedOrders: expected: &quot;0&quot;, actual: &quot;--&quot;
data[1].currentOrder: expected: &quot;0&quot;, actual: &quot;--&quot;
data[2].numOrders: expected: &quot;0&quot;, actual: &quot;--&quot;
data[2].completedOrders: expected: &quot;0&quot;, actual: &quot;--&quot;
data[2].currentOrder: expected: &quot;0&quot;, actual: &quot;--&quot;
data[3].numOrders: expected: &quot;0&quot;, actual: &quot;--&quot;
data[3].completedOrders: expected: &quot;0&quot;, actual: &quot;--&quot;
data[3].currentOrder: expected: &quot;0&quot;, actual: &quot;--&quot;
data[4].numOrders: expected: &quot;0&quot;, actual: &quot;--&quot;
data[4].completedOrders: expected: &quot;0&quot;, actual: &quot;--&quot;
data[4].currentOrder: expected: &quot;0&quot;, actual: &quot;--&quot;
data[5].numOrders: expected: &quot;0&quot;, actual: &quot;--&quot;
data[5].completedOrders: expected: &quot;0&quot;, actual: &quot;--&quot;
data[5].currentOrder: expected: &quot;0&quot;, actual: &quot;--&quot;
data[6].numOrders: expected: &quot;0&quot;, actual: &quot;--&quot;
data[6].completedOrders: expected: &quot;0&quot;, actual: &quot;--&quot;
data[6].currentOrder: expected: &quot;0&quot;, actual: &quot;--&quot;
data[7].numOrders: expected: &quot;0&quot;, actual: &quot;--&quot;
data[7].name: expected: &quot;OnCall&quot;, actual: &quot;Saurabh Tester4&quot;
data[7].completedOrders: expected: &quot;0&quot;, actual: &quot;--&quot;
data[7].stateCode: expected: 1, actual: -1
data[7].mobileNo: expected: &quot;9148981148&quot;, actual: &quot;7868031245&quot;
data[7].id: expected: &quot;5361126808223744&quot;, actual: &quot;5491729750818816&quot;
data[7].currentOrder: expected: &quot;0&quot;, actual: &quot;--&quot;
data[8].numOrders: expected: &quot;0&quot;, actual: &quot;--&quot;
data[8].name: expected: &quot;Saurabh Tester4&quot;, actual: &quot;QASaurabh2&quot;
data[8].completedOrders: expected: &quot;0&quot;, actual: &quot;--&quot;
data[8].stateCode: expected: -1, actual: 1
data[8].mobileNo: expected: &quot;7868031245&quot;, actual: &quot;7568031284&quot;
data[8].id: expected: &quot;5491729750818816&quot;, actual: &quot;5668100972216320&quot;
data[8].currentOrder: expected: &quot;0&quot;, actual: &quot;--&quot;
data[9].numOrders: expected: &quot;0&quot;, actual: &quot;--&quot;
data[9].name: expected: &quot;QASaurabh2&quot;, actual: &quot;Saurabh Tester9&quot;
data[9].completedOrders: expected: &quot;0&quot;, actual: &quot;--&quot;
data[9].stateCode: expected: 1, actual: -1
data[9].mobileNo: expected: &quot;7568031284&quot;, actual: &quot;7869981247&quot;
data[9].id: expected: &quot;5668100972216320&quot;, actual: &quot;5684372455817216&quot;
data[9].currentOrder: expected: &quot;0&quot;, actual: &quot;--&quot;
data[10].numOrders: expected: &quot;0&quot;, actual: &quot;--&quot;
data[10].name: expected: &quot;Saurabh Tester9&quot;, actual: &quot;Saurabh Tester6&quot;
data[10].completedOrders: expected: &quot;0&quot;, actual: &quot;--&quot;
data[10].mobileNo: expected: &quot;7869981247&quot;, actual: &quot;7868041247&quot;
data[10].id: expected: &quot;5684372455817216&quot;, actual: &quot;5688083307560960&quot;
data[10].currentOrder: expected: &quot;0&quot;, actual: &quot;--&quot;
data[11].numOrders: expected: &quot;0&quot;, actual: &quot;--&quot;
data[11].name: expected: &quot;Saurabh Tester6&quot;, actual: &quot;Saurabh Tester100&quot;
data[11].completedOrders: expected: &quot;0&quot;, actual: &quot;--&quot;
data[11].mobileNo: expected: &quot;7868041247&quot;, actual: &quot;1001000100&quot;
data[11].id: expected: &quot;5688083307560960&quot;, actual: &quot;5733307635466240&quot;
data[11].currentOrder: expected: &quot;0&quot;, actual: &quot;--&quot;
data[12].numOrders: expected: &quot;0&quot;, actual: &quot;--&quot;
data[12].name: expected: &quot;Saurabh Tester100&quot;, actual: &quot;NavdeepAuriga&quot;
data[12].completedOrders: expected: &quot;0&quot;, actual: &quot;--&quot;
data[12].stateCode: expected: -1, actual: 1
data[12].mobileNo: expected: &quot;1001000100&quot;, actual: &quot;9108876517&quot;
data[12].id: expected: &quot;5733307635466240&quot;, actual: &quot;5736044737593344&quot;
data[12].currentOrder: expected: &quot;0&quot;, actual: &quot;--&quot;
data[13].numOrders: expected: &quot;0&quot;, actual: &quot;--&quot;
data[13].name: expected: &quot;NavdeepAuriga&quot;, actual: &quot;Saurabh Tester10&quot;
data[13].completedOrders: expected: &quot;0&quot;, actual: &quot;--&quot;
data[13].stateCode: expected: 1, actual: -1
data[13].mobileNo: expected: &quot;9108876517&quot;, actual: &quot;7869231247&quot;
data[13].id: expected: &quot;5736044737593344&quot;, actual: &quot;5759482843889664&quot;
data[13].currentOrder: expected: &quot;0&quot;, actual: &quot;--&quot;
data[14].numOrders: expected: &quot;0&quot;, actual: &quot;--&quot;
data[14].name: expected: &quot;Saurabh Tester10&quot;, actual: &quot;QASaurabh&quot;
data[14].completedOrders: expected: &quot;0&quot;, actual: &quot;--&quot;
data[14].stateCode: expected: -1, actual: 1
data[14].mobileNo: expected: &quot;7869231247&quot;, actual: &quot;7791823335&quot;
data[14].id: expected: &quot;5759482843889664&quot;, actual: &quot;5933932872728576&quot;
data[14].currentOrder: expected: &quot;0&quot;, actual: &quot;--&quot;
data[15].numOrders: expected: &quot;0&quot;, actual: &quot;--&quot;
data[15].name: expected: &quot;QASaurabh&quot;, actual: &quot;Saurabh&quot;
data[15].completedOrders: expected: &quot;0&quot;, actual: &quot;--&quot;
data[15].stateCode: expected: 1, actual: -1
data[15].mobileNo: expected: &quot;7791823335&quot;, actual: &quot;9599855555&quot;
data[15].id: expected: &quot;5933932872728576&quot;, actual: &quot;5935030303981568&quot;
data[15].currentOrder: expected: &quot;0&quot;, actual: &quot;--&quot;
data[16].numOrders: expected: &quot;0&quot;, actual: &quot;--&quot;
data[16].completedOrders: expected: &quot;0&quot;, actual: &quot;--&quot;
data[16].currentOrder: expected: &quot;0&quot;, actual: &quot;--&quot;
data[17].numOrders: expected: &quot;0&quot;, actual: &quot;--&quot;
data[17].completedOrders: expected: &quot;0&quot;, actual: &quot;--&quot;
data[17].currentOrder: expected: &quot;0&quot;, actual: &quot;--&quot;
data[18].numOrders: expected: &quot;0&quot;, actual: &quot;--&quot;
data[18].completedOrders: expected: &quot;0&quot;, actual: &quot;--&quot;
data[18].currentOrder: expected: &quot;0&quot;, actual: &quot;--&quot;
data[19].numOrders: expected: &quot;0&quot;, actual: &quot;--&quot;
data[19].completedOrders: expected: &quot;0&quot;, actual: &quot;--&quot;
data[19].currentOrder: expected: &quot;0&quot;, actual: &quot;--&quot;
data[20].numOrders: expected: &quot;0&quot;, actual: &quot;--&quot;
data[20].name: expected: &quot;Test100&quot;, actual: &quot;Saurabh Tester12&quot;
data[20].completedOrders: expected: &quot;0&quot;, actual: &quot;--&quot;
data[20].mobileNo: expected: &quot;1111111111&quot;, actual: &quot;8969231247&quot;
data[20].id: expected: &quot;6227917713440768&quot;, actual: &quot;6296286110154752&quot;
data[20].currentOrder: expected: &quot;0&quot;, actual: &quot;--&quot;
data[21].numOrders: expected: &quot;0&quot;, actual: &quot;--&quot;
data[21].name: expected: &quot;Saurabh Tester12&quot;, actual: &quot;QASaurabh100&quot;
data[21].completedOrders: expected: &quot;0&quot;, actual: &quot;--&quot;
data[21].mobileNo: expected: &quot;8969231247&quot;, actual: &quot;9660752415&quot;
data[21].id: expected: &quot;6296286110154752&quot;, actual: &quot;6623937354006528&quot;
data[21].currentOrder: expected: &quot;0&quot;, actual: &quot;--&quot;
data[22]:
 expected: Datum&lt;numOrders=&quot;0&quot;, name=&quot;QASaurabh100&quot;, completedOrders=&quot;0&quot;, mobileNo=&quot;9660752415&quot;, payroll=null, cityId=&quot;jaipur&quot;, currentOrder=&quot;0&quot;, stationId=null, stateCode=-1, createdBy=null, id=&quot;6623937354006528&quot;&gt;
   actual: --no match--

data[23]:
 expected: Datum&lt;numOrders=&quot;0&quot;, name=&quot;SaurabhGrofers&quot;, completedOrders=&quot;0&quot;, mobileNo=&quot;9929790000&quot;, payroll=null, cityId=&quot;jaipur&quot;, currentOrder=&quot;0&quot;, stationId=null, stateCode=-1, createdBy=null, id=&quot;6667926375497728&quot;&gt;
   actual: --no match--


--- Difference detail tree ---
 expected: ShopperByCityIdResponse&lt;message=&quot;shoppers fetched!&quot;, data=[Datum&lt;numOrders=&quot;0&quot;, name=&quot;Sk&quot;, completedOrders=&quot;0&quot;, mobileNo=&quot;9686642941&quot;, payroll=null, cityId=&quot;jaipur&quot;, currentOrder=&quot;0&quot;, stationId=null, stateCode=1, createdBy=null, id=&quot;4904445116678144&quot;&gt;, Datum&lt;numOrders=&quot;0&quot;, name=&quot;Sahil&quot;, completedOrders=&quot;0&quot;, mobileNo=&quot;8058695344&quot;, payroll=null, cityId=&quot;jaipur&quot;, currentOrder=&quot;0&quot;, stationId=null, stateCode=1, createdBy=null, id=&quot;4905593080905728&quot;&gt;, Datum&lt;numOrders=&quot;0&quot;, name=&quot;saurabh Tester11&quot;, completedOrders=&quot;0&quot;, mobileNo=&quot;1234445555&quot;, payroll=null, cityId=&quot;jaipur&quot;, currentOrder=&quot;0&quot;, stationId=null, stateCode=-1, createdBy=null, id=&quot;5094657339949056&quot;&gt;, Datum&lt;numOrders=&quot;0&quot;, name=&quot;Saurabh Tester2&quot;, completedOrders=&quot;0&quot;, mobileNo=&quot;7368031285&quot;, payroll=null, cityId=&quot;jaipur&quot;, currentOrder=&quot;0&quot;, stationId=null, stateCode=-1, createdBy=null, id=&quot;5167746945908736&quot;&gt;, Datum&lt;numOrders=&quot;0&quot;, name=&quot;Saurabh Tester3&quot;, completedOrders=&quot;0&quot;, mobileNo=&quot;7868031285&quot;, payroll=null, cityId=&quot;jaipur&quot;, currentOrder=&quot;0&quot;, stationId=null, stateCode=-1, createdBy=null, id=&quot;5172775815741440&quot;&gt;, Datum&lt;numOrders=&quot;0&quot;, name=&quot;Saurabh Tester5&quot;, completedOrders=&quot;0&quot;, mobileNo=&quot;7868031247&quot;, payroll=null, cityId=&quot;jaipur&quot;, currentOrder=&quot;0&quot;, stationId=null, stateCode=-1, createdBy=null, id=&quot;5176692825915392&quot;&gt;, Datum&lt;numOrders=&quot;0&quot;, name=&quot;Saurabh Tester7&quot;, completedOrders=&quot;0&quot;, mobileNo=&quot;7868081247&quot;, payroll=null, cityId=&quot;jaipur&quot;, currentOrder=&quot;0&quot;, stationId=null, stateCode=-1, createdBy=null, id=&quot;5252924737323008&quot;&gt;, Datum&lt;numOrders=&quot;0&quot;, name=&quot;OnCall&quot;, completedOrders=&quot;0&quot;, mobileNo=&quot;9148981148&quot;, payroll=null, cityId=&quot;jaipur&quot;, currentOrder=&quot;0&quot;, stationId=null, stateCode=1, createdBy=null, id=&quot;5361126808223744&quot;&gt;, Datum&lt;numOrders=&quot;0&quot;, name=&quot;Saurabh Tester4&quot;, completedOrders=&quot;0&quot;, mobileNo=&quot;7868031245&quot;, payroll=null, cityId=&quot;jaipur&quot;, currentOrder=&quot;0&quot;, stationId=null, stateCode=-1, createdBy=null, id=&quot;5491729750818816&quot;&gt;, Datum&lt;numOrders=&quot;0&quot;, name=&quot;QASaurabh2&quot;, completedOrders=&quot;0&quot;, mobileNo=&quot;7568031284&quot;, payroll=null, cityId=&quot;jaipur&quot;, currentOrder=&quot;0&quot;, stationId=null, stateCode=1, createdBy=null, id=&quot;5668100972216320&quot;&gt;, Datum&lt;numOrders=&quot;0&quot;, name=&quot;Saurabh Tester9&quot;, completedOrders=&quot;0&quot;, mobileNo=&quot;7869981247&quot;, payroll=null, cityId=&quot;jaipur&quot;, currentOrder=&quot;0&quot;, stationId=null, stateCode=-1, createdBy=null, id=&quot;5684372455817216&quot;&gt;, Datum&lt;numOrders=&quot;0&quot;, name=&quot;Saurabh Tester6&quot;, completedOrders=&quot;0&quot;, mobileNo=&quot;7868041247&quot;, payroll=null, cityId=&quot;jaipur&quot;, currentOrder=&quot;0&quot;, stationId=null, stateCode=-1, createdBy=null, id=&quot;5688083307560960&quot;&gt;, Datum&lt;numOrders=&quot;0&quot;, name=&quot;Saurabh Tester100&quot;, completedOrders=&quot;0&quot;, mobileNo=&quot;1001000100&quot;, payroll=null, cityId=&quot;jaipur&quot;, currentOrder=&quot;0&quot;, stationId=null, stateCode=-1, createdBy=null, id=&quot;5733307635466240&quot;&gt;, Datum&lt;numOrders=&quot;0&quot;, name=&quot;NavdeepAuriga&quot;, completedOrders=&quot;0&quot;, mobileNo=&quot;9108876517&quot;, payroll=null, cityId=&quot;jaipur&quot;, currentOrder=&quot;0&quot;, stationId=null, stateCode=1, createdBy=null, id=&quot;5736044737593344&quot;&gt;, Datum&lt;numOrders=&quot;0&quot;, name=&quot;Saurabh Tester10&quot;, completedOrders=&quot;0&quot;, mobileNo=&quot;7869231247&quot;, payroll=null, cityId=&quot;jaipur&quot;, currentOrder=&quot;0&quot;, stationId=null, stateCode=-1, createdBy=null, id=&quot;5759482843889664&quot;&gt;, ...], success=true&gt;
   actual: ShopperByCityIdResponse&lt;message=&quot;shoppers fetched!&quot;, data=[Datum&lt;numOrders=&quot;--&quot;, name=&quot;Sk&quot;, completedOrders=&quot;--&quot;, mobileNo=&quot;9686642940&quot;, payroll=null, cityId=&quot;jaipur&quot;, currentOrder=&quot;--&quot;, stationId=null, stateCode=1, createdBy=null, id=&quot;4904445116678144&quot;&gt;, Datum&lt;numOrders=&quot;--&quot;, name=&quot;Sahil&quot;, completedOrders=&quot;--&quot;, mobileNo=&quot;8058695344&quot;, payroll=null, cityId=&quot;jaipur&quot;, currentOrder=&quot;--&quot;, stationId=null, stateCode=1, createdBy=null, id=&quot;4905593080905728&quot;&gt;, Datum&lt;numOrders=&quot;--&quot;, name=&quot;saurabh Tester11&quot;, completedOrders=&quot;--&quot;, mobileNo=&quot;1234445555&quot;, payroll=null, cityId=&quot;jaipur&quot;, currentOrder=&quot;--&quot;, stationId=null, stateCode=-1, createdBy=null, id=&quot;5094657339949056&quot;&gt;, Datum&lt;numOrders=&quot;--&quot;, name=&quot;Saurabh Tester2&quot;, completedOrders=&quot;--&quot;, mobileNo=&quot;7368031285&quot;, payroll=null, cityId=&quot;jaipur&quot;, currentOrder=&quot;--&quot;, stationId=null, stateCode=-1, createdBy=null, id=&quot;5167746945908736&quot;&gt;, Datum&lt;numOrders=&quot;--&quot;, name=&quot;Saurabh Tester3&quot;, completedOrders=&quot;--&quot;, mobileNo=&quot;7868031285&quot;, payroll=null, cityId=&quot;jaipur&quot;, currentOrder=&quot;--&quot;, stationId=null, stateCode=-1, createdBy=null, id=&quot;5172775815741440&quot;&gt;, Datum&lt;numOrders=&quot;--&quot;, name=&quot;Saurabh Tester5&quot;, completedOrders=&quot;--&quot;, mobileNo=&quot;7868031247&quot;, payroll=null, cityId=&quot;jaipur&quot;, currentOrder=&quot;--&quot;, stationId=null, stateCode=-1, createdBy=null, id=&quot;5176692825915392&quot;&gt;, Datum&lt;numOrders=&quot;--&quot;, name=&quot;Saurabh Tester7&quot;, completedOrders=&quot;--&quot;, mobileNo=&quot;7868081247&quot;, payroll=null, cityId=&quot;jaipur&quot;, currentOrder=&quot;--&quot;, stationId=null, stateCode=-1, createdBy=null, id=&quot;5252924737323008&quot;&gt;, Datum&lt;numOrders=&quot;--&quot;, name=&quot;Saurabh Tester4&quot;, completedOrders=&quot;--&quot;, mobileNo=&quot;7868031245&quot;, payroll=null, cityId=&quot;jaipur&quot;, currentOrder=&quot;--&quot;, stationId=null, stateCode=-1, createdBy=null, id=&quot;5491729750818816&quot;&gt;, Datum&lt;numOrders=&quot;--&quot;, name=&quot;QASaurabh2&quot;, completedOrders=&quot;--&quot;, mobileNo=&quot;7568031284&quot;, payroll=null, cityId=&quot;jaipur&quot;, currentOrder=&quot;--&quot;, stationId=null, stateCode=1, createdBy=null, id=&quot;5668100972216320&quot;&gt;, Datum&lt;numOrders=&quot;--&quot;, name=&quot;Saurabh Tester9&quot;, completedOrders=&quot;--&quot;, mobileNo=&quot;7869981247&quot;, payroll=null, cityId=&quot;jaipur&quot;, currentOrder=&quot;--&quot;, stationId=null, stateCode=-1, createdBy=null, id=&quot;5684372455817216&quot;&gt;, Datum&lt;numOrders=&quot;--&quot;, name=&quot;Saurabh Tester6&quot;, completedOrders=&quot;--&quot;, mobileNo=&quot;7868041247&quot;, payroll=null, cityId=&quot;jaipur&quot;, currentOrder=&quot;--&quot;, stationId=null, stateCode=-1, createdBy=null, id=&quot;5688083307560960&quot;&gt;, Datum&lt;numOrders=&quot;--&quot;, name=&quot;Saurabh Tester100&quot;, completedOrders=&quot;--&quot;, mobileNo=&quot;1001000100&quot;, payroll=null, cityId=&quot;jaipur&quot;, currentOrder=&quot;--&quot;, stationId=null, stateCode=-1, createdBy=null, id=&quot;5733307635466240&quot;&gt;, Datum&lt;numOrders=&quot;--&quot;, name=&quot;NavdeepAuriga&quot;, completedOrders=&quot;--&quot;, mobileNo=&quot;9108876517&quot;, payroll=null, cityId=&quot;jaipur&quot;, currentOrder=&quot;--&quot;, stationId=null, stateCode=1, createdBy=null, id=&quot;5736044737593344&quot;&gt;, Datum&lt;numOrders=&quot;--&quot;, name=&quot;Saurabh Tester10&quot;, completedOrders=&quot;--&quot;, mobileNo=&quot;7869231247&quot;, payroll=null, cityId=&quot;jaipur&quot;, currentOrder=&quot;--&quot;, stationId=null, stateCode=-1, createdBy=null, id=&quot;5759482843889664&quot;&gt;, Datum&lt;numOrders=&quot;--&quot;, name=&quot;QASaurabh&quot;, completedOrders=&quot;--&quot;, mobileNo=&quot;7791823335&quot;, payroll=null, cityId=&quot;jaipur&quot;, currentOrder=&quot;--&quot;, stationId=null, stateCode=1, createdBy=null, id=&quot;5933932872728576&quot;&gt;, ...], success=true&gt;

data expected: [Datum&lt;numOrders=&quot;0&quot;, name=&quot;Sk&quot;, completedOrders=&quot;0&quot;, mobileNo=&quot;9686642941&quot;, payroll=null, cityId=&quot;jaipur&quot;, currentOrder=&quot;0&quot;, stationId=null, stateCode=1, createdBy=null, id=&quot;4904445116678144&quot;&gt;, Datum&lt;numOrders=&quot;0&quot;, name=&quot;Sahil&quot;, completedOrders=&quot;0&quot;, mobileNo=&quot;8058695344&quot;, payroll=null, cityId=&quot;jaipur&quot;, currentOrder=&quot;0&quot;, stationId=null, stateCode=1, createdBy=null, id=&quot;4905593080905728&quot;&gt;, Datum&lt;numOrders=&quot;0&quot;, name=&quot;saurabh Tester11&quot;, completedOrders=&quot;0&quot;, mobileNo=&quot;1234445555&quot;, payroll=null, cityId=&quot;jaipur&quot;, currentOrder=&quot;0&quot;, stationId=null, stateCode=-1, createdBy=null, id=&quot;5094657339949056&quot;&gt;, Datum&lt;numOrders=&quot;0&quot;, name=&quot;Saurabh Tester2&quot;, completedOrders=&quot;0&quot;, mobileNo=&quot;7368031285&quot;, payroll=null, cityId=&quot;jaipur&quot;, currentOrder=&quot;0&quot;, stationId=null, stateCode=-1, createdBy=null, id=&quot;5167746945908736&quot;&gt;, Datum&lt;numOrders=&quot;0&quot;, name=&quot;Saurabh Tester3&quot;, completedOrders=&quot;0&quot;, mobileNo=&quot;7868031285&quot;, payroll=null, cityId=&quot;jaipur&quot;, currentOrder=&quot;0&quot;, stationId=null, stateCode=-1, createdBy=null, id=&quot;5172775815741440&quot;&gt;, Datum&lt;numOrders=&quot;0&quot;, name=&quot;Saurabh Tester5&quot;, completedOrders=&quot;0&quot;, mobileNo=&quot;7868031247&quot;, payroll=null, cityId=&quot;jaipur&quot;, currentOrder=&quot;0&quot;, stationId=null, stateCode=-1, createdBy=null, id=&quot;5176692825915392&quot;&gt;, Datum&lt;numOrders=&quot;0&quot;, name=&quot;Saurabh Tester7&quot;, completedOrders=&quot;0&quot;, mobileNo=&quot;7868081247&quot;, payroll=null, cityId=&quot;jaipur&quot;, currentOrder=&quot;0&quot;, stationId=null, stateCode=-1, createdBy=null, id=&quot;5252924737323008&quot;&gt;, Datum&lt;numOrders=&quot;0&quot;, name=&quot;OnCall&quot;, completedOrders=&quot;0&quot;, mobileNo=&quot;9148981148&quot;, payroll=null, cityId=&quot;jaipur&quot;, currentOrder=&quot;0&quot;, stationId=null, stateCode=1, createdBy=null, id=&quot;5361126808223744&quot;&gt;, Datum&lt;numOrders=&quot;0&quot;, name=&quot;Saurabh Tester4&quot;, completedOrders=&quot;0&quot;, mobileNo=&quot;7868031245&quot;, payroll=null, cityId=&quot;jaipur&quot;, currentOrder=&quot;0&quot;, stationId=null, stateCode=-1, createdBy=null, id=&quot;5491729750818816&quot;&gt;, Datum&lt;numOrders=&quot;0&quot;, name=&quot;QASaurabh2&quot;, completedOrders=&quot;0&quot;, mobileNo=&quot;7568031284&quot;, payroll=null, cityId=&quot;jaipur&quot;, currentOrder=&quot;0&quot;, stationId=null, stateCode=1, createdBy=null, id=&quot;5668100972216320&quot;&gt;, Datum&lt;numOrders=&quot;0&quot;, name=&quot;Saurabh Tester9&quot;, completedOrders=&quot;0&quot;, mobileNo=&quot;7869981247&quot;, payroll=null, cityId=&quot;jaipur&quot;, currentOrder=&quot;0&quot;, stationId=null, stateCode=-1, createdBy=null, id=&quot;5684372455817216&quot;&gt;, Datum&lt;numOrders=&quot;0&quot;, name=&quot;Saurabh Tester6&quot;, completedOrders=&quot;0&quot;, mobileNo=&quot;7868041247&quot;, payroll=null, cityId=&quot;jaipur&quot;, currentOrder=&quot;0&quot;, stationId=null, stateCode=-1, createdBy=null, id=&quot;5688083307560960&quot;&gt;, Datum&lt;numOrders=&quot;0&quot;, name=&quot;Saurabh Tester100&quot;, completedOrders=&quot;0&quot;, mobileNo=&quot;1001000100&quot;, payroll=null, cityId=&quot;jaipur&quot;, currentOrder=&quot;0&quot;, stationId=null, stateCode=-1, createdBy=null, id=&quot;5733307635466240&quot;&gt;, Datum&lt;numOrders=&quot;0&quot;, name=&quot;NavdeepAuriga&quot;, completedOrders=&quot;0&quot;, mobileNo=&quot;9108876517&quot;, payroll=null, cityId=&quot;jaipur&quot;, currentOrder=&quot;0&quot;, stationId=null, stateCode=1, createdBy=null, id=&quot;5736044737593344&quot;&gt;, Datum&lt;numOrders=&quot;0&quot;, name=&quot;Saurabh Tester10&quot;, completedOrders=&quot;0&quot;, mobileNo=&quot;7869231247&quot;, payroll=null, cityId=&quot;jaipur&quot;, currentOrder=&quot;0&quot;, stationId=null, stateCode=-1, createdBy=null, id=&quot;5759482843889664&quot;&gt;, ...]
data   actual: [Datum&lt;numOrders=&quot;--&quot;, name=&quot;Sk&quot;, completedOrders=&quot;--&quot;, mobileNo=&quot;9686642940&quot;, payroll=null, cityId=&quot;jaipur&quot;, currentOrder=&quot;--&quot;, stationId=null, stateCode=1, createdBy=null, id=&quot;4904445116678144&quot;&gt;, Datum&lt;numOrders=&quot;--&quot;, name=&quot;Sahil&quot;, completedOrders=&quot;--&quot;, mobileNo=&quot;8058695344&quot;, payroll=null, cityId=&quot;jaipur&quot;, currentOrder=&quot;--&quot;, stationId=null, stateCode=1, createdBy=null, id=&quot;4905593080905728&quot;&gt;, Datum&lt;numOrders=&quot;--&quot;, name=&quot;saurabh Tester11&quot;, completedOrders=&quot;--&quot;, mobileNo=&quot;1234445555&quot;, payroll=null, cityId=&quot;jaipur&quot;, currentOrder=&quot;--&quot;, stationId=null, stateCode=-1, createdBy=null, id=&quot;5094657339949056&quot;&gt;, Datum&lt;numOrders=&quot;--&quot;, name=&quot;Saurabh Tester2&quot;, completedOrders=&quot;--&quot;, mobileNo=&quot;7368031285&quot;, payroll=null, cityId=&quot;jaipur&quot;, currentOrder=&quot;--&quot;, stationId=null, stateCode=-1, createdBy=null, id=&quot;5167746945908736&quot;&gt;, Datum&lt;numOrders=&quot;--&quot;, name=&quot;Saurabh Tester3&quot;, completedOrders=&quot;--&quot;, mobileNo=&quot;7868031285&quot;, payroll=null, cityId=&quot;jaipur&quot;, currentOrder=&quot;--&quot;, stationId=null, stateCode=-1, createdBy=null, id=&quot;5172775815741440&quot;&gt;, Datum&lt;numOrders=&quot;--&quot;, name=&quot;Saurabh Tester5&quot;, completedOrders=&quot;--&quot;, mobileNo=&quot;7868031247&quot;, payroll=null, cityId=&quot;jaipur&quot;, currentOrder=&quot;--&quot;, stationId=null, stateCode=-1, createdBy=null, id=&quot;5176692825915392&quot;&gt;, Datum&lt;numOrders=&quot;--&quot;, name=&quot;Saurabh Tester7&quot;, completedOrders=&quot;--&quot;, mobileNo=&quot;7868081247&quot;, payroll=null, cityId=&quot;jaipur&quot;, currentOrder=&quot;--&quot;, stationId=null, stateCode=-1, createdBy=null, id=&quot;5252924737323008&quot;&gt;, Datum&lt;numOrders=&quot;--&quot;, name=&quot;Saurabh Tester4&quot;, completedOrders=&quot;--&quot;, mobileNo=&quot;7868031245&quot;, payroll=null, cityId=&quot;jaipur&quot;, currentOrder=&quot;--&quot;, stationId=null, stateCode=-1, createdBy=null, id=&quot;5491729750818816&quot;&gt;, Datum&lt;numOrders=&quot;--&quot;, name=&quot;QASaurabh2&quot;, completedOrders=&quot;--&quot;, mobileNo=&quot;7568031284&quot;, payroll=null, cityId=&quot;jaipur&quot;, currentOrder=&quot;--&quot;, stationId=null, stateCode=1, createdBy=null, id=&quot;5668100972216320&quot;&gt;, Datum&lt;numOrders=&quot;--&quot;, name=&quot;Saurabh Tester9&quot;, completedOrders=&quot;--&quot;, mobileNo=&quot;7869981247&quot;, payroll=null, cityId=&quot;jaipur&quot;, currentOrder=&quot;--&quot;, stationId=null, stateCode=-1, createdBy=null, id=&quot;5684372455817216&quot;&gt;, Datum&lt;numOrders=&quot;--&quot;, name=&quot;Saurabh Tester6&quot;, completedOrders=&quot;--&quot;, mobileNo=&quot;7868041247&quot;, payroll=null, cityId=&quot;jaipur&quot;, currentOrder=&quot;--&quot;, stationId=null, stateCode=-1, createdBy=null, id=&quot;5688083307560960&quot;&gt;, Datum&lt;numOrders=&quot;--&quot;, name=&quot;Saurabh Tester100&quot;, completedOrders=&quot;--&quot;, mobileNo=&quot;1001000100&quot;, payroll=null, cityId=&quot;jaipur&quot;, currentOrder=&quot;--&quot;, stationId=null, stateCode=-1, createdBy=null, id=&quot;5733307635466240&quot;&gt;, Datum&lt;numOrders=&quot;--&quot;, name=&quot;NavdeepAuriga&quot;, completedOrders=&quot;--&quot;, mobileNo=&quot;9108876517&quot;, payroll=null, cityId=&quot;jaipur&quot;, currentOrder=&quot;--&quot;, stationId=null, stateCode=1, createdBy=null, id=&quot;5736044737593344&quot;&gt;, Datum&lt;numOrders=&quot;--&quot;, name=&quot;Saurabh Tester10&quot;, completedOrders=&quot;--&quot;, mobileNo=&quot;7869231247&quot;, payroll=null, cityId=&quot;jaipur&quot;, currentOrder=&quot;--&quot;, stationId=null, stateCode=-1, createdBy=null, id=&quot;5759482843889664&quot;&gt;, Datum&lt;numOrders=&quot;--&quot;, name=&quot;QASaurabh&quot;, completedOrders=&quot;--&quot;, mobileNo=&quot;7791823335&quot;, payroll=null, cityId=&quot;jaipur&quot;, currentOrder=&quot;--&quot;, stationId=null, stateCode=1, createdBy=null, id=&quot;5933932872728576&quot;&gt;, ...]

data[0] expected: Datum&lt;numOrders=&quot;0&quot;, name=&quot;Sk&quot;, completedOrders=&quot;0&quot;, mobileNo=&quot;9686642941&quot;, payroll=null, cityId=&quot;jaipur&quot;, currentOrder=&quot;0&quot;, stationId=null, stateCode=1, createdBy=null, id=&quot;4904445116678144&quot;&gt;
data[0]   actual: Datum&lt;numOrders=&quot;--&quot;, name=&quot;Sk&quot;, completedOrders=&quot;--&quot;, mobileNo=&quot;9686642940&quot;, payroll=null, cityId=&quot;jaipur&quot;, currentOrder=&quot;--&quot;, stationId=null, stateCode=1, createdBy=null, id=&quot;4904445116678144&quot;&gt;

data[0].numOrders expected: &quot;0&quot;
data[0].numOrders   actual: &quot;--&quot;

data[0].completedOrders expected: &quot;0&quot;
data[0].completedOrders   actual: &quot;--&quot;

data[0].mobileNo expected: &quot;9686642941&quot;
data[0].mobileNo   actual: &quot;9686642940&quot;

data[0].currentOrder expected: &quot;0&quot;
data[0].currentOrder   actual: &quot;--&quot;

data[1] expected: Datum&lt;numOrders=&quot;0&quot;, name=&quot;Sahil&quot;, completedOrders=&quot;0&quot;, mobileNo=&quot;8058695344&quot;, payroll=null, cityId=&quot;jaipur&quot;, currentOrder=&quot;0&quot;, stationId=null, stateCode=1, createdBy=null, id=&quot;4905593080905728&quot;&gt;
data[1]   actual: Datum&lt;numOrders=&quot;--&quot;, name=&quot;Sahil&quot;, completedOrders=&quot;--&quot;, mobileNo=&quot;8058695344&quot;, payroll=null, cityId=&quot;jaipur&quot;, currentOrder=&quot;--&quot;, stationId=null, stateCode=1, createdBy=null, id=&quot;4905593080905728&quot;&gt;

data[1].numOrders expected: &quot;0&quot;
data[1].numOrders   actual: &quot;--&quot;

data[1].completedOrders expected: &quot;0&quot;
data[1].completedOrders   actual: &quot;--&quot;

data[1].currentOrder expected: &quot;0&quot;
data[1].currentOrder   actual: &quot;--&quot;

data[2] expected: Datum&lt;numOrders=&quot;0&quot;, name=&quot;saurabh Tester11&quot;, completedOrders=&quot;0&quot;, mobileNo=&quot;1234445555&quot;, payroll=null, cityId=&quot;jaipur&quot;, currentOrder=&quot;0&quot;, stationId=null, stateCode=-1, createdBy=null, id=&quot;5094657339949056&quot;&gt;
data[2]   actual: Datum&lt;numOrders=&quot;--&quot;, name=&quot;saurabh Tester11&quot;, completedOrders=&quot;--&quot;, mobileNo=&quot;1234445555&quot;, payroll=null, cityId=&quot;jaipur&quot;, currentOrder=&quot;--&quot;, stationId=null, stateCode=-1, createdBy=null, id=&quot;5094657339949056&quot;&gt;

data[2].numOrders expected: &quot;0&quot;
data[2].numOrders   actual: &quot;--&quot;

data[2].completedOrders expected: &quot;0&quot;
data[2].completedOrders   actual: &quot;--&quot;

data[2].currentOrder expected: &quot;0&quot;
data[2].currentOrder   actual: &quot;--&quot;

data[3] expected: Datum&lt;numOrders=&quot;0&quot;, name=&quot;Saurabh Tester2&quot;, completedOrders=&quot;0&quot;, mobileNo=&quot;7368031285&quot;, payroll=null, cityId=&quot;jaipur&quot;, currentOrder=&quot;0&quot;, stationId=null, stateCode=-1, createdBy=null, id=&quot;5167746945908736&quot;&gt;
data[3]   actual: Datum&lt;numOrders=&quot;--&quot;, name=&quot;Saurabh Tester2&quot;, completedOrders=&quot;--&quot;, mobileNo=&quot;7368031285&quot;, payroll=null, cityId=&quot;jaipur&quot;, currentOrder=&quot;--&quot;, stationId=null, stateCode=-1, createdBy=null, id=&quot;5167746945908736&quot;&gt;

data[3].numOrders expected: &quot;0&quot;
data[3].numOrders   actual: &quot;--&quot;

data[3].completedOrders expected: &quot;0&quot;
data[3].completedOrders   actual: &quot;--&quot;

data[3].currentOrder expected: &quot;0&quot;
data[3].currentOrder   actual: &quot;--&quot;

data[4] expected: Datum&lt;numOrders=&quot;0&quot;, name=&quot;Saurabh Tester3&quot;, completedOrders=&quot;0&quot;, mobileNo=&quot;7868031285&quot;, payroll=null, cityId=&quot;jaipur&quot;, currentOrder=&quot;0&quot;, stationId=null, stateCode=-1, createdBy=null, id=&quot;5172775815741440&quot;&gt;
data[4]   actual: Datum&lt;numOrders=&quot;--&quot;, name=&quot;Saurabh Tester3&quot;, completedOrders=&quot;--&quot;, mobileNo=&quot;7868031285&quot;, payroll=null, cityId=&quot;jaipur&quot;, currentOrder=&quot;--&quot;, stationId=null, stateCode=-1, createdBy=null, id=&quot;5172775815741440&quot;&gt;

data[4].numOrders expected: &quot;0&quot;
data[4].numOrders   actual: &quot;--&quot;

data[4].completedOrders expected: &quot;0&quot;
data[4].completedOrders   actual: &quot;--&quot;

data[4].currentOrder expected: &quot;0&quot;
data[4].currentOrder   actual: &quot;--&quot;

data[5] expected: Datum&lt;numOrders=&quot;0&quot;, name=&quot;Saurabh Tester5&quot;, completedOrders=&quot;0&quot;, mobileNo=&quot;7868031247&quot;, payroll=null, cityId=&quot;jaipur&quot;, currentOrder=&quot;0&quot;, stationId=null, stateCode=-1, createdBy=null, id=&quot;5176692825915392&quot;&gt;
data[5]   actual: Datum&lt;numOrders=&quot;--&quot;, name=&quot;Saurabh Tester5&quot;, completedOrders=&quot;--&quot;, mobileNo=&quot;7868031247&quot;, payroll=null, cityId=&quot;jaipur&quot;, currentOrder=&quot;--&quot;, stationId=null, stateCode=-1, createdBy=null, id=&quot;5176692825915392&quot;&gt;

data[5].numOrders expected: &quot;0&quot;
data[5].numOrders   actual: &quot;--&quot;

data[5].completedOrders expected: &quot;0&quot;
data[5].completedOrders   actual: &quot;--&quot;

data[5].currentOrder expected: &quot;0&quot;
data[5].currentOrder   actual: &quot;--&quot;

data[6] expected: Datum&lt;numOrders=&quot;0&quot;, name=&quot;Saurabh Tester7&quot;, completedOrders=&quot;0&quot;, mobileNo=&quot;7868081247&quot;, payroll=null, cityId=&quot;jaipur&quot;, currentOrder=&quot;0&quot;, stationId=null, stateCode=-1, createdBy=null, id=&quot;5252924737323008&quot;&gt;
data[6]   actual: Datum&lt;numOrders=&quot;--&quot;, name=&quot;Saurabh Tester7&quot;, completedOrders=&quot;--&quot;, mobileNo=&quot;7868081247&quot;, payroll=null, cityId=&quot;jaipur&quot;, currentOrder=&quot;--&quot;, stationId=null, stateCode=-1, createdBy=null, id=&quot;5252924737323008&quot;&gt;

data[6].numOrders expected: &quot;0&quot;
data[6].numOrders   actual: &quot;--&quot;

data[6].completedOrders expected: &quot;0&quot;
data[6].completedOrders   actual: &quot;--&quot;

data[6].currentOrder expected: &quot;0&quot;
data[6].currentOrder   actual: &quot;--&quot;

data[7] expected: Datum&lt;numOrders=&quot;0&quot;, name=&quot;OnCall&quot;, completedOrders=&quot;0&quot;, mobileNo=&quot;9148981148&quot;, payroll=null, cityId=&quot;jaipur&quot;, currentOrder=&quot;0&quot;, stationId=null, stateCode=1, createdBy=null, id=&quot;5361126808223744&quot;&gt;
data[7]   actual: Datum&lt;numOrders=&quot;--&quot;, name=&quot;Saurabh Tester4&quot;, completedOrders=&quot;--&quot;, mobileNo=&quot;7868031245&quot;, payroll=null, cityId=&quot;jaipur&quot;, currentOrder=&quot;--&quot;, stationId=null, stateCode=-1, createdBy=null, id=&quot;5491729750818816&quot;&gt;

data[7].numOrders expected: &quot;0&quot;
data[7].numOrders   actual: &quot;--&quot;

data[7].name expected: &quot;OnCall&quot;
data[7].name   actual: &quot;Saurabh Tester4&quot;

data[7].completedOrders expected: &quot;0&quot;
data[7].completedOrders   actual: &quot;--&quot;

data[7].stateCode expected: 1
data[7].stateCode   actual: -1

data[7].mobileNo expected: &quot;9148981148&quot;
data[7].mobileNo   actual: &quot;7868031245&quot;

data[7].id expected: &quot;5361126808223744&quot;
data[7].id   actual: &quot;5491729750818816&quot;

data[7].currentOrder expected: &quot;0&quot;
data[7].currentOrder   actual: &quot;--&quot;

data[8] expected: Datum&lt;numOrders=&quot;0&quot;, name=&quot;Saurabh Tester4&quot;, completedOrders=&quot;0&quot;, mobileNo=&quot;7868031245&quot;, payroll=null, cityId=&quot;jaipur&quot;, currentOrder=&quot;0&quot;, stationId=null, stateCode=-1, createdBy=null, id=&quot;5491729750818816&quot;&gt;
data[8]   actual: Datum&lt;numOrders=&quot;--&quot;, name=&quot;QASaurabh2&quot;, completedOrders=&quot;--&quot;, mobileNo=&quot;7568031284&quot;, payroll=null, cityId=&quot;jaipur&quot;, currentOrder=&quot;--&quot;, stationId=null, stateCode=1, createdBy=null, id=&quot;5668100972216320&quot;&gt;

data[8].numOrders expected: &quot;0&quot;
data[8].numOrders   actual: &quot;--&quot;

data[8].name expected: &quot;Saurabh Tester4&quot;
data[8].name   actual: &quot;QASaurabh2&quot;

data[8].completedOrders expected: &quot;0&quot;
data[8].completedOrders   actual: &quot;--&quot;

data[8].stateCode expected: -1
data[8].stateCode   actual: 1

data[8].mobileNo expected: &quot;7868031245&quot;
data[8].mobileNo   actual: &quot;7568031284&quot;

data[8].id expected: &quot;5491729750818816&quot;
data[8].id   actual: &quot;5668100972216320&quot;

data[8].currentOrder expected: &quot;0&quot;
data[8].currentOrder   actual: &quot;--&quot;

data[9] expected: Datum&lt;numOrders=&quot;0&quot;, name=&quot;QASaurabh2&quot;, completedOrders=&quot;0&quot;, mobileNo=&quot;7568031284&quot;, payroll=null, cityId=&quot;jaipur&quot;, currentOrder=&quot;0&quot;, stationId=null, stateCode=1, createdBy=null, id=&quot;5668100972216320&quot;&gt;
data[9]   actual: Datum&lt;numOrders=&quot;--&quot;, name=&quot;Saurabh Tester9&quot;, completedOrders=&quot;--&quot;, mobileNo=&quot;7869981247&quot;, payroll=null, cityId=&quot;jaipur&quot;, currentOrder=&quot;--&quot;, stationId=null, stateCode=-1, createdBy=null, id=&quot;5684372455817216&quot;&gt;

data[9].numOrders expected: &quot;0&quot;
data[9].numOrders   actual: &quot;--&quot;

data[9].name expected: &quot;QASaurabh2&quot;
data[9].name   actual: &quot;Saurabh Tester9&quot;

data[9].completedOrders expected: &quot;0&quot;
data[9].completedOrders   actual: &quot;--&quot;

data[9].stateCode expected: 1
data[9].stateCode   actual: -1

data[9].mobileNo expected: &quot;7568031284&quot;
data[9].mobileNo   actual: &quot;7869981247&quot;

data[9].id expected: &quot;5668100972216320&quot;
data[9].id   actual: &quot;5684372455817216&quot;

data[9].currentOrder expected: &quot;0&quot;
data[9].currentOrder   actual: &quot;--&quot;

data[10] expected: Datum&lt;numOrders=&quot;0&quot;, name=&quot;Saurabh Tester9&quot;, completedOrders=&quot;0&quot;, mobileNo=&quot;7869981247&quot;, payroll=null, cityId=&quot;jaipur&quot;, currentOrder=&quot;0&quot;, stationId=null, stateCode=-1, createdBy=null, id=&quot;5684372455817216&quot;&gt;
data[10]   actual: Datum&lt;numOrders=&quot;--&quot;, name=&quot;Saurabh Tester6&quot;, completedOrders=&quot;--&quot;, mobileNo=&quot;7868041247&quot;, payroll=null, cityId=&quot;jaipur&quot;, currentOrder=&quot;--&quot;, stationId=null, stateCode=-1, createdBy=null, id=&quot;5688083307560960&quot;&gt;

data[10].numOrders expected: &quot;0&quot;
data[10].numOrders   actual: &quot;--&quot;

data[10].name expected: &quot;Saurabh Tester9&quot;
data[10].name   actual: &quot;Saurabh Tester6&quot;

data[10].completedOrders expected: &quot;0&quot;
data[10].completedOrders   actual: &quot;--&quot;

data[10].mobileNo expected: &quot;7869981247&quot;
data[10].mobileNo   actual: &quot;7868041247&quot;

data[10].id expected: &quot;5684372455817216&quot;
data[10].id   actual: &quot;5688083307560960&quot;

data[10].currentOrder expected: &quot;0&quot;
data[10].currentOrder   actual: &quot;--&quot;

data[11] expected: Datum&lt;numOrders=&quot;0&quot;, name=&quot;Saurabh Tester6&quot;, completedOrders=&quot;0&quot;, mobileNo=&quot;7868041247&quot;, payroll=null, cityId=&quot;jaipur&quot;, currentOrder=&quot;0&quot;, stationId=null, stateCode=-1, createdBy=null, id=&quot;5688083307560960&quot;&gt;
data[11]   actual: Datum&lt;numOrders=&quot;--&quot;, name=&quot;Saurabh Tester100&quot;, completedOrders=&quot;--&quot;, mobileNo=&quot;1001000100&quot;, payroll=null, cityId=&quot;jaipur&quot;, currentOrder=&quot;--&quot;, stationId=null, stateCode=-1, createdBy=null, id=&quot;5733307635466240&quot;&gt;

data[11].numOrders expected: &quot;0&quot;
data[11].numOrders   actual: &quot;--&quot;

data[11].name expected: &quot;Saurabh Tester6&quot;
data[11].name   actual: &quot;Saurabh Tester100&quot;

data[11].completedOrders expected: &quot;0&quot;
data[11].completedOrders   actual: &quot;--&quot;

data[11].mobileNo expected: &quot;7868041247&quot;
data[11].mobileNo   actual: &quot;1001000100&quot;

data[11].id expected: &quot;5688083307560960&quot;
data[11].id   actual: &quot;5733307635466240&quot;

data[11].currentOrder expected: &quot;0&quot;
data[11].currentOrder   actual: &quot;--&quot;

data[12] expected: Datum&lt;numOrders=&quot;0&quot;, name=&quot;Saurabh Tester100&quot;, completedOrders=&quot;0&quot;, mobileNo=&quot;1001000100&quot;, payroll=null, cityId=&quot;jaipur&quot;, currentOrder=&quot;0&quot;, stationId=null, stateCode=-1, createdBy=null, id=&quot;5733307635466240&quot;&gt;
data[12]   actual: Datum&lt;numOrders=&quot;--&quot;, name=&quot;NavdeepAuriga&quot;, completedOrders=&quot;--&quot;, mobileNo=&quot;9108876517&quot;, payroll=null, cityId=&quot;jaipur&quot;, currentOrder=&quot;--&quot;, stationId=null, stateCode=1, createdBy=null, id=&quot;5736044737593344&quot;&gt;

data[12].numOrders expected: &quot;0&quot;
data[12].numOrders   actual: &quot;--&quot;

data[12].name expected: &quot;Saurabh Tester100&quot;
data[12].name   actual: &quot;NavdeepAuriga&quot;

data[12].completedOrders expected: &quot;0&quot;
data[12].completedOrders   actual: &quot;--&quot;

data[12].stateCode expected: -1
data[12].stateCode   actual: 1

data[12].mobileNo expected: &quot;1001000100&quot;
data[12].mobileNo   actual: &quot;9108876517&quot;

data[12].id expected: &quot;5733307635466240&quot;
data[12].id   actual: &quot;5736044737593344&quot;

data[12].currentOrder expected: &quot;0&quot;
data[12].currentOrder   actual: &quot;--&quot;

data[13] expected: Datum&lt;numOrders=&quot;0&quot;, name=&quot;NavdeepAuriga&quot;, completedOrders=&quot;0&quot;, mobileNo=&quot;9108876517&quot;, payroll=null, cityId=&quot;jaipur&quot;, currentOrder=&quot;0&quot;, stationId=null, stateCode=1, createdBy=null, id=&quot;5736044737593344&quot;&gt;
data[13]   actual: Datum&lt;numOrders=&quot;--&quot;, name=&quot;Saurabh Tester10&quot;, completedOrders=&quot;--&quot;, mobileNo=&quot;7869231247&quot;, payroll=null, cityId=&quot;jaipur&quot;, currentOrder=&quot;--&quot;, stationId=null, stateCode=-1, createdBy=null, id=&quot;5759482843889664&quot;&gt;

data[13].numOrders expected: &quot;0&quot;
data[13].numOrders   actual: &quot;--&quot;

data[13].name expected: &quot;NavdeepAuriga&quot;
data[13].name   actual: &quot;Saurabh Tester10&quot;

data[13].completedOrders expected: &quot;0&quot;
data[13].completedOrders   actual: &quot;--&quot;

data[13].stateCode expected: 1
data[13].stateCode   actual: -1

data[13].mobileNo expected: &quot;9108876517&quot;
data[13].mobileNo   actual: &quot;7869231247&quot;

data[13].id expected: &quot;5736044737593344&quot;
data[13].id   actual: &quot;5759482843889664&quot;

data[13].currentOrder expected: &quot;0&quot;
data[13].currentOrder   actual: &quot;--&quot;

data[14] expected: Datum&lt;numOrders=&quot;0&quot;, name=&quot;Saurabh Tester10&quot;, completedOrders=&quot;0&quot;, mobileNo=&quot;7869231247&quot;, payroll=null, cityId=&quot;jaipur&quot;, currentOrder=&quot;0&quot;, stationId=null, stateCode=-1, createdBy=null, id=&quot;5759482843889664&quot;&gt;
data[14]   actual: Datum&lt;numOrders=&quot;--&quot;, name=&quot;QASaurabh&quot;, completedOrders=&quot;--&quot;, mobileNo=&quot;7791823335&quot;, payroll=null, cityId=&quot;jaipur&quot;, currentOrder=&quot;--&quot;, stationId=null, stateCode=1, createdBy=null, id=&quot;5933932872728576&quot;&gt;

data[14].numOrders expected: &quot;0&quot;
data[14].numOrders   actual: &quot;--&quot;

data[14].name expected: &quot;Saurabh Tester10&quot;
data[14].name   actual: &quot;QASaurabh&quot;

data[14].completedOrders expected: &quot;0&quot;
data[14].completedOrders   actual: &quot;--&quot;

data[14].stateCode expected: -1
data[14].stateCode   actual: 1

data[14].mobileNo expected: &quot;7869231247&quot;
data[14].mobileNo   actual: &quot;7791823335&quot;

data[14].id expected: &quot;5759482843889664&quot;
data[14].id   actual: &quot;5933932872728576&quot;

data[14].currentOrder expected: &quot;0&quot;
data[14].currentOrder   actual: &quot;--&quot;

data[15] expected: Datum&lt;numOrders=&quot;0&quot;, name=&quot;QASaurabh&quot;, completedOrders=&quot;0&quot;, mobileNo=&quot;7791823335&quot;, payroll=null, cityId=&quot;jaipur&quot;, currentOrder=&quot;0&quot;, stationId=null, stateCode=1, createdBy=null, id=&quot;5933932872728576&quot;&gt;
data[15]   actual: Datum&lt;numOrders=&quot;--&quot;, name=&quot;Saurabh&quot;, completedOrders=&quot;--&quot;, mobileNo=&quot;9599855555&quot;, payroll=null, cityId=&quot;jaipur&quot;, currentOrder=&quot;--&quot;, stationId=null, stateCode=-1, createdBy=null, id=&quot;5935030303981568&quot;&gt;

data[15].numOrders expected: &quot;0&quot;
data[15].numOrders   actual: &quot;--&quot;

data[15].name expected: &quot;QASaurabh&quot;
data[15].name   actual: &quot;Saurabh&quot;

data[15].completedOrders expected: &quot;0&quot;
data[15].completedOrders   actual: &quot;--&quot;

data[15].stateCode expected: 1
data[15].stateCode   actual: -1

data[15].mobileNo expected: &quot;7791823335&quot;
data[15].mobileNo   actual: &quot;9599855555&quot;

data[15].id expected: &quot;5933932872728576&quot;
data[15].id   actual: &quot;5935030303981568&quot;

data[15].currentOrder expected: &quot;0&quot;
data[15].currentOrder   actual: &quot;--&quot;

data[16] expected: Datum&lt;numOrders=&quot;0&quot;, name=&quot;QASaurabh10&quot;, completedOrders=&quot;0&quot;, mobileNo=&quot;1234567890&quot;, payroll=null, cityId=&quot;jaipur&quot;, currentOrder=&quot;0&quot;, stationId=null, stateCode=-1, createdBy=null, id=&quot;5992794258669568&quot;&gt;
data[16]   actual: Datum&lt;numOrders=&quot;--&quot;, name=&quot;QASaurabh10&quot;, completedOrders=&quot;--&quot;, mobileNo=&quot;1234567890&quot;, payroll=null, cityId=&quot;jaipur&quot;, currentOrder=&quot;--&quot;, stationId=null, stateCode=-1, createdBy=null, id=&quot;5992794258669568&quot;&gt;

data[16].numOrders expected: &quot;0&quot;
data[16].numOrders   actual: &quot;--&quot;

data[16].completedOrders expected: &quot;0&quot;
data[16].completedOrders   actual: &quot;--&quot;

data[16].currentOrder expected: &quot;0&quot;
data[16].currentOrder   actual: &quot;--&quot;

data[17] expected: Datum&lt;numOrders=&quot;0&quot;, name=&quot;QASaurabh101&quot;, completedOrders=&quot;0&quot;, mobileNo=&quot;9660752421&quot;, payroll=null, cityId=&quot;jaipur&quot;, currentOrder=&quot;0&quot;, stationId=null, stateCode=-1, createdBy=null, id=&quot;6002990309703680&quot;&gt;
data[17]   actual: Datum&lt;numOrders=&quot;--&quot;, name=&quot;QASaurabh101&quot;, completedOrders=&quot;--&quot;, mobileNo=&quot;9660752421&quot;, payroll=null, cityId=&quot;jaipur&quot;, currentOrder=&quot;--&quot;, stationId=null, stateCode=-1, createdBy=null, id=&quot;6002990309703680&quot;&gt;

data[17].numOrders expected: &quot;0&quot;
data[17].numOrders   actual: &quot;--&quot;

data[17].completedOrders expected: &quot;0&quot;
data[17].completedOrders   actual: &quot;--&quot;

data[17].currentOrder expected: &quot;0&quot;
data[17].currentOrder   actual: &quot;--&quot;

data[18] expected: Datum&lt;numOrders=&quot;0&quot;, name=&quot;QASaurabh3&quot;, completedOrders=&quot;0&quot;, mobileNo=&quot;9929790015&quot;, payroll=null, cityId=&quot;jaipur&quot;, currentOrder=&quot;0&quot;, stationId=null, stateCode=-1, createdBy=null, id=&quot;6024598827040768&quot;&gt;
data[18]   actual: Datum&lt;numOrders=&quot;--&quot;, name=&quot;QASaurabh3&quot;, completedOrders=&quot;--&quot;, mobileNo=&quot;9929790015&quot;, payroll=null, cityId=&quot;jaipur&quot;, currentOrder=&quot;--&quot;, stationId=null, stateCode=-1, createdBy=null, id=&quot;6024598827040768&quot;&gt;

data[18].numOrders expected: &quot;0&quot;
data[18].numOrders   actual: &quot;--&quot;

data[18].completedOrders expected: &quot;0&quot;
data[18].completedOrders   actual: &quot;--&quot;

data[18].currentOrder expected: &quot;0&quot;
data[18].currentOrder   actual: &quot;--&quot;

data[19] expected: Datum&lt;numOrders=&quot;0&quot;, name=&quot;Saurabh Tester8&quot;, completedOrders=&quot;0&quot;, mobileNo=&quot;7869081247&quot;, payroll=null, cityId=&quot;jaipur&quot;, currentOrder=&quot;0&quot;, stationId=null, stateCode=-1, createdBy=null, id=&quot;6221938078777344&quot;&gt;
data[19]   actual: Datum&lt;numOrders=&quot;--&quot;, name=&quot;Saurabh Tester8&quot;, completedOrders=&quot;--&quot;, mobileNo=&quot;7869081247&quot;, payroll=null, cityId=&quot;jaipur&quot;, currentOrder=&quot;--&quot;, stationId=null, stateCode=-1, createdBy=null, id=&quot;6221938078777344&quot;&gt;

data[19].numOrders expected: &quot;0&quot;
data[19].numOrders   actual: &quot;--&quot;

data[19].completedOrders expected: &quot;0&quot;
data[19].completedOrders   actual: &quot;--&quot;

data[19].currentOrder expected: &quot;0&quot;
data[19].currentOrder   actual: &quot;--&quot;

data[20] expected: Datum&lt;numOrders=&quot;0&quot;, name=&quot;Test100&quot;, completedOrders=&quot;0&quot;, mobileNo=&quot;1111111111&quot;, payroll=null, cityId=&quot;jaipur&quot;, currentOrder=&quot;0&quot;, stationId=null, stateCode=-1, createdBy=null, id=&quot;6227917713440768&quot;&gt;
data[20]   actual: Datum&lt;numOrders=&quot;--&quot;, name=&quot;Saurabh Tester12&quot;, completedOrders=&quot;--&quot;, mobileNo=&quot;8969231247&quot;, payroll=null, cityId=&quot;jaipur&quot;, currentOrder=&quot;--&quot;, stationId=null, stateCode=-1, createdBy=null, id=&quot;6296286110154752&quot;&gt;

data[20].numOrders expected: &quot;0&quot;
data[20].numOrders   actual: &quot;--&quot;

data[20].name expected: &quot;Test100&quot;
data[20].name   actual: &quot;Saurabh Tester12&quot;

data[20].completedOrders expected: &quot;0&quot;
data[20].completedOrders   actual: &quot;--&quot;

data[20].mobileNo expected: &quot;1111111111&quot;
data[20].mobileNo   actual: &quot;8969231247&quot;

data[20].id expected: &quot;6227917713440768&quot;
data[20].id   actual: &quot;6296286110154752&quot;

data[20].currentOrder expected: &quot;0&quot;
data[20].currentOrder   actual: &quot;--&quot;

data[21] expected: Datum&lt;numOrders=&quot;0&quot;, name=&quot;Saurabh Tester12&quot;, completedOrders=&quot;0&quot;, mobileNo=&quot;8969231247&quot;, payroll=null, cityId=&quot;jaipur&quot;, currentOrder=&quot;0&quot;, stationId=null, stateCode=-1, createdBy=null, id=&quot;6296286110154752&quot;&gt;
data[21]   actual: Datum&lt;numOrders=&quot;--&quot;, name=&quot;QASaurabh100&quot;, completedOrders=&quot;--&quot;, mobileNo=&quot;9660752415&quot;, payroll=null, cityId=&quot;jaipur&quot;, currentOrder=&quot;--&quot;, stationId=null, stateCode=-1, createdBy=null, id=&quot;6623937354006528&quot;&gt;

data[21].numOrders expected: &quot;0&quot;
data[21].numOrders   actual: &quot;--&quot;

data[21].name expected: &quot;Saurabh Tester12&quot;
data[21].name   actual: &quot;QASaurabh100&quot;

data[21].completedOrders expected: &quot;0&quot;
data[21].completedOrders   actual: &quot;--&quot;

data[21].mobileNo expected: &quot;8969231247&quot;
data[21].mobileNo   actual: &quot;9660752415&quot;

data[21].id expected: &quot;6296286110154752&quot;
data[21].id   actual: &quot;6623937354006528&quot;

data[21].currentOrder expected: &quot;0&quot;
data[21].currentOrder   actual: &quot;--&quot;

data[22] expected: Datum&lt;numOrders=&quot;0&quot;, name=&quot;QASaurabh100&quot;, completedOrders=&quot;0&quot;, mobileNo=&quot;9660752415&quot;, payroll=null, cityId=&quot;jaipur&quot;, currentOrder=&quot;0&quot;, stationId=null, stateCode=-1, createdBy=null, id=&quot;6623937354006528&quot;&gt;
data[22]   actual: &quot;&quot;

data[23] expected: Datum&lt;numOrders=&quot;0&quot;, name=&quot;SaurabhGrofers&quot;, completedOrders=&quot;0&quot;, mobileNo=&quot;9929790000&quot;, payroll=null, cityId=&quot;jaipur&quot;, currentOrder=&quot;0&quot;, stationId=null, stateCode=-1, createdBy=null, id=&quot;6667926375497728&quot;&gt;
data[23]   actual: &quot;&quot;

">
      <![CDATA[junit.framework.AssertionFailedError: 
Expected: ShopperByCityIdResponse<message="shoppers fetched!", data=[Datum<numOrders="0", name="Sk", completedOrders="0", mobileNo="9686642941", payroll=null, cityId="jaipur", currentOrder="0", stationId=null, stateCode=1, createdBy=null, id="4904445116678144">, Datum<numOrders="0", name="Sahil", completedOrders="0", mobileNo="8058695344", payroll=null, cityId="jaipur", currentOrder="0", stationId=null, stateCode=1, createdBy=null, id="4905593080905728">, Datum<numOrders="0", name="saurabh Tester11", completedOrders="0", mobileNo="1234445555", payroll=null, cityId="jaipur", currentOrder="0", stationId=null, stateCode=-1, createdBy=null, id="5094657339949056">, Datum<numOrders="0", name="Saurabh Tester2", completedOrders="0", mobileNo="7368031285", payroll=null, cityId="jaipur", currentOrder="0", stationId=null, stateCode=-1, createdBy=null, id="5167746945908736">, Datum<numOrders="0", name="Saurabh Tester3", completedOrders="0", mobileNo="7868031285", payroll=null, cityId="jaipur", currentOrder="0", stationId=null, stateCode=-1, createdBy=null, id="5172775815741440">, Datum<numOrders="0", name="Saurabh Tester5", completedOrders="0", mobileNo="7868031247", payroll=null, cityId="jaipur", currentOrder="0", stationId=null, stateCode=-1, createdBy=null, id="5176692825915392">, Datum<numOrders="0", name="Saurabh Tester7", completedOrders="0", mobileNo="7868081247", payroll=null, cityId="jaipur", currentOrder="0", stationId=null, stateCode=-1, createdBy=null, id="5252924737323008">, Datum<numOrders="0", name="OnCall", completedOrders="0", mobileNo="9148981148", payroll=null, cityId="jaipur", currentOrder="0", stationId=null, stateCode=1, createdBy=null, id="5361126808223744">, Datum<numOrders="0", name="Saurabh Tester4", completedOrders="0", mobileNo="7868031245", payroll=null, cityId="jaipur", currentOrder="0", stationId=null, stateCode=-1, createdBy=null, id="5491729750818816">, Datum<numOrders="0", name="QASaurabh2", completedOrders="0", mobileNo="7568031284", payroll=null, cityId="jaipur", currentOrder="0", stationId=null, stateCode=1, createdBy=null, id="5668100972216320">, Datum<numOrders="0", name="Saurabh Tester9", completedOrders="0", mobileNo="7869981247", payroll=null, cityId="jaipur", currentOrder="0", stationId=null, stateCode=-1, createdBy=null, id="5684372455817216">, Datum<numOrders="0", name="Saurabh Tester6", completedOrders="0", mobileNo="7868041247", payroll=null, cityId="jaipur", currentOrder="0", stationId=null, stateCode=-1, createdBy=null, id="5688083307560960">, Datum<numOrders="0", name="Saurabh Tester100", completedOrders="0", mobileNo="1001000100", payroll=null, cityId="jaipur", currentOrder="0", stationId=null, stateCode=-1, createdBy=null, id="5733307635466240">, Datum<numOrders="0", name="NavdeepAuriga", completedOrders="0", mobileNo="9108876517", payroll=null, cityId="jaipur", currentOrder="0", stationId=null, stateCode=1, createdBy=null, id="5736044737593344">, Datum<numOrders="0", name="Saurabh Tester10", completedOrders="0", mobileNo="7869231247", payroll=null, cityId="jaipur", currentOrder="0", stationId=null, stateCode=-1, createdBy=null, id="5759482843889664">, ...], success=true>
  Actual: ShopperByCityIdResponse<message="shoppers fetched!", data=[Datum<numOrders="--", name="Sk", completedOrders="--", mobileNo="9686642940", payroll=null, cityId="jaipur", currentOrder="--", stationId=null, stateCode=1, createdBy=null, id="4904445116678144">, Datum<numOrders="--", name="Sahil", completedOrders="--", mobileNo="8058695344", payroll=null, cityId="jaipur", currentOrder="--", stationId=null, stateCode=1, createdBy=null, id="4905593080905728">, Datum<numOrders="--", name="saurabh Tester11", completedOrders="--", mobileNo="1234445555", payroll=null, cityId="jaipur", currentOrder="--", stationId=null, stateCode=-1, createdBy=null, id="5094657339949056">, Datum<numOrders="--", name="Saurabh Tester2", completedOrders="--", mobileNo="7368031285", payroll=null, cityId="jaipur", currentOrder="--", stationId=null, stateCode=-1, createdBy=null, id="5167746945908736">, Datum<numOrders="--", name="Saurabh Tester3", completedOrders="--", mobileNo="7868031285", payroll=null, cityId="jaipur", currentOrder="--", stationId=null, stateCode=-1, createdBy=null, id="5172775815741440">, Datum<numOrders="--", name="Saurabh Tester5", completedOrders="--", mobileNo="7868031247", payroll=null, cityId="jaipur", currentOrder="--", stationId=null, stateCode=-1, createdBy=null, id="5176692825915392">, Datum<numOrders="--", name="Saurabh Tester7", completedOrders="--", mobileNo="7868081247", payroll=null, cityId="jaipur", currentOrder="--", stationId=null, stateCode=-1, createdBy=null, id="5252924737323008">, Datum<numOrders="--", name="Saurabh Tester4", completedOrders="--", mobileNo="7868031245", payroll=null, cityId="jaipur", currentOrder="--", stationId=null, stateCode=-1, createdBy=null, id="5491729750818816">, Datum<numOrders="--", name="QASaurabh2", completedOrders="--", mobileNo="7568031284", payroll=null, cityId="jaipur", currentOrder="--", stationId=null, stateCode=1, createdBy=null, id="5668100972216320">, Datum<numOrders="--", name="Saurabh Tester9", completedOrders="--", mobileNo="7869981247", payroll=null, cityId="jaipur", currentOrder="--", stationId=null, stateCode=-1, createdBy=null, id="5684372455817216">, Datum<numOrders="--", name="Saurabh Tester6", completedOrders="--", mobileNo="7868041247", payroll=null, cityId="jaipur", currentOrder="--", stationId=null, stateCode=-1, createdBy=null, id="5688083307560960">, Datum<numOrders="--", name="Saurabh Tester100", completedOrders="--", mobileNo="1001000100", payroll=null, cityId="jaipur", currentOrder="--", stationId=null, stateCode=-1, createdBy=null, id="5733307635466240">, Datum<numOrders="--", name="NavdeepAuriga", completedOrders="--", mobileNo="9108876517", payroll=null, cityId="jaipur", currentOrder="--", stationId=null, stateCode=1, createdBy=null, id="5736044737593344">, Datum<numOrders="--", name="Saurabh Tester10", completedOrders="--", mobileNo="7869231247", payroll=null, cityId="jaipur", currentOrder="--", stationId=null, stateCode=-1, createdBy=null, id="5759482843889664">, Datum<numOrders="--", name="QASaurabh", completedOrders="--", mobileNo="7791823335", payroll=null, cityId="jaipur", currentOrder="--", stationId=null, stateCode=1, createdBy=null, id="5933932872728576">, ...], success=true>

--- Found following differences ---
data[0].numOrders: expected: "0", actual: "--"
data[0].completedOrders: expected: "0", actual: "--"
data[0].mobileNo: expected: "9686642941", actual: "9686642940"
data[0].currentOrder: expected: "0", actual: "--"
data[1].numOrders: expected: "0", actual: "--"
data[1].completedOrders: expected: "0", actual: "--"
data[1].currentOrder: expected: "0", actual: "--"
data[2].numOrders: expected: "0", actual: "--"
data[2].completedOrders: expected: "0", actual: "--"
data[2].currentOrder: expected: "0", actual: "--"
data[3].numOrders: expected: "0", actual: "--"
data[3].completedOrders: expected: "0", actual: "--"
data[3].currentOrder: expected: "0", actual: "--"
data[4].numOrders: expected: "0", actual: "--"
data[4].completedOrders: expected: "0", actual: "--"
data[4].currentOrder: expected: "0", actual: "--"
data[5].numOrders: expected: "0", actual: "--"
data[5].completedOrders: expected: "0", actual: "--"
data[5].currentOrder: expected: "0", actual: "--"
data[6].numOrders: expected: "0", actual: "--"
data[6].completedOrders: expected: "0", actual: "--"
data[6].currentOrder: expected: "0", actual: "--"
data[7].numOrders: expected: "0", actual: "--"
data[7].name: expected: "OnCall", actual: "Saurabh Tester4"
data[7].completedOrders: expected: "0", actual: "--"
data[7].stateCode: expected: 1, actual: -1
data[7].mobileNo: expected: "9148981148", actual: "7868031245"
data[7].id: expected: "5361126808223744", actual: "5491729750818816"
data[7].currentOrder: expected: "0", actual: "--"
data[8].numOrders: expected: "0", actual: "--"
data[8].name: expected: "Saurabh Tester4", actual: "QASaurabh2"
data[8].completedOrders: expected: "0", actual: "--"
data[8].stateCode: expected: -1, actual: 1
data[8].mobileNo: expected: "7868031245", actual: "7568031284"
data[8].id: expected: "5491729750818816", actual: "5668100972216320"
data[8].currentOrder: expected: "0", actual: "--"
data[9].numOrders: expected: "0", actual: "--"
data[9].name: expected: "QASaurabh2", actual: "Saurabh Tester9"
data[9].completedOrders: expected: "0", actual: "--"
data[9].stateCode: expected: 1, actual: -1
data[9].mobileNo: expected: "7568031284", actual: "7869981247"
data[9].id: expected: "5668100972216320", actual: "5684372455817216"
data[9].currentOrder: expected: "0", actual: "--"
data[10].numOrders: expected: "0", actual: "--"
data[10].name: expected: "Saurabh Tester9", actual: "Saurabh Tester6"
data[10].completedOrders: expected: "0", actual: "--"
data[10].mobileNo: expected: "7869981247", actual: "7868041247"
data[10].id: expected: "5684372455817216", actual: "5688083307560960"
data[10].currentOrder: expected: "0", actual: "--"
data[11].numOrders: expected: "0", actual: "--"
data[11].name: expected: "Saurabh Tester6", actual: "Saurabh Tester100"
data[11].completedOrders: expected: "0", actual: "--"
data[11].mobileNo: expected: "7868041247", actual: "1001000100"
data[11].id: expected: "5688083307560960", actual: "5733307635466240"
data[11].currentOrder: expected: "0", actual: "--"
data[12].numOrders: expected: "0", actual: "--"
data[12].name: expected: "Saurabh Tester100", actual: "NavdeepAuriga"
data[12].completedOrders: expected: "0", actual: "--"
data[12].stateCode: expected: -1, actual: 1
data[12].mobileNo: expected: "1001000100", actual: "9108876517"
data[12].id: expected: "5733307635466240", actual: "5736044737593344"
data[12].currentOrder: expected: "0", actual: "--"
data[13].numOrders: expected: "0", actual: "--"
data[13].name: expected: "NavdeepAuriga", actual: "Saurabh Tester10"
data[13].completedOrders: expected: "0", actual: "--"
data[13].stateCode: expected: 1, actual: -1
data[13].mobileNo: expected: "9108876517", actual: "7869231247"
data[13].id: expected: "5736044737593344", actual: "5759482843889664"
data[13].currentOrder: expected: "0", actual: "--"
data[14].numOrders: expected: "0", actual: "--"
data[14].name: expected: "Saurabh Tester10", actual: "QASaurabh"
data[14].completedOrders: expected: "0", actual: "--"
data[14].stateCode: expected: -1, actual: 1
data[14].mobileNo: expected: "7869231247", actual: "7791823335"
data[14].id: expected: "5759482843889664", actual: "5933932872728576"
data[14].currentOrder: expected: "0", actual: "--"
data[15].numOrders: expected: "0", actual: "--"
data[15].name: expected: "QASaurabh", actual: "Saurabh"
data[15].completedOrders: expected: "0", actual: "--"
data[15].stateCode: expected: 1, actual: -1
data[15].mobileNo: expected: "7791823335", actual: "9599855555"
data[15].id: expected: "5933932872728576", actual: "5935030303981568"
data[15].currentOrder: expected: "0", actual: "--"
data[16].numOrders: expected: "0", actual: "--"
data[16].completedOrders: expected: "0", actual: "--"
data[16].currentOrder: expected: "0", actual: "--"
data[17].numOrders: expected: "0", actual: "--"
data[17].completedOrders: expected: "0", actual: "--"
data[17].currentOrder: expected: "0", actual: "--"
data[18].numOrders: expected: "0", actual: "--"
data[18].completedOrders: expected: "0", actual: "--"
data[18].currentOrder: expected: "0", actual: "--"
data[19].numOrders: expected: "0", actual: "--"
data[19].completedOrders: expected: "0", actual: "--"
data[19].currentOrder: expected: "0", actual: "--"
data[20].numOrders: expected: "0", actual: "--"
data[20].name: expected: "Test100", actual: "Saurabh Tester12"
data[20].completedOrders: expected: "0", actual: "--"
data[20].mobileNo: expected: "1111111111", actual: "8969231247"
data[20].id: expected: "6227917713440768", actual: "6296286110154752"
data[20].currentOrder: expected: "0", actual: "--"
data[21].numOrders: expected: "0", actual: "--"
data[21].name: expected: "Saurabh Tester12", actual: "QASaurabh100"
data[21].completedOrders: expected: "0", actual: "--"
data[21].mobileNo: expected: "8969231247", actual: "9660752415"
data[21].id: expected: "6296286110154752", actual: "6623937354006528"
data[21].currentOrder: expected: "0", actual: "--"
data[22]:
 expected: Datum<numOrders="0", name="QASaurabh100", completedOrders="0", mobileNo="9660752415", payroll=null, cityId="jaipur", currentOrder="0", stationId=null, stateCode=-1, createdBy=null, id="6623937354006528">
   actual: --no match--

data[23]:
 expected: Datum<numOrders="0", name="SaurabhGrofers", completedOrders="0", mobileNo="9929790000", payroll=null, cityId="jaipur", currentOrder="0", stationId=null, stateCode=-1, createdBy=null, id="6667926375497728">
   actual: --no match--


--- Difference detail tree ---
 expected: ShopperByCityIdResponse<message="shoppers fetched!", data=[Datum<numOrders="0", name="Sk", completedOrders="0", mobileNo="9686642941", payroll=null, cityId="jaipur", currentOrder="0", stationId=null, stateCode=1, createdBy=null, id="4904445116678144">, Datum<numOrders="0", name="Sahil", completedOrders="0", mobileNo="8058695344", payroll=null, cityId="jaipur", currentOrder="0", stationId=null, stateCode=1, createdBy=null, id="4905593080905728">, Datum<numOrders="0", name="saurabh Tester11", completedOrders="0", mobileNo="1234445555", payroll=null, cityId="jaipur", currentOrder="0", stationId=null, stateCode=-1, createdBy=null, id="5094657339949056">, Datum<numOrders="0", name="Saurabh Tester2", completedOrders="0", mobileNo="7368031285", payroll=null, cityId="jaipur", currentOrder="0", stationId=null, stateCode=-1, createdBy=null, id="5167746945908736">, Datum<numOrders="0", name="Saurabh Tester3", completedOrders="0", mobileNo="7868031285", payroll=null, cityId="jaipur", currentOrder="0", stationId=null, stateCode=-1, createdBy=null, id="5172775815741440">, Datum<numOrders="0", name="Saurabh Tester5", completedOrders="0", mobileNo="7868031247", payroll=null, cityId="jaipur", currentOrder="0", stationId=null, stateCode=-1, createdBy=null, id="5176692825915392">, Datum<numOrders="0", name="Saurabh Tester7", completedOrders="0", mobileNo="7868081247", payroll=null, cityId="jaipur", currentOrder="0", stationId=null, stateCode=-1, createdBy=null, id="5252924737323008">, Datum<numOrders="0", name="OnCall", completedOrders="0", mobileNo="9148981148", payroll=null, cityId="jaipur", currentOrder="0", stationId=null, stateCode=1, createdBy=null, id="5361126808223744">, Datum<numOrders="0", name="Saurabh Tester4", completedOrders="0", mobileNo="7868031245", payroll=null, cityId="jaipur", currentOrder="0", stationId=null, stateCode=-1, createdBy=null, id="5491729750818816">, Datum<numOrders="0", name="QASaurabh2", completedOrders="0", mobileNo="7568031284", payroll=null, cityId="jaipur", currentOrder="0", stationId=null, stateCode=1, createdBy=null, id="5668100972216320">, Datum<numOrders="0", name="Saurabh Tester9", completedOrders="0", mobileNo="7869981247", payroll=null, cityId="jaipur", currentOrder="0", stationId=null, stateCode=-1, createdBy=null, id="5684372455817216">, Datum<numOrders="0", name="Saurabh Tester6", completedOrders="0", mobileNo="7868041247", payroll=null, cityId="jaipur", currentOrder="0", stationId=null, stateCode=-1, createdBy=null, id="5688083307560960">, Datum<numOrders="0", name="Saurabh Tester100", completedOrders="0", mobileNo="1001000100", payroll=null, cityId="jaipur", currentOrder="0", stationId=null, stateCode=-1, createdBy=null, id="5733307635466240">, Datum<numOrders="0", name="NavdeepAuriga", completedOrders="0", mobileNo="9108876517", payroll=null, cityId="jaipur", currentOrder="0", stationId=null, stateCode=1, createdBy=null, id="5736044737593344">, Datum<numOrders="0", name="Saurabh Tester10", completedOrders="0", mobileNo="7869231247", payroll=null, cityId="jaipur", currentOrder="0", stationId=null, stateCode=-1, createdBy=null, id="5759482843889664">, ...], success=true>
   actual: ShopperByCityIdResponse<message="shoppers fetched!", data=[Datum<numOrders="--", name="Sk", completedOrders="--", mobileNo="9686642940", payroll=null, cityId="jaipur", currentOrder="--", stationId=null, stateCode=1, createdBy=null, id="4904445116678144">, Datum<numOrders="--", name="Sahil", completedOrders="--", mobileNo="8058695344", payroll=null, cityId="jaipur", currentOrder="--", stationId=null, stateCode=1, createdBy=null, id="4905593080905728">, Datum<numOrders="--", name="saurabh Tester11", completedOrders="--", mobileNo="1234445555", payroll=null, cityId="jaipur", currentOrder="--", stationId=null, stateCode=-1, createdBy=null, id="5094657339949056">, Datum<numOrders="--", name="Saurabh Tester2", completedOrders="--", mobileNo="7368031285", payroll=null, cityId="jaipur", currentOrder="--", stationId=null, stateCode=-1, createdBy=null, id="5167746945908736">, Datum<numOrders="--", name="Saurabh Tester3", completedOrders="--", mobileNo="7868031285", payroll=null, cityId="jaipur", currentOrder="--", stationId=null, stateCode=-1, createdBy=null, id="5172775815741440">, Datum<numOrders="--", name="Saurabh Tester5", completedOrders="--", mobileNo="7868031247", payroll=null, cityId="jaipur", currentOrder="--", stationId=null, stateCode=-1, createdBy=null, id="5176692825915392">, Datum<numOrders="--", name="Saurabh Tester7", completedOrders="--", mobileNo="7868081247", payroll=null, cityId="jaipur", currentOrder="--", stationId=null, stateCode=-1, createdBy=null, id="5252924737323008">, Datum<numOrders="--", name="Saurabh Tester4", completedOrders="--", mobileNo="7868031245", payroll=null, cityId="jaipur", currentOrder="--", stationId=null, stateCode=-1, createdBy=null, id="5491729750818816">, Datum<numOrders="--", name="QASaurabh2", completedOrders="--", mobileNo="7568031284", payroll=null, cityId="jaipur", currentOrder="--", stationId=null, stateCode=1, createdBy=null, id="5668100972216320">, Datum<numOrders="--", name="Saurabh Tester9", completedOrders="--", mobileNo="7869981247", payroll=null, cityId="jaipur", currentOrder="--", stationId=null, stateCode=-1, createdBy=null, id="5684372455817216">, Datum<numOrders="--", name="Saurabh Tester6", completedOrders="--", mobileNo="7868041247", payroll=null, cityId="jaipur", currentOrder="--", stationId=null, stateCode=-1, createdBy=null, id="5688083307560960">, Datum<numOrders="--", name="Saurabh Tester100", completedOrders="--", mobileNo="1001000100", payroll=null, cityId="jaipur", currentOrder="--", stationId=null, stateCode=-1, createdBy=null, id="5733307635466240">, Datum<numOrders="--", name="NavdeepAuriga", completedOrders="--", mobileNo="9108876517", payroll=null, cityId="jaipur", currentOrder="--", stationId=null, stateCode=1, createdBy=null, id="5736044737593344">, Datum<numOrders="--", name="Saurabh Tester10", completedOrders="--", mobileNo="7869231247", payroll=null, cityId="jaipur", currentOrder="--", stationId=null, stateCode=-1, createdBy=null, id="5759482843889664">, Datum<numOrders="--", name="QASaurabh", completedOrders="--", mobileNo="7791823335", payroll=null, cityId="jaipur", currentOrder="--", stationId=null, stateCode=1, createdBy=null, id="5933932872728576">, ...], success=true>

data expected: [Datum<numOrders="0", name="Sk", completedOrders="0", mobileNo="9686642941", payroll=null, cityId="jaipur", currentOrder="0", stationId=null, stateCode=1, createdBy=null, id="4904445116678144">, Datum<numOrders="0", name="Sahil", completedOrders="0", mobileNo="8058695344", payroll=null, cityId="jaipur", currentOrder="0", stationId=null, stateCode=1, createdBy=null, id="4905593080905728">, Datum<numOrders="0", name="saurabh Tester11", completedOrders="0", mobileNo="1234445555", payroll=null, cityId="jaipur", currentOrder="0", stationId=null, stateCode=-1, createdBy=null, id="5094657339949056">, Datum<numOrders="0", name="Saurabh Tester2", completedOrders="0", mobileNo="7368031285", payroll=null, cityId="jaipur", currentOrder="0", stationId=null, stateCode=-1, createdBy=null, id="5167746945908736">, Datum<numOrders="0", name="Saurabh Tester3", completedOrders="0", mobileNo="7868031285", payroll=null, cityId="jaipur", currentOrder="0", stationId=null, stateCode=-1, createdBy=null, id="5172775815741440">, Datum<numOrders="0", name="Saurabh Tester5", completedOrders="0", mobileNo="7868031247", payroll=null, cityId="jaipur", currentOrder="0", stationId=null, stateCode=-1, createdBy=null, id="5176692825915392">, Datum<numOrders="0", name="Saurabh Tester7", completedOrders="0", mobileNo="7868081247", payroll=null, cityId="jaipur", currentOrder="0", stationId=null, stateCode=-1, createdBy=null, id="5252924737323008">, Datum<numOrders="0", name="OnCall", completedOrders="0", mobileNo="9148981148", payroll=null, cityId="jaipur", currentOrder="0", stationId=null, stateCode=1, createdBy=null, id="5361126808223744">, Datum<numOrders="0", name="Saurabh Tester4", completedOrders="0", mobileNo="7868031245", payroll=null, cityId="jaipur", currentOrder="0", stationId=null, stateCode=-1, createdBy=null, id="5491729750818816">, Datum<numOrders="0", name="QASaurabh2", completedOrders="0", mobileNo="7568031284", payroll=null, cityId="jaipur", currentOrder="0", stationId=null, stateCode=1, createdBy=null, id="5668100972216320">, Datum<numOrders="0", name="Saurabh Tester9", completedOrders="0", mobileNo="7869981247", payroll=null, cityId="jaipur", currentOrder="0", stationId=null, stateCode=-1, createdBy=null, id="5684372455817216">, Datum<numOrders="0", name="Saurabh Tester6", completedOrders="0", mobileNo="7868041247", payroll=null, cityId="jaipur", currentOrder="0", stationId=null, stateCode=-1, createdBy=null, id="5688083307560960">, Datum<numOrders="0", name="Saurabh Tester100", completedOrders="0", mobileNo="1001000100", payroll=null, cityId="jaipur", currentOrder="0", stationId=null, stateCode=-1, createdBy=null, id="5733307635466240">, Datum<numOrders="0", name="NavdeepAuriga", completedOrders="0", mobileNo="9108876517", payroll=null, cityId="jaipur", currentOrder="0", stationId=null, stateCode=1, createdBy=null, id="5736044737593344">, Datum<numOrders="0", name="Saurabh Tester10", completedOrders="0", mobileNo="7869231247", payroll=null, cityId="jaipur", currentOrder="0", stationId=null, stateCode=-1, createdBy=null, id="5759482843889664">, ...]
data   actual: [Datum<numOrders="--", name="Sk", completedOrders="--", mobileNo="9686642940", payroll=null, cityId="jaipur", currentOrder="--", stationId=null, stateCode=1, createdBy=null, id="4904445116678144">, Datum<numOrders="--", name="Sahil", completedOrders="--", mobileNo="8058695344", payroll=null, cityId="jaipur", currentOrder="--", stationId=null, stateCode=1, createdBy=null, id="4905593080905728">, Datum<numOrders="--", name="saurabh Tester11", completedOrders="--", mobileNo="1234445555", payroll=null, cityId="jaipur", currentOrder="--", stationId=null, stateCode=-1, createdBy=null, id="5094657339949056">, Datum<numOrders="--", name="Saurabh Tester2", completedOrders="--", mobileNo="7368031285", payroll=null, cityId="jaipur", currentOrder="--", stationId=null, stateCode=-1, createdBy=null, id="5167746945908736">, Datum<numOrders="--", name="Saurabh Tester3", completedOrders="--", mobileNo="7868031285", payroll=null, cityId="jaipur", currentOrder="--", stationId=null, stateCode=-1, createdBy=null, id="5172775815741440">, Datum<numOrders="--", name="Saurabh Tester5", completedOrders="--", mobileNo="7868031247", payroll=null, cityId="jaipur", currentOrder="--", stationId=null, stateCode=-1, createdBy=null, id="5176692825915392">, Datum<numOrders="--", name="Saurabh Tester7", completedOrders="--", mobileNo="7868081247", payroll=null, cityId="jaipur", currentOrder="--", stationId=null, stateCode=-1, createdBy=null, id="5252924737323008">, Datum<numOrders="--", name="Saurabh Tester4", completedOrders="--", mobileNo="7868031245", payroll=null, cityId="jaipur", currentOrder="--", stationId=null, stateCode=-1, createdBy=null, id="5491729750818816">, Datum<numOrders="--", name="QASaurabh2", completedOrders="--", mobileNo="7568031284", payroll=null, cityId="jaipur", currentOrder="--", stationId=null, stateCode=1, createdBy=null, id="5668100972216320">, Datum<numOrders="--", name="Saurabh Tester9", completedOrders="--", mobileNo="7869981247", payroll=null, cityId="jaipur", currentOrder="--", stationId=null, stateCode=-1, createdBy=null, id="5684372455817216">, Datum<numOrders="--", name="Saurabh Tester6", completedOrders="--", mobileNo="7868041247", payroll=null, cityId="jaipur", currentOrder="--", stationId=null, stateCode=-1, createdBy=null, id="5688083307560960">, Datum<numOrders="--", name="Saurabh Tester100", completedOrders="--", mobileNo="1001000100", payroll=null, cityId="jaipur", currentOrder="--", stationId=null, stateCode=-1, createdBy=null, id="5733307635466240">, Datum<numOrders="--", name="NavdeepAuriga", completedOrders="--", mobileNo="9108876517", payroll=null, cityId="jaipur", currentOrder="--", stationId=null, stateCode=1, createdBy=null, id="5736044737593344">, Datum<numOrders="--", name="Saurabh Tester10", completedOrders="--", mobileNo="7869231247", payroll=null, cityId="jaipur", currentOrder="--", stationId=null, stateCode=-1, createdBy=null, id="5759482843889664">, Datum<numOrders="--", name="QASaurabh", completedOrders="--", mobileNo="7791823335", payroll=null, cityId="jaipur", currentOrder="--", stationId=null, stateCode=1, createdBy=null, id="5933932872728576">, ...]

data[0] expected: Datum<numOrders="0", name="Sk", completedOrders="0", mobileNo="9686642941", payroll=null, cityId="jaipur", currentOrder="0", stationId=null, stateCode=1, createdBy=null, id="4904445116678144">
data[0]   actual: Datum<numOrders="--", name="Sk", completedOrders="--", mobileNo="9686642940", payroll=null, cityId="jaipur", currentOrder="--", stationId=null, stateCode=1, createdBy=null, id="4904445116678144">

data[0].numOrders expected: "0"
data[0].numOrders   actual: "--"

data[0].completedOrders expected: "0"
data[0].completedOrders   actual: "--"

data[0].mobileNo expected: "9686642941"
data[0].mobileNo   actual: "9686642940"

data[0].currentOrder expected: "0"
data[0].currentOrder   actual: "--"

data[1] expected: Datum<numOrders="0", name="Sahil", completedOrders="0", mobileNo="8058695344", payroll=null, cityId="jaipur", currentOrder="0", stationId=null, stateCode=1, createdBy=null, id="4905593080905728">
data[1]   actual: Datum<numOrders="--", name="Sahil", completedOrders="--", mobileNo="8058695344", payroll=null, cityId="jaipur", currentOrder="--", stationId=null, stateCode=1, createdBy=null, id="4905593080905728">

data[1].numOrders expected: "0"
data[1].numOrders   actual: "--"

data[1].completedOrders expected: "0"
data[1].completedOrders   actual: "--"

data[1].currentOrder expected: "0"
data[1].currentOrder   actual: "--"

data[2] expected: Datum<numOrders="0", name="saurabh Tester11", completedOrders="0", mobileNo="1234445555", payroll=null, cityId="jaipur", currentOrder="0", stationId=null, stateCode=-1, createdBy=null, id="5094657339949056">
data[2]   actual: Datum<numOrders="--", name="saurabh Tester11", completedOrders="--", mobileNo="1234445555", payroll=null, cityId="jaipur", currentOrder="--", stationId=null, stateCode=-1, createdBy=null, id="5094657339949056">

data[2].numOrders expected: "0"
data[2].numOrders   actual: "--"

data[2].completedOrders expected: "0"
data[2].completedOrders   actual: "--"

data[2].currentOrder expected: "0"
data[2].currentOrder   actual: "--"

data[3] expected: Datum<numOrders="0", name="Saurabh Tester2", completedOrders="0", mobileNo="7368031285", payroll=null, cityId="jaipur", currentOrder="0", stationId=null, stateCode=-1, createdBy=null, id="5167746945908736">
data[3]   actual: Datum<numOrders="--", name="Saurabh Tester2", completedOrders="--", mobileNo="7368031285", payroll=null, cityId="jaipur", currentOrder="--", stationId=null, stateCode=-1, createdBy=null, id="5167746945908736">

data[3].numOrders expected: "0"
data[3].numOrders   actual: "--"

data[3].completedOrders expected: "0"
data[3].completedOrders   actual: "--"

data[3].currentOrder expected: "0"
data[3].currentOrder   actual: "--"

data[4] expected: Datum<numOrders="0", name="Saurabh Tester3", completedOrders="0", mobileNo="7868031285", payroll=null, cityId="jaipur", currentOrder="0", stationId=null, stateCode=-1, createdBy=null, id="5172775815741440">
data[4]   actual: Datum<numOrders="--", name="Saurabh Tester3", completedOrders="--", mobileNo="7868031285", payroll=null, cityId="jaipur", currentOrder="--", stationId=null, stateCode=-1, createdBy=null, id="5172775815741440">

data[4].numOrders expected: "0"
data[4].numOrders   actual: "--"

data[4].completedOrders expected: "0"
data[4].completedOrders   actual: "--"

data[4].currentOrder expected: "0"
data[4].currentOrder   actual: "--"

data[5] expected: Datum<numOrders="0", name="Saurabh Tester5", completedOrders="0", mobileNo="7868031247", payroll=null, cityId="jaipur", currentOrder="0", stationId=null, stateCode=-1, createdBy=null, id="5176692825915392">
data[5]   actual: Datum<numOrders="--", name="Saurabh Tester5", completedOrders="--", mobileNo="7868031247", payroll=null, cityId="jaipur", currentOrder="--", stationId=null, stateCode=-1, createdBy=null, id="5176692825915392">

data[5].numOrders expected: "0"
data[5].numOrders   actual: "--"

data[5].completedOrders expected: "0"
data[5].completedOrders   actual: "--"

data[5].currentOrder expected: "0"
data[5].currentOrder   actual: "--"

data[6] expected: Datum<numOrders="0", name="Saurabh Tester7", completedOrders="0", mobileNo="7868081247", payroll=null, cityId="jaipur", currentOrder="0", stationId=null, stateCode=-1, createdBy=null, id="5252924737323008">
data[6]   actual: Datum<numOrders="--", name="Saurabh Tester7", completedOrders="--", mobileNo="7868081247", payroll=null, cityId="jaipur", currentOrder="--", stationId=null, stateCode=-1, createdBy=null, id="5252924737323008">

data[6].numOrders expected: "0"
data[6].numOrders   actual: "--"

data[6].completedOrders expected: "0"
data[6].completedOrders   actual: "--"

data[6].currentOrder expected: "0"
data[6].currentOrder   actual: "--"

data[7] expected: Datum<numOrders="0", name="OnCall", completedOrders="0", mobileNo="9148981148", payroll=null, cityId="jaipur", currentOrder="0", stationId=null, stateCode=1, createdBy=null, id="5361126808223744">
data[7]   actual: Datum<numOrders="--", name="Saurabh Tester4", completedOrders="--", mobileNo="7868031245", payroll=null, cityId="jaipur", currentOrder="--", stationId=null, stateCode=-1, createdBy=null, id="5491729750818816">

data[7].numOrders expected: "0"
data[7].numOrders   actual: "--"

data[7].name expected: "OnCall"
data[7].name   actual: "Saurabh Tester4"

data[7].completedOrders expected: "0"
data[7].completedOrders   actual: "--"

data[7].stateCode expected: 1
data[7].stateCode   actual: -1

data[7].mobileNo expected: "9148981148"
data[7].mobileNo   actual: "7868031245"

data[7].id expected: "5361126808223744"
data[7].id   actual: "5491729750818816"

data[7].currentOrder expected: "0"
data[7].currentOrder   actual: "--"

data[8] expected: Datum<numOrders="0", name="Saurabh Tester4", completedOrders="0", mobileNo="7868031245", payroll=null, cityId="jaipur", currentOrder="0", stationId=null, stateCode=-1, createdBy=null, id="5491729750818816">
data[8]   actual: Datum<numOrders="--", name="QASaurabh2", completedOrders="--", mobileNo="7568031284", payroll=null, cityId="jaipur", currentOrder="--", stationId=null, stateCode=1, createdBy=null, id="5668100972216320">

data[8].numOrders expected: "0"
data[8].numOrders   actual: "--"

data[8].name expected: "Saurabh Tester4"
data[8].name   actual: "QASaurabh2"

data[8].completedOrders expected: "0"
data[8].completedOrders   actual: "--"

data[8].stateCode expected: -1
data[8].stateCode   actual: 1

data[8].mobileNo expected: "7868031245"
data[8].mobileNo   actual: "7568031284"

data[8].id expected: "5491729750818816"
data[8].id   actual: "5668100972216320"

data[8].currentOrder expected: "0"
data[8].currentOrder   actual: "--"

data[9] expected: Datum<numOrders="0", name="QASaurabh2", completedOrders="0", mobileNo="7568031284", payroll=null, cityId="jaipur", currentOrder="0", stationId=null, stateCode=1, createdBy=null, id="5668100972216320">
data[9]   actual: Datum<numOrders="--", name="Saurabh Tester9", completedOrders="--", mobileNo="7869981247", payroll=null, cityId="jaipur", currentOrder="--", stationId=null, stateCode=-1, createdBy=null, id="5684372455817216">

data[9].numOrders expected: "0"
data[9].numOrders   actual: "--"

data[9].name expected: "QASaurabh2"
data[9].name   actual: "Saurabh Tester9"

data[9].completedOrders expected: "0"
data[9].completedOrders   actual: "--"

data[9].stateCode expected: 1
data[9].stateCode   actual: -1

data[9].mobileNo expected: "7568031284"
data[9].mobileNo   actual: "7869981247"

data[9].id expected: "5668100972216320"
data[9].id   actual: "5684372455817216"

data[9].currentOrder expected: "0"
data[9].currentOrder   actual: "--"

data[10] expected: Datum<numOrders="0", name="Saurabh Tester9", completedOrders="0", mobileNo="7869981247", payroll=null, cityId="jaipur", currentOrder="0", stationId=null, stateCode=-1, createdBy=null, id="5684372455817216">
data[10]   actual: Datum<numOrders="--", name="Saurabh Tester6", completedOrders="--", mobileNo="7868041247", payroll=null, cityId="jaipur", currentOrder="--", stationId=null, stateCode=-1, createdBy=null, id="5688083307560960">

data[10].numOrders expected: "0"
data[10].numOrders   actual: "--"

data[10].name expected: "Saurabh Tester9"
data[10].name   actual: "Saurabh Tester6"

data[10].completedOrders expected: "0"
data[10].completedOrders   actual: "--"

data[10].mobileNo expected: "7869981247"
data[10].mobileNo   actual: "7868041247"

data[10].id expected: "5684372455817216"
data[10].id   actual: "5688083307560960"

data[10].currentOrder expected: "0"
data[10].currentOrder   actual: "--"

data[11] expected: Datum<numOrders="0", name="Saurabh Tester6", completedOrders="0", mobileNo="7868041247", payroll=null, cityId="jaipur", currentOrder="0", stationId=null, stateCode=-1, createdBy=null, id="5688083307560960">
data[11]   actual: Datum<numOrders="--", name="Saurabh Tester100", completedOrders="--", mobileNo="1001000100", payroll=null, cityId="jaipur", currentOrder="--", stationId=null, stateCode=-1, createdBy=null, id="5733307635466240">

data[11].numOrders expected: "0"
data[11].numOrders   actual: "--"

data[11].name expected: "Saurabh Tester6"
data[11].name   actual: "Saurabh Tester100"

data[11].completedOrders expected: "0"
data[11].completedOrders   actual: "--"

data[11].mobileNo expected: "7868041247"
data[11].mobileNo   actual: "1001000100"

data[11].id expected: "5688083307560960"
data[11].id   actual: "5733307635466240"

data[11].currentOrder expected: "0"
data[11].currentOrder   actual: "--"

data[12] expected: Datum<numOrders="0", name="Saurabh Tester100", completedOrders="0", mobileNo="1001000100", payroll=null, cityId="jaipur", currentOrder="0", stationId=null, stateCode=-1, createdBy=null, id="5733307635466240">
data[12]   actual: Datum<numOrders="--", name="NavdeepAuriga", completedOrders="--", mobileNo="9108876517", payroll=null, cityId="jaipur", currentOrder="--", stationId=null, stateCode=1, createdBy=null, id="5736044737593344">

data[12].numOrders expected: "0"
data[12].numOrders   actual: "--"

data[12].name expected: "Saurabh Tester100"
data[12].name   actual: "NavdeepAuriga"

data[12].completedOrders expected: "0"
data[12].completedOrders   actual: "--"

data[12].stateCode expected: -1
data[12].stateCode   actual: 1

data[12].mobileNo expected: "1001000100"
data[12].mobileNo   actual: "9108876517"

data[12].id expected: "5733307635466240"
data[12].id   actual: "5736044737593344"

data[12].currentOrder expected: "0"
data[12].currentOrder   actual: "--"

data[13] expected: Datum<numOrders="0", name="NavdeepAuriga", completedOrders="0", mobileNo="9108876517", payroll=null, cityId="jaipur", currentOrder="0", stationId=null, stateCode=1, createdBy=null, id="5736044737593344">
data[13]   actual: Datum<numOrders="--", name="Saurabh Tester10", completedOrders="--", mobileNo="7869231247", payroll=null, cityId="jaipur", currentOrder="--", stationId=null, stateCode=-1, createdBy=null, id="5759482843889664">

data[13].numOrders expected: "0"
data[13].numOrders   actual: "--"

data[13].name expected: "NavdeepAuriga"
data[13].name   actual: "Saurabh Tester10"

data[13].completedOrders expected: "0"
data[13].completedOrders   actual: "--"

data[13].stateCode expected: 1
data[13].stateCode   actual: -1

data[13].mobileNo expected: "9108876517"
data[13].mobileNo   actual: "7869231247"

data[13].id expected: "5736044737593344"
data[13].id   actual: "5759482843889664"

data[13].currentOrder expected: "0"
data[13].currentOrder   actual: "--"

data[14] expected: Datum<numOrders="0", name="Saurabh Tester10", completedOrders="0", mobileNo="7869231247", payroll=null, cityId="jaipur", currentOrder="0", stationId=null, stateCode=-1, createdBy=null, id="5759482843889664">
data[14]   actual: Datum<numOrders="--", name="QASaurabh", completedOrders="--", mobileNo="7791823335", payroll=null, cityId="jaipur", currentOrder="--", stationId=null, stateCode=1, createdBy=null, id="5933932872728576">

data[14].numOrders expected: "0"
data[14].numOrders   actual: "--"

data[14].name expected: "Saurabh Tester10"
data[14].name   actual: "QASaurabh"

data[14].completedOrders expected: "0"
data[14].completedOrders   actual: "--"

data[14].stateCode expected: -1
data[14].stateCode   actual: 1

data[14].mobileNo expected: "7869231247"
data[14].mobileNo   actual: "7791823335"

data[14].id expected: "5759482843889664"
data[14].id   actual: "5933932872728576"

data[14].currentOrder expected: "0"
data[14].currentOrder   actual: "--"

data[15] expected: Datum<numOrders="0", name="QASaurabh", completedOrders="0", mobileNo="7791823335", payroll=null, cityId="jaipur", currentOrder="0", stationId=null, stateCode=1, createdBy=null, id="5933932872728576">
data[15]   actual: Datum<numOrders="--", name="Saurabh", completedOrders="--", mobileNo="9599855555", payroll=null, cityId="jaipur", currentOrder="--", stationId=null, stateCode=-1, createdBy=null, id="5935030303981568">

data[15].numOrders expected: "0"
data[15].numOrders   actual: "--"

data[15].name expected: "QASaurabh"
data[15].name   actual: "Saurabh"

data[15].completedOrders expected: "0"
data[15].completedOrders   actual: "--"

data[15].stateCode expected: 1
data[15].stateCode   actual: -1

data[15].mobileNo expected: "7791823335"
data[15].mobileNo   actual: "9599855555"

data[15].id expected: "5933932872728576"
data[15].id   actual: "5935030303981568"

data[15].currentOrder expected: "0"
data[15].currentOrder   actual: "--"

data[16] expected: Datum<numOrders="0", name="QASaurabh10", completedOrders="0", mobileNo="1234567890", payroll=null, cityId="jaipur", currentOrder="0", stationId=null, stateCode=-1, createdBy=null, id="5992794258669568">
data[16]   actual: Datum<numOrders="--", name="QASaurabh10", completedOrders="--", mobileNo="1234567890", payroll=null, cityId="jaipur", currentOrder="--", stationId=null, stateCode=-1, createdBy=null, id="5992794258669568">

data[16].numOrders expected: "0"
data[16].numOrders   actual: "--"

data[16].completedOrders expected: "0"
data[16].completedOrders   actual: "--"

data[16].currentOrder expected: "0"
data[16].currentOrder   actual: "--"

data[17] expected: Datum<numOrders="0", name="QASaurabh101", completedOrders="0", mobileNo="9660752421", payroll=null, cityId="jaipur", currentOrder="0", stationId=null, stateCode=-1, createdBy=null, id="6002990309703680">
data[17]   actual: Datum<numOrders="--", name="QASaurabh101", completedOrders="--", mobileNo="9660752421", payroll=null, cityId="jaipur", currentOrder="--", stationId=null, stateCode=-1, createdBy=null, id="6002990309703680">

data[17].numOrders expected: "0"
data[17].numOrders   actual: "--"

data[17].completedOrders expected: "0"
data[17].completedOrders   actual: "--"

data[17].currentOrder expected: "0"
data[17].currentOrder   actual: "--"

data[18] expected: Datum<numOrders="0", name="QASaurabh3", completedOrders="0", mobileNo="9929790015", payroll=null, cityId="jaipur", currentOrder="0", stationId=null, stateCode=-1, createdBy=null, id="6024598827040768">
data[18]   actual: Datum<numOrders="--", name="QASaurabh3", completedOrders="--", mobileNo="9929790015", payroll=null, cityId="jaipur", currentOrder="--", stationId=null, stateCode=-1, createdBy=null, id="6024598827040768">

data[18].numOrders expected: "0"
data[18].numOrders   actual: "--"

data[18].completedOrders expected: "0"
data[18].completedOrders   actual: "--"

data[18].currentOrder expected: "0"
data[18].currentOrder   actual: "--"

data[19] expected: Datum<numOrders="0", name="Saurabh Tester8", completedOrders="0", mobileNo="7869081247", payroll=null, cityId="jaipur", currentOrder="0", stationId=null, stateCode=-1, createdBy=null, id="6221938078777344">
data[19]   actual: Datum<numOrders="--", name="Saurabh Tester8", completedOrders="--", mobileNo="7869081247", payroll=null, cityId="jaipur", currentOrder="--", stationId=null, stateCode=-1, createdBy=null, id="6221938078777344">

data[19].numOrders expected: "0"
data[19].numOrders   actual: "--"

data[19].completedOrders expected: "0"
data[19].completedOrders   actual: "--"

data[19].currentOrder expected: "0"
data[19].currentOrder   actual: "--"

data[20] expected: Datum<numOrders="0", name="Test100", completedOrders="0", mobileNo="1111111111", payroll=null, cityId="jaipur", currentOrder="0", stationId=null, stateCode=-1, createdBy=null, id="6227917713440768">
data[20]   actual: Datum<numOrders="--", name="Saurabh Tester12", completedOrders="--", mobileNo="8969231247", payroll=null, cityId="jaipur", currentOrder="--", stationId=null, stateCode=-1, createdBy=null, id="6296286110154752">

data[20].numOrders expected: "0"
data[20].numOrders   actual: "--"

data[20].name expected: "Test100"
data[20].name   actual: "Saurabh Tester12"

data[20].completedOrders expected: "0"
data[20].completedOrders   actual: "--"

data[20].mobileNo expected: "1111111111"
data[20].mobileNo   actual: "8969231247"

data[20].id expected: "6227917713440768"
data[20].id   actual: "6296286110154752"

data[20].currentOrder expected: "0"
data[20].currentOrder   actual: "--"

data[21] expected: Datum<numOrders="0", name="Saurabh Tester12", completedOrders="0", mobileNo="8969231247", payroll=null, cityId="jaipur", currentOrder="0", stationId=null, stateCode=-1, createdBy=null, id="6296286110154752">
data[21]   actual: Datum<numOrders="--", name="QASaurabh100", completedOrders="--", mobileNo="9660752415", payroll=null, cityId="jaipur", currentOrder="--", stationId=null, stateCode=-1, createdBy=null, id="6623937354006528">

data[21].numOrders expected: "0"
data[21].numOrders   actual: "--"

data[21].name expected: "Saurabh Tester12"
data[21].name   actual: "QASaurabh100"

data[21].completedOrders expected: "0"
data[21].completedOrders   actual: "--"

data[21].mobileNo expected: "8969231247"
data[21].mobileNo   actual: "9660752415"

data[21].id expected: "6296286110154752"
data[21].id   actual: "6623937354006528"

data[21].currentOrder expected: "0"
data[21].currentOrder   actual: "--"

data[22] expected: Datum<numOrders="0", name="QASaurabh100", completedOrders="0", mobileNo="9660752415", payroll=null, cityId="jaipur", currentOrder="0", stationId=null, stateCode=-1, createdBy=null, id="6623937354006528">
data[22]   actual: ""

data[23] expected: Datum<numOrders="0", name="SaurabhGrofers", completedOrders="0", mobileNo="9929790000", payroll=null, cityId="jaipur", currentOrder="0", stationId=null, stateCode=-1, createdBy=null, id="6667926375497728">
data[23]   actual: ""


	at junit.framework.Assert.fail(Assert.java:50)
	at org.unitils.reflectionassert.ReflectionAssert.assertReflectionEquals(ReflectionAssert.java:136)
	at org.unitils.reflectionassert.ReflectionAssert.assertReflectionEquals(ReflectionAssert.java:99)
	at apiTests.GetShopperBuCityId.GetShopperBuCityIdTest(GetShopperBuCityId.java:41)
	at sun.reflect.NativeMethodAccessorImpl.invoke0(Native Method)
	at sun.reflect.NativeMethodAccessorImpl.invoke(NativeMethodAccessorImpl.java:62)
	at sun.reflect.DelegatingMethodAccessorImpl.invoke(DelegatingMethodAccessorImpl.java:43)
	at java.lang.reflect.Method.invoke(Method.java:497)
	at org.testng.internal.MethodInvocationHelper.invokeMethod(MethodInvocationHelper.java:84)
	at org.testng.internal.Invoker.invokeMethod(Invoker.java:714)
	at org.testng.internal.Invoker.invokeTestMethod(Invoker.java:901)
	at org.testng.internal.Invoker.invokeTestMethods(Invoker.java:1231)
	at org.testng.internal.TestMethodWorker.invokeTestMethods(TestMethodWorker.java:127)
	at org.testng.internal.TestMethodWorker.run(TestMethodWorker.java:111)
	at org.testng.TestRunner.privateRun(TestRunner.java:767)
	at org.testng.TestRunner.run(TestRunner.java:617)
	at org.testng.SuiteRunner.runTest(SuiteRunner.java:334)
	at org.testng.SuiteRunner.runSequentially(SuiteRunner.java:329)
	at org.testng.SuiteRunner.privateRun(SuiteRunner.java:291)
	at org.testng.SuiteRunner.run(SuiteRunner.java:240)
	at org.testng.SuiteRunnerWorker.runSuite(SuiteRunnerWorker.java:52)
	at org.testng.SuiteRunnerWorker.run(SuiteRunnerWorker.java:86)
	at org.testng.TestNG.runSuitesSequentially(TestNG.java:1224)
	at org.testng.TestNG.runSuitesLocally(TestNG.java:1149)
	at org.testng.TestNG.run(TestNG.java:1057)
	at org.testng.remote.RemoteTestNG.run(RemoteTestNG.java:115)
	at org.testng.remote.RemoteTestNG.initAndRun(RemoteTestNG.java:207)
	at org.testng.remote.RemoteTestNG.main(RemoteTestNG.java:178)
]]>
    </error>
  </testcase> <!-- GetShopperBuCityIdTest -->
</testsuite> <!-- apiTests.GetShopperBuCityId -->
