<?xml version="1.0" encoding="UTF-8"?>
<!-- Generated by org.testng.reporters.JUnitReportReporter -->
<testsuite hostname="Kirans-MacBook-Air.local" name="apiTests.PostCancelOrder" tests="1" failures="0" timestamp="19 Jul 2016 13:14:53 GMT" time="2.866" errors="0">
  <testcase name="CancelOrderTest" time="2.866" classname="apiTests.PostCancelOrder"/>
</testsuite> <!-- apiTests.PostCancelOrder -->
