<?xml version="1.0" encoding="UTF-8"?>
<!-- Generated by org.testng.reporters.JUnitReportReporter -->
<testsuite hostname="Kirans-MacBook-Air.local" name="apiTests.UpdateMerchantThreshold" tests="1" failures="0" timestamp="17 Jun 2016 07:30:32 GMT" time="0.322" errors="0">
  <testcase name="UpdateMerchantThresholdTest" time="0.322" classname="apiTests.UpdateMerchantThreshold"/>
</testsuite> <!-- apiTests.UpdateMerchantThreshold -->
