<?xml version="1.0" encoding="UTF-8"?>
<!-- Generated by org.testng.reporters.JUnitReportReporter -->
<testsuite hostname="Kirans-MacBook-Air.local" name="apiTests.PostAddMerchant" tests="1" failures="0" timestamp="8 Jul 2016 13:37:35 GMT" time="0.340" errors="0">
  <testcase name="AddMerchantTest" time="0.340" classname="apiTests.PostAddMerchant"/>
</testsuite> <!-- apiTests.PostAddMerchant -->
