<?xml version="1.0" encoding="UTF-8"?>
<!-- Generated by org.testng.reporters.JUnitReportReporter -->
<testsuite hostname="Kirans-MacBook-Air.local" name="apiTests.PostInsertOrder" tests="1" failures="0" timestamp="13 Jul 2016 07:47:53 GMT" time="1.788" errors="0">
  <testcase name="InsertOrderTest" time="1.788" classname="apiTests.PostInsertOrder"/>
</testsuite> <!-- apiTests.PostInsertOrder -->
