<?xml version="1.0" encoding="UTF-8"?>
<!-- Generated by org.testng.reporters.JUnitReportReporter -->
<testsuite hostname="Kirans-MacBook-Air.local" name="apiTests.UpdateMerchantType" tests="1" failures="0" timestamp="26 Jun 2016 05:57:40 GMT" time="0.556" errors="0">
  <testcase name="UpdateMerchantTypeTest" time="0.556" classname="apiTests.UpdateMerchantType"/>
</testsuite> <!-- apiTests.UpdateMerchantType -->
