<?xml version="1.0" encoding="UTF-8"?>
<!-- Generated by org.testng.reporters.JUnitReportReporter -->
<testsuite hostname="Kirans-MacBook-Air.local" name="regressionSuite.LoginToAppProdSauceLabs" tests="2" failures="0" timestamp="29 Jul 2016 13:06:00 GMT" time="42.539" errors="0">
  <testcase name="pendingOrderScreen" time="18.357" classname="regressionSuite.LoginToAppProdSauceLabs"/>
  <testcase name="LoginwithValidEmail" time="24.182" classname="regressionSuite.LoginToAppProdSauceLabs"/>
</testsuite> <!-- regressionSuite.LoginToAppProdSauceLabs -->
