<?xml version="1.0" encoding="UTF-8"?>
<!-- Generated by org.testng.reporters.JUnitReportReporter -->
<testsuite hostname="Kirans-MacBook-Air.local" name="apiTests.PostInsertMarketPlaceOrder" tests="1" failures="0" timestamp="23 Sep 2016 07:17:57 GMT" time="2.126" errors="0">
  <testcase name="InsertMarketPlaceOrderTest" time="2.126" classname="apiTests.PostInsertMarketPlaceOrder"/>
</testsuite> <!-- apiTests.PostInsertMarketPlaceOrder -->
