<?xml version="1.0" encoding="UTF-8"?>
<!-- Generated by org.testng.reporters.JUnitReportReporter -->
<testsuite hostname="Kirans-MacBook-Air.local" name="apiTests.UpdateMerchantType" tests="1" failures="0" timestamp="28 Jun 2016 07:38:01 GMT" time="0.399" errors="0">
  <testcase name="UpdateMerchantTypeTest" time="0.399" classname="apiTests.UpdateMerchantType"/>
</testsuite> <!-- apiTests.UpdateMerchantType -->
