<?xml version="1.0" encoding="UTF-8"?>
<!-- Generated by org.testng.reporters.JUnitReportReporter -->
<testsuite hostname="Kirans-MacBook-Air.local" name="apiTests.PostInsertChildOrder" tests="1" failures="0" timestamp="30 Jun 2016 14:00:03 GMT" time="1.430" errors="0">
  <testcase name="InsertChildOrderTest" time="1.430" classname="apiTests.PostInsertChildOrder"/>
</testsuite> <!-- apiTests.PostInsertChildOrder -->
