<?xml version="1.0" encoding="UTF-8"?>
<!-- Generated by org.testng.reporters.JUnitReportReporter -->
<testsuite hostname="Kirans-MacBook-Air.local" name="regressionSuite.LoginToAppProdSauceLabs" tests="2" failures="0" timestamp="29 Jul 2016 10:02:16 GMT" time="72.175" errors="0">
  <testcase name="pendingOrderScreen" time="48.861" classname="regressionSuite.LoginToAppProdSauceLabs"/>
  <testcase name="LoginwithValidEmail" time="23.314" classname="regressionSuite.LoginToAppProdSauceLabs"/>
</testsuite> <!-- regressionSuite.LoginToAppProdSauceLabs -->
