<?xml version="1.0" encoding="UTF-8"?>
<!-- Generated by org.testng.reporters.JUnitReportReporter -->
<testsuite hostname="Kirans-MacBook-Air.local" name="apiTests.GetShoppersById" tests="1" failures="0" timestamp="30 Jun 2016 14:00:03 GMT" time="0.409" errors="0">
  <testcase name="GetForceUpdateConfig" time="0.409" classname="apiTests.GetShoppersById"/>
</testsuite> <!-- apiTests.GetShoppersById -->
