<?xml version="1.0" encoding="UTF-8"?>
<!-- Generated by org.testng.reporters.JUnitReportReporter -->
<testsuite hostname="Kirans-MacBook-Air.local" name="apiTests.PostResetMerchantThreshold" tests="1" failures="0" timestamp="12 Oct 2016 11:16:19 GMT" time="8.333" errors="0">
  <testcase name="ResetMerchantThresholdTest" time="8.333" classname="apiTests.PostResetMerchantThreshold"/>
</testsuite> <!-- apiTests.PostResetMerchantThreshold -->
