<?xml version="1.0" encoding="UTF-8"?>
<!-- Generated by org.testng.reporters.JUnitReportReporter -->
<testsuite hostname="Kirans-MacBook-Air.local" name="apiTests.PostUpdateMerchantType" tests="1" failures="0" timestamp="29 Jun 2016 13:32:37 GMT" time="0.510" errors="0">
  <testcase name="UpdateMerchantTypeTest" time="0.510" classname="apiTests.PostUpdateMerchantType"/>
</testsuite> <!-- apiTests.PostUpdateMerchantType -->
