<?xml version="1.0" encoding="UTF-8"?>
<!-- Generated by org.testng.reporters.JUnitReportReporter -->
<testsuite hostname="Kirans-MacBook-Air.local" name="apiTests.PostCancelOrder" tests="1" failures="0" timestamp="30 Jun 2016 10:03:49 GMT" time="3.588" errors="0">
  <testcase name="CancelOrderTest" time="3.588" classname="apiTests.PostCancelOrder"/>
</testsuite> <!-- apiTests.PostCancelOrder -->
