<?xml version="1.0" encoding="UTF-8"?>
<!-- Generated by org.testng.reporters.JUnitReportReporter -->
<testsuite hostname="Kirans-MacBook-Air.local" name="apiTests.PostCrmAssignment" tests="1" failures="0" timestamp="29 Jun 2016 14:38:06 GMT" time="2.445" errors="0">
  <testcase name="CrmAssignmentTest" time="2.445" classname="apiTests.PostCrmAssignment"/>
</testsuite> <!-- apiTests.PostCrmAssignment -->
