<?xml version="1.0" encoding="UTF-8"?>
<!-- Generated by org.testng.reporters.JUnitReportReporter -->
<testsuite hostname="Kirans-MacBook-Air.local" name="apiTests.InsertOrder" tests="1" failures="0" timestamp="26 Jun 2016 05:57:40 GMT" time="1.016" errors="0">
  <testcase name="InsertOrderTest" time="1.016" classname="apiTests.InsertOrder"/>
</testsuite> <!-- apiTests.InsertOrder -->
