<?xml version="1.0" encoding="UTF-8"?>
<!-- Generated by org.testng.reporters.JUnitReportReporter -->
<testsuite hostname="Kirans-MacBook-Air.local" name="apiTests.AddShopper" tests="1" failures="0" timestamp="28 Jun 2016 17:54:15 GMT" time="3.430" errors="1">
  <testcase name="AddShopperTest" time="3.430" classname="apiTests.AddShopper">
    <error type="junit.framework.AssertionFailedError" message="
Expected: null
  Actual: PostShopperResponse&lt;message=&quot;Shopper added successfully!&quot;, data=Data&lt;numOrders=0, name=&quot;Kiran Acharya&quot;, completedOrders=0, mobileNo=&quot;0987609876&quot;, payroll=null, cityId=&quot;mysuru&quot;, currentOrder=0, stationId=null, stateCode=-1, createdBy=null, fullfilledOrders=0, id=6091953301094400&gt;, success=true&gt;

--- Found following differences ---
 expected: null
   actual: PostShopperResponse&lt;message=&quot;Shopper added successfully!&quot;, data=Data&lt;numOrders=0, name=&quot;Kiran Acharya&quot;, completedOrders=0, mobileNo=&quot;0987609876&quot;, payroll=null, cityId=&quot;mysuru&quot;, currentOrder=0, stationId=null, stateCode=-1, createdBy=null, fullfilledOrders=0, id=6091953301094400&gt;, success=true&gt;

">
      <![CDATA[junit.framework.AssertionFailedError: 
Expected: null
  Actual: PostShopperResponse<message="Shopper added successfully!", data=Data<numOrders=0, name="Kiran Acharya", completedOrders=0, mobileNo="0987609876", payroll=null, cityId="mysuru", currentOrder=0, stationId=null, stateCode=-1, createdBy=null, fullfilledOrders=0, id=6091953301094400>, success=true>

--- Found following differences ---
 expected: null
   actual: PostShopperResponse<message="Shopper added successfully!", data=Data<numOrders=0, name="Kiran Acharya", completedOrders=0, mobileNo="0987609876", payroll=null, cityId="mysuru", currentOrder=0, stationId=null, stateCode=-1, createdBy=null, fullfilledOrders=0, id=6091953301094400>, success=true>


	at junit.framework.Assert.fail(Assert.java:50)
	at org.unitils.reflectionassert.ReflectionAssert.assertReflectionEquals(ReflectionAssert.java:136)
	at org.unitils.reflectionassert.ReflectionAssert.assertReflectionEquals(ReflectionAssert.java:99)
	at apiTests.AddShopper.AddShopperTest(AddShopper.java:56)
	at sun.reflect.NativeMethodAccessorImpl.invoke0(Native Method)
	at sun.reflect.NativeMethodAccessorImpl.invoke(NativeMethodAccessorImpl.java:62)
	at sun.reflect.DelegatingMethodAccessorImpl.invoke(DelegatingMethodAccessorImpl.java:43)
	at java.lang.reflect.Method.invoke(Method.java:497)
	at org.testng.internal.MethodInvocationHelper.invokeMethod(MethodInvocationHelper.java:84)
	at org.testng.internal.Invoker.invokeMethod(Invoker.java:714)
	at org.testng.internal.Invoker.invokeTestMethod(Invoker.java:901)
	at org.testng.internal.Invoker.invokeTestMethods(Invoker.java:1231)
	at org.testng.internal.TestMethodWorker.invokeTestMethods(TestMethodWorker.java:127)
	at org.testng.internal.TestMethodWorker.run(TestMethodWorker.java:111)
	at org.testng.TestRunner.privateRun(TestRunner.java:767)
	at org.testng.TestRunner.run(TestRunner.java:617)
	at org.testng.SuiteRunner.runTest(SuiteRunner.java:334)
	at org.testng.SuiteRunner.runSequentially(SuiteRunner.java:329)
	at org.testng.SuiteRunner.privateRun(SuiteRunner.java:291)
	at org.testng.SuiteRunner.run(SuiteRunner.java:240)
	at org.testng.SuiteRunnerWorker.runSuite(SuiteRunnerWorker.java:52)
	at org.testng.SuiteRunnerWorker.run(SuiteRunnerWorker.java:86)
	at org.testng.TestNG.runSuitesSequentially(TestNG.java:1224)
	at org.testng.TestNG.runSuitesLocally(TestNG.java:1149)
	at org.testng.TestNG.run(TestNG.java:1057)
	at org.testng.remote.RemoteTestNG.run(RemoteTestNG.java:115)
	at org.testng.remote.RemoteTestNG.initAndRun(RemoteTestNG.java:207)
	at org.testng.remote.RemoteTestNG.main(RemoteTestNG.java:178)
]]>
    </error>
  </testcase> <!-- AddShopperTest -->
</testsuite> <!-- apiTests.AddShopper -->
