<?xml version="1.0" encoding="UTF-8"?>
<!-- Generated by org.testng.reporters.JUnitReportReporter -->
<testsuite hostname="Kirans-MacBook-Air.local" name="apiTests.PostRescheduleOrder" tests="1" failures="0" timestamp="15 Jul 2016 13:43:23 GMT" time="1.637" errors="0">
  <testcase name="OrderRescheduleTest" time="1.637" classname="apiTests.PostRescheduleOrder"/>
</testsuite> <!-- apiTests.PostRescheduleOrder -->
