<?xml version="1.0" encoding="UTF-8"?>
<!-- Generated by org.testng.reporters.JUnitReportReporter -->
<testsuite hostname="Kirans-MacBook-Air.local" name="apiTests.PostCancelOrder" tests="1" failures="0" timestamp="30 Jun 2016 06:38:40 GMT" time="1.367" errors="0">
  <testcase name="CancelOrderTest" time="1.367" classname="apiTests.PostCancelOrder"/>
</testsuite> <!-- apiTests.PostCancelOrder -->
