<?xml version="1.0" encoding="UTF-8"?>
<!-- Generated by org.testng.reporters.JUnitReportReporter -->
<testsuite hostname="Kirans-MacBook-Air.local" name="apiTests.PostOrderEnroute" tests="1" failures="0" timestamp="18 Jul 2016 10:33:57 GMT" time="3.377" errors="0">
  <testcase name="CancelOrderTest" time="3.377" classname="apiTests.PostOrderEnroute"/>
</testsuite> <!-- apiTests.PostOrderEnroute -->
