<?xml version="1.0" encoding="UTF-8"?>
<!-- Generated by org.testng.reporters.JUnitReportReporter -->
<testsuite hostname="Kirans-MacBook-Air.local" name="apiTests.PostUpdateMerchantType" tests="1" failures="0" timestamp="12 Oct 2016 11:16:19 GMT" time="0.349" errors="0">
  <testcase name="UpdateMerchantTypeTest" time="0.349" classname="apiTests.PostUpdateMerchantType"/>
</testsuite> <!-- apiTests.PostUpdateMerchantType -->
