<?xml version="1.0" encoding="UTF-8"?>
<!-- Generated by org.testng.reporters.JUnitReportReporter -->
<testsuite hostname="Kirans-MacBook-Air.local" name="apiTests.PostUpdateMerchantType" tests="1" failures="0" timestamp="8 Jul 2016 13:37:35 GMT" time="0.424" errors="0">
  <testcase name="UpdateMerchantTypeTest" time="0.424" classname="apiTests.PostUpdateMerchantType"/>
</testsuite> <!-- apiTests.PostUpdateMerchantType -->
