<?xml version="1.0" encoding="UTF-8"?>
<!-- Generated by org.testng.reporters.JUnitReportReporter -->
<testsuite hostname="Kirans-MacBook-Air.local" name="apiTests.PostUpdateMerchantThreshold" tests="1" failures="0" timestamp="15 Jul 2016 13:15:31 GMT" time="0.675" errors="0">
  <testcase name="UpdateMerchantThresholdTest" time="0.675" classname="apiTests.PostUpdateMerchantThreshold"/>
</testsuite> <!-- apiTests.PostUpdateMerchantThreshold -->
