<?xml version="1.0" encoding="UTF-8"?>
<!-- Generated by org.testng.reporters.JUnitReportReporter -->
<testsuite hostname="Kirans-MacBook-Air.local" name="apiTests.PostAddMerchant" tests="1" failures="0" timestamp="29 Jun 2016 06:39:57 GMT" time="2.127" errors="0">
  <testcase name="AddMerchantTestt" time="2.127" classname="apiTests.PostAddMerchant"/>
</testsuite> <!-- apiTests.PostAddMerchant -->
