<?xml version="1.0" encoding="UTF-8"?>
<!-- Generated by org.testng.reporters.JUnitReportReporter -->
<testsuite hostname="Kirans-MacBook-Air.local" name="apiTests.GetMerchantsDetail" tests="1" failures="0" timestamp="30 Jun 2016 13:00:10 GMT" time="1.487" errors="0">
  <testcase name="GetMerchantsDetailTest" time="1.487" classname="apiTests.GetMerchantsDetail"/>
</testsuite> <!-- apiTests.GetMerchantsDetail -->
