<?xml version="1.0" encoding="UTF-8"?>
<!-- Generated by org.testng.reporters.JUnitReportReporter -->
<testsuite hostname="Kirans-MacBook-Air.local" name="regressionSuite.LoginToShopper" tests="1" failures="0" timestamp="29 Jul 2016 13:00:23 GMT" time="40.326" errors="0">
  <testcase name="LoginwithValidEmail" time="40.326" classname="regressionSuite.LoginToShopper"/>
</testsuite> <!-- regressionSuite.LoginToShopper -->
