<?xml version="1.0" encoding="UTF-8"?>
<!-- Generated by org.testng.reporters.JUnitReportReporter -->
<testsuite hostname="Kirans-MacBook-Air.local" name="apiTests.InsertOrder" tests="3" failures="0" timestamp="28 Jun 2016 07:38:01 GMT" time="4.432" errors="0">
  <testcase name="InsertOrderTest" time="2.563" classname="apiTests.InsertOrder"/>
  <testcase name="CrmAssignmentTest" time="1.198" classname="apiTests.InsertOrder"/>
  <testcase name="FeAssignmentTest" time="0.671" classname="apiTests.InsertOrder"/>
</testsuite> <!-- apiTests.InsertOrder -->
