<?xml version="1.0" encoding="UTF-8"?>
<!-- Generated by org.testng.reporters.JUnitReportReporter -->
<testsuite hostname="Kirans-MacBook-Air.local" name="apiTests.PostCrmAssignment" tests="1" failures="0" timestamp="30 Jun 2016 14:00:03 GMT" time="4.399" errors="0">
  <testcase name="CrmAssignmentTest" time="4.399" classname="apiTests.PostCrmAssignment"/>
</testsuite> <!-- apiTests.PostCrmAssignment -->
