<?xml version="1.0" encoding="UTF-8"?>
<!-- Generated by org.testng.reporters.JUnitReportReporter -->
<testsuite hostname="Kirans-MacBook-Air.local" name="apiTests.PostCrmAssignment" tests="1" failures="0" timestamp="9 Jul 2016 07:18:41 GMT" time="5.358" errors="0">
  <testcase name="CrmAssignmentTest" time="5.358" classname="apiTests.PostCrmAssignment"/>
</testsuite> <!-- apiTests.PostCrmAssignment -->
