<?xml version="1.0" encoding="UTF-8"?>
<!-- Generated by org.testng.reporters.JUnitReportReporter -->
<testsuite hostname="Kirans-MacBook-Air.local" name="apiTests.GetShopperByMerchantId" tests="1" failures="0" timestamp="8 Jul 2016 11:24:51 GMT" time="0.604" errors="0">
  <testcase name="GetShopperByMerchantIdTest" time="0.604" classname="apiTests.GetShopperByMerchantId"/>
</testsuite> <!-- apiTests.GetShopperByMerchantId -->
