<?xml version="1.0" encoding="UTF-8"?>
<!-- Generated by org.testng.reporters.JUnitReportReporter -->
<testsuite hostname="Kirans-MacBook-Air.local" name="apiTests.PostOrderEnroute" tests="1" failures="0" timestamp="30 Jun 2016 06:45:22 GMT" time="3.430" errors="0">
  <testcase name="CancelOrderTest" time="3.430" classname="apiTests.PostOrderEnroute"/>
</testsuite> <!-- apiTests.PostOrderEnroute -->
