<?xml version="1.0" encoding="UTF-8"?>
<!-- Generated by org.testng.reporters.JUnitReportReporter -->
<testsuite hostname="Kirans-MacBook-Air.local" name="apiTests.PostOrderEnroute" tests="1" failures="0" timestamp="27 Jul 2016 13:21:01 GMT" time="3.054" errors="0">
  <testcase name="CancelOrderTest" time="3.054" classname="apiTests.PostOrderEnroute"/>
</testsuite> <!-- apiTests.PostOrderEnroute -->
