<?xml version="1.0" encoding="UTF-8"?>
<!-- Generated by org.testng.reporters.JUnitReportReporter -->
<testsuite hostname="Kirans-MacBook-Air.local" name="apiTests.UpdateMerchantThreshold" tests="1" failures="0" timestamp="3 Jun 2016 06:20:08 GMT" time="1.070" errors="0">
  <testcase name="UpdateMerchantThresholdTest" time="1.070" classname="apiTests.UpdateMerchantThreshold"/>
</testsuite> <!-- apiTests.UpdateMerchantThreshold -->
