<?xml version="1.0" encoding="UTF-8"?>
<!-- Generated by org.testng.reporters.JUnitReportReporter -->
<testsuite hostname="Kirans-MacBook-Air.local" name="apiTests.UpdateMerchantThreshold" tests="1" failures="0" timestamp="26 Jun 2016 05:57:40 GMT" time="0.306" errors="0">
  <testcase name="UpdateMerchantThresholdTest" time="0.306" classname="apiTests.UpdateMerchantThreshold"/>
</testsuite> <!-- apiTests.UpdateMerchantThreshold -->
