<?xml version="1.0" encoding="UTF-8"?>
<!-- Generated by org.testng.reporters.JUnitReportReporter -->
<testsuite hostname="Kirans-MacBook-Air.local" name="regressionSuite.testtt" tests="1" failures="0" timestamp="20 Sep 2016 11:33:45 GMT" time="0.032" errors="0">
  <testcase name="test" time="0.032" classname="regressionSuite.testtt"/>
</testsuite> <!-- regressionSuite.testtt -->
