<?xml version="1.0" encoding="UTF-8"?>
<!-- Generated by org.testng.reporters.JUnitReportReporter -->
<testsuite hostname="Kirans-MacBook-Air.local" name="apiTests.BaseApiTest" tests="1" failures="0" timestamp="8 Jul 2016 12:55:19 GMT" time="0.646" errors="0">
  <testcase name="test" time="0.646" classname="apiTests.BaseApiTest"/>
</testsuite> <!-- apiTests.BaseApiTest -->
