<?xml version="1.0" encoding="UTF-8"?>
<!-- Generated by org.testng.reporters.JUnitReportReporter -->
<testsuite hostname="Kirans-MacBook-Air.local" name="apiTests.InsertOrder" tests="1" failures="0" timestamp="3 Jun 2016 10:56:09 GMT" time="1.384" errors="0">
  <testcase name="InsertOrderTest" time="1.384" classname="apiTests.InsertOrder"/>
</testsuite> <!-- apiTests.InsertOrder -->
