<?xml version="1.0" encoding="UTF-8"?>
<!-- Generated by org.testng.reporters.JUnitReportReporter -->
<testsuite hostname="Kirans-MacBook-Air.local" name="apiTests.GetShopperBuCityId" tests="1" failures="0" timestamp="26 Jul 2016 09:50:59 GMT" time="0.515" errors="0">
  <testcase name="GetShopperBuCityIdTest" time="0.515" classname="apiTests.GetShopperBuCityId"/>
</testsuite> <!-- apiTests.GetShopperBuCityId -->
