<?xml version="1.0" encoding="UTF-8"?>
<!-- Generated by org.testng.reporters.JUnitReportReporter -->
<testsuite hostname="Kirans-MacBook-Air.local" name="apiTests.GetShoppersById" tests="1" failures="0" timestamp="3 Jun 2016 06:49:01 GMT" time="1.531" errors="1">
  <testcase name="GetShoppersByIdTest" time="1.531" classname="apiTests.GetShoppersById">
    <error type="junit.framework.AssertionFailedError" message="
Expected: ShopperByIdResponse&lt;message=&quot;shopper 4904445116678144 fetched successfully!&quot;, data=[Datum&lt;numOrders=&quot;0&quot;, name=&quot;Sk&quot;, completedOrders=&quot;0&quot;, mobileNo=&quot;9686642941&quot;, payroll=null, cityId=&quot;jaipur&quot;, currentOrder=&quot;0&quot;, stationId=null, stateCode=1, createdBy=null, id=&quot;4904445116678144&quot;&gt;], success=true&gt;
  Actual: ShopperByIdResponse&lt;message=&quot;shopper 4904445116678144 fetched successfully!&quot;, data=[Datum&lt;numOrders=&quot;--&quot;, name=&quot;Sk&quot;, completedOrders=&quot;--&quot;, mobileNo=&quot;9686642940&quot;, payroll=null, cityId=&quot;jaipur&quot;, currentOrder=&quot;--&quot;, stationId=null, stateCode=1, createdBy=null, id=&quot;4904445116678144&quot;&gt;], success=true&gt;

--- Found following differences ---
data[0].numOrders: expected: &quot;0&quot;, actual: &quot;--&quot;
data[0].completedOrders: expected: &quot;0&quot;, actual: &quot;--&quot;
data[0].mobileNo: expected: &quot;9686642941&quot;, actual: &quot;9686642940&quot;
data[0].currentOrder: expected: &quot;0&quot;, actual: &quot;--&quot;

--- Difference detail tree ---
 expected: ShopperByIdResponse&lt;message=&quot;shopper 4904445116678144 fetched successfully!&quot;, data=[Datum&lt;numOrders=&quot;0&quot;, name=&quot;Sk&quot;, completedOrders=&quot;0&quot;, mobileNo=&quot;9686642941&quot;, payroll=null, cityId=&quot;jaipur&quot;, currentOrder=&quot;0&quot;, stationId=null, stateCode=1, createdBy=null, id=&quot;4904445116678144&quot;&gt;], success=true&gt;
   actual: ShopperByIdResponse&lt;message=&quot;shopper 4904445116678144 fetched successfully!&quot;, data=[Datum&lt;numOrders=&quot;--&quot;, name=&quot;Sk&quot;, completedOrders=&quot;--&quot;, mobileNo=&quot;9686642940&quot;, payroll=null, cityId=&quot;jaipur&quot;, currentOrder=&quot;--&quot;, stationId=null, stateCode=1, createdBy=null, id=&quot;4904445116678144&quot;&gt;], success=true&gt;

data expected: [Datum&lt;numOrders=&quot;0&quot;, name=&quot;Sk&quot;, completedOrders=&quot;0&quot;, mobileNo=&quot;9686642941&quot;, payroll=null, cityId=&quot;jaipur&quot;, currentOrder=&quot;0&quot;, stationId=null, stateCode=1, createdBy=null, id=&quot;4904445116678144&quot;&gt;]
data   actual: [Datum&lt;numOrders=&quot;--&quot;, name=&quot;Sk&quot;, completedOrders=&quot;--&quot;, mobileNo=&quot;9686642940&quot;, payroll=null, cityId=&quot;jaipur&quot;, currentOrder=&quot;--&quot;, stationId=null, stateCode=1, createdBy=null, id=&quot;4904445116678144&quot;&gt;]

data[0] expected: Datum&lt;numOrders=&quot;0&quot;, name=&quot;Sk&quot;, completedOrders=&quot;0&quot;, mobileNo=&quot;9686642941&quot;, payroll=null, cityId=&quot;jaipur&quot;, currentOrder=&quot;0&quot;, stationId=null, stateCode=1, createdBy=null, id=&quot;4904445116678144&quot;&gt;
data[0]   actual: Datum&lt;numOrders=&quot;--&quot;, name=&quot;Sk&quot;, completedOrders=&quot;--&quot;, mobileNo=&quot;9686642940&quot;, payroll=null, cityId=&quot;jaipur&quot;, currentOrder=&quot;--&quot;, stationId=null, stateCode=1, createdBy=null, id=&quot;4904445116678144&quot;&gt;

data[0].numOrders expected: &quot;0&quot;
data[0].numOrders   actual: &quot;--&quot;

data[0].completedOrders expected: &quot;0&quot;
data[0].completedOrders   actual: &quot;--&quot;

data[0].mobileNo expected: &quot;9686642941&quot;
data[0].mobileNo   actual: &quot;9686642940&quot;

data[0].currentOrder expected: &quot;0&quot;
data[0].currentOrder   actual: &quot;--&quot;

">
      <![CDATA[junit.framework.AssertionFailedError: 
Expected: ShopperByIdResponse<message="shopper 4904445116678144 fetched successfully!", data=[Datum<numOrders="0", name="Sk", completedOrders="0", mobileNo="9686642941", payroll=null, cityId="jaipur", currentOrder="0", stationId=null, stateCode=1, createdBy=null, id="4904445116678144">], success=true>
  Actual: ShopperByIdResponse<message="shopper 4904445116678144 fetched successfully!", data=[Datum<numOrders="--", name="Sk", completedOrders="--", mobileNo="9686642940", payroll=null, cityId="jaipur", currentOrder="--", stationId=null, stateCode=1, createdBy=null, id="4904445116678144">], success=true>

--- Found following differences ---
data[0].numOrders: expected: "0", actual: "--"
data[0].completedOrders: expected: "0", actual: "--"
data[0].mobileNo: expected: "9686642941", actual: "9686642940"
data[0].currentOrder: expected: "0", actual: "--"

--- Difference detail tree ---
 expected: ShopperByIdResponse<message="shopper 4904445116678144 fetched successfully!", data=[Datum<numOrders="0", name="Sk", completedOrders="0", mobileNo="9686642941", payroll=null, cityId="jaipur", currentOrder="0", stationId=null, stateCode=1, createdBy=null, id="4904445116678144">], success=true>
   actual: ShopperByIdResponse<message="shopper 4904445116678144 fetched successfully!", data=[Datum<numOrders="--", name="Sk", completedOrders="--", mobileNo="9686642940", payroll=null, cityId="jaipur", currentOrder="--", stationId=null, stateCode=1, createdBy=null, id="4904445116678144">], success=true>

data expected: [Datum<numOrders="0", name="Sk", completedOrders="0", mobileNo="9686642941", payroll=null, cityId="jaipur", currentOrder="0", stationId=null, stateCode=1, createdBy=null, id="4904445116678144">]
data   actual: [Datum<numOrders="--", name="Sk", completedOrders="--", mobileNo="9686642940", payroll=null, cityId="jaipur", currentOrder="--", stationId=null, stateCode=1, createdBy=null, id="4904445116678144">]

data[0] expected: Datum<numOrders="0", name="Sk", completedOrders="0", mobileNo="9686642941", payroll=null, cityId="jaipur", currentOrder="0", stationId=null, stateCode=1, createdBy=null, id="4904445116678144">
data[0]   actual: Datum<numOrders="--", name="Sk", completedOrders="--", mobileNo="9686642940", payroll=null, cityId="jaipur", currentOrder="--", stationId=null, stateCode=1, createdBy=null, id="4904445116678144">

data[0].numOrders expected: "0"
data[0].numOrders   actual: "--"

data[0].completedOrders expected: "0"
data[0].completedOrders   actual: "--"

data[0].mobileNo expected: "9686642941"
data[0].mobileNo   actual: "9686642940"

data[0].currentOrder expected: "0"
data[0].currentOrder   actual: "--"


	at junit.framework.Assert.fail(Assert.java:50)
	at org.unitils.reflectionassert.ReflectionAssert.assertReflectionEquals(ReflectionAssert.java:136)
	at org.unitils.reflectionassert.ReflectionAssert.assertReflectionEquals(ReflectionAssert.java:99)
	at apiTests.GetShoppersById.GetShoppersByIdTest(GetShoppersById.java:43)
	at sun.reflect.NativeMethodAccessorImpl.invoke0(Native Method)
	at sun.reflect.NativeMethodAccessorImpl.invoke(NativeMethodAccessorImpl.java:62)
	at sun.reflect.DelegatingMethodAccessorImpl.invoke(DelegatingMethodAccessorImpl.java:43)
	at java.lang.reflect.Method.invoke(Method.java:497)
	at org.testng.internal.MethodInvocationHelper.invokeMethod(MethodInvocationHelper.java:84)
	at org.testng.internal.Invoker.invokeMethod(Invoker.java:714)
	at org.testng.internal.Invoker.invokeTestMethod(Invoker.java:901)
	at org.testng.internal.Invoker.invokeTestMethods(Invoker.java:1231)
	at org.testng.internal.TestMethodWorker.invokeTestMethods(TestMethodWorker.java:127)
	at org.testng.internal.TestMethodWorker.run(TestMethodWorker.java:111)
	at org.testng.TestRunner.privateRun(TestRunner.java:767)
	at org.testng.TestRunner.run(TestRunner.java:617)
	at org.testng.SuiteRunner.runTest(SuiteRunner.java:334)
	at org.testng.SuiteRunner.runSequentially(SuiteRunner.java:329)
	at org.testng.SuiteRunner.privateRun(SuiteRunner.java:291)
	at org.testng.SuiteRunner.run(SuiteRunner.java:240)
	at org.testng.SuiteRunnerWorker.runSuite(SuiteRunnerWorker.java:52)
	at org.testng.SuiteRunnerWorker.run(SuiteRunnerWorker.java:86)
	at org.testng.TestNG.runSuitesSequentially(TestNG.java:1224)
	at org.testng.TestNG.runSuitesLocally(TestNG.java:1149)
	at org.testng.TestNG.run(TestNG.java:1057)
	at org.apache.maven.surefire.testng.TestNGExecutor.run(TestNGExecutor.java:295)
	at org.apache.maven.surefire.testng.TestNGXmlTestSuite.execute(TestNGXmlTestSuite.java:84)
	at org.apache.maven.surefire.testng.TestNGProvider.invoke(TestNGProvider.java:90)
	at org.apache.maven.surefire.booter.ForkedBooter.invokeProviderInSameClassLoader(ForkedBooter.java:203)
	at org.apache.maven.surefire.booter.ForkedBooter.runSuitesInProcess(ForkedBooter.java:155)
	at org.apache.maven.surefire.booter.ForkedBooter.main(ForkedBooter.java:103)
]]>
    </error>
  </testcase> <!-- GetShoppersByIdTest -->
</testsuite> <!-- apiTests.GetShoppersById -->
