<?xml version="1.0" encoding="UTF-8"?>
<!-- Generated by org.testng.reporters.JUnitReportReporter -->
<testsuite hostname="Kirans-MacBook-Air.local" name="apiTests.UpdateMerchantType" tests="1" failures="0" timestamp="3 Jun 2016 10:56:09 GMT" time="2.041" errors="0">
  <testcase name="UpdateMerchantTypeTest" time="2.041" classname="apiTests.UpdateMerchantType"/>
</testsuite> <!-- apiTests.UpdateMerchantType -->
