<?xml version="1.0" encoding="UTF-8"?>
<!-- Generated by org.testng.reporters.JUnitReportReporter -->
<testsuite hostname="Kirans-MacBook-Air.local" name="apiTests.UpdateMerchantType" tests="1" failures="0" timestamp="3 Jun 2016 12:38:43 GMT" time="1.169" errors="0">
  <testcase name="UpdateMerchantTypeTest" time="1.169" classname="apiTests.UpdateMerchantType"/>
</testsuite> <!-- apiTests.UpdateMerchantType -->
