<?xml version="1.0" encoding="UTF-8"?>
<!-- Generated by org.testng.reporters.JUnitReportReporter -->
<testsuite hostname="Kirans-MacBook-Air.local" name="apiTests.GetMerchantsDetail" tests="1" failures="0" timestamp="19 Jul 2016 13:18:48 GMT" time="0.512" errors="0">
  <testcase name="GetMerchantsDetailTest" time="0.512" classname="apiTests.GetMerchantsDetail"/>
</testsuite> <!-- apiTests.GetMerchantsDetail -->
