<?xml version="1.0" encoding="UTF-8"?>
<!-- Generated by org.testng.reporters.JUnitReportReporter -->
<testsuite hostname="Kirans-MacBook-Air.local" name="apiTests.GetShopperByMerchantId" tests="1" failures="0" timestamp="3 Jun 2016 06:49:01 GMT" time="0.926" errors="1">
  <testcase name="GetShopperByMerchantIdTest" time="0.926" classname="apiTests.GetShopperByMerchantId">
    <error type="junit.framework.AssertionFailedError" message="
Expected: ShopperByMerchantIdResponse&lt;message=&quot;shoppers fetched!&quot;, data=[Datum&lt;numOrders=&quot;0&quot;, name=&quot;QASaurabh&quot;, completedOrders=&quot;0&quot;, mobileNo=&quot;7791823335&quot;, payroll=null, cityId=&quot;jaipur&quot;, currentOrder=&quot;0&quot;, stationId=null, stateCode=1, createdBy=null, id=&quot;5933932872728576&quot;&gt;], success=true&gt;
  Actual: ShopperByMerchantIdResponse&lt;message=&quot;shoppers fetched!&quot;, data=[Datum&lt;numOrders=&quot;--&quot;, name=&quot;QASaurabh2&quot;, completedOrders=&quot;--&quot;, mobileNo=&quot;7568031284&quot;, payroll=null, cityId=&quot;jaipur&quot;, currentOrder=&quot;--&quot;, stationId=null, stateCode=1, createdBy=null, id=&quot;5668100972216320&quot;&gt;], success=true&gt;

--- Found following differences ---
data[0].numOrders: expected: &quot;0&quot;, actual: &quot;--&quot;
data[0].name: expected: &quot;QASaurabh&quot;, actual: &quot;QASaurabh2&quot;
data[0].completedOrders: expected: &quot;0&quot;, actual: &quot;--&quot;
data[0].mobileNo: expected: &quot;7791823335&quot;, actual: &quot;7568031284&quot;
data[0].id: expected: &quot;5933932872728576&quot;, actual: &quot;5668100972216320&quot;
data[0].currentOrder: expected: &quot;0&quot;, actual: &quot;--&quot;

--- Difference detail tree ---
 expected: ShopperByMerchantIdResponse&lt;message=&quot;shoppers fetched!&quot;, data=[Datum&lt;numOrders=&quot;0&quot;, name=&quot;QASaurabh&quot;, completedOrders=&quot;0&quot;, mobileNo=&quot;7791823335&quot;, payroll=null, cityId=&quot;jaipur&quot;, currentOrder=&quot;0&quot;, stationId=null, stateCode=1, createdBy=null, id=&quot;5933932872728576&quot;&gt;], success=true&gt;
   actual: ShopperByMerchantIdResponse&lt;message=&quot;shoppers fetched!&quot;, data=[Datum&lt;numOrders=&quot;--&quot;, name=&quot;QASaurabh2&quot;, completedOrders=&quot;--&quot;, mobileNo=&quot;7568031284&quot;, payroll=null, cityId=&quot;jaipur&quot;, currentOrder=&quot;--&quot;, stationId=null, stateCode=1, createdBy=null, id=&quot;5668100972216320&quot;&gt;], success=true&gt;

data expected: [Datum&lt;numOrders=&quot;0&quot;, name=&quot;QASaurabh&quot;, completedOrders=&quot;0&quot;, mobileNo=&quot;7791823335&quot;, payroll=null, cityId=&quot;jaipur&quot;, currentOrder=&quot;0&quot;, stationId=null, stateCode=1, createdBy=null, id=&quot;5933932872728576&quot;&gt;]
data   actual: [Datum&lt;numOrders=&quot;--&quot;, name=&quot;QASaurabh2&quot;, completedOrders=&quot;--&quot;, mobileNo=&quot;7568031284&quot;, payroll=null, cityId=&quot;jaipur&quot;, currentOrder=&quot;--&quot;, stationId=null, stateCode=1, createdBy=null, id=&quot;5668100972216320&quot;&gt;]

data[0] expected: Datum&lt;numOrders=&quot;0&quot;, name=&quot;QASaurabh&quot;, completedOrders=&quot;0&quot;, mobileNo=&quot;7791823335&quot;, payroll=null, cityId=&quot;jaipur&quot;, currentOrder=&quot;0&quot;, stationId=null, stateCode=1, createdBy=null, id=&quot;5933932872728576&quot;&gt;
data[0]   actual: Datum&lt;numOrders=&quot;--&quot;, name=&quot;QASaurabh2&quot;, completedOrders=&quot;--&quot;, mobileNo=&quot;7568031284&quot;, payroll=null, cityId=&quot;jaipur&quot;, currentOrder=&quot;--&quot;, stationId=null, stateCode=1, createdBy=null, id=&quot;5668100972216320&quot;&gt;

data[0].numOrders expected: &quot;0&quot;
data[0].numOrders   actual: &quot;--&quot;

data[0].name expected: &quot;QASaurabh&quot;
data[0].name   actual: &quot;QASaurabh2&quot;

data[0].completedOrders expected: &quot;0&quot;
data[0].completedOrders   actual: &quot;--&quot;

data[0].mobileNo expected: &quot;7791823335&quot;
data[0].mobileNo   actual: &quot;7568031284&quot;

data[0].id expected: &quot;5933932872728576&quot;
data[0].id   actual: &quot;5668100972216320&quot;

data[0].currentOrder expected: &quot;0&quot;
data[0].currentOrder   actual: &quot;--&quot;

">
      <![CDATA[junit.framework.AssertionFailedError: 
Expected: ShopperByMerchantIdResponse<message="shoppers fetched!", data=[Datum<numOrders="0", name="QASaurabh", completedOrders="0", mobileNo="7791823335", payroll=null, cityId="jaipur", currentOrder="0", stationId=null, stateCode=1, createdBy=null, id="5933932872728576">], success=true>
  Actual: ShopperByMerchantIdResponse<message="shoppers fetched!", data=[Datum<numOrders="--", name="QASaurabh2", completedOrders="--", mobileNo="7568031284", payroll=null, cityId="jaipur", currentOrder="--", stationId=null, stateCode=1, createdBy=null, id="5668100972216320">], success=true>

--- Found following differences ---
data[0].numOrders: expected: "0", actual: "--"
data[0].name: expected: "QASaurabh", actual: "QASaurabh2"
data[0].completedOrders: expected: "0", actual: "--"
data[0].mobileNo: expected: "7791823335", actual: "7568031284"
data[0].id: expected: "5933932872728576", actual: "5668100972216320"
data[0].currentOrder: expected: "0", actual: "--"

--- Difference detail tree ---
 expected: ShopperByMerchantIdResponse<message="shoppers fetched!", data=[Datum<numOrders="0", name="QASaurabh", completedOrders="0", mobileNo="7791823335", payroll=null, cityId="jaipur", currentOrder="0", stationId=null, stateCode=1, createdBy=null, id="5933932872728576">], success=true>
   actual: ShopperByMerchantIdResponse<message="shoppers fetched!", data=[Datum<numOrders="--", name="QASaurabh2", completedOrders="--", mobileNo="7568031284", payroll=null, cityId="jaipur", currentOrder="--", stationId=null, stateCode=1, createdBy=null, id="5668100972216320">], success=true>

data expected: [Datum<numOrders="0", name="QASaurabh", completedOrders="0", mobileNo="7791823335", payroll=null, cityId="jaipur", currentOrder="0", stationId=null, stateCode=1, createdBy=null, id="5933932872728576">]
data   actual: [Datum<numOrders="--", name="QASaurabh2", completedOrders="--", mobileNo="7568031284", payroll=null, cityId="jaipur", currentOrder="--", stationId=null, stateCode=1, createdBy=null, id="5668100972216320">]

data[0] expected: Datum<numOrders="0", name="QASaurabh", completedOrders="0", mobileNo="7791823335", payroll=null, cityId="jaipur", currentOrder="0", stationId=null, stateCode=1, createdBy=null, id="5933932872728576">
data[0]   actual: Datum<numOrders="--", name="QASaurabh2", completedOrders="--", mobileNo="7568031284", payroll=null, cityId="jaipur", currentOrder="--", stationId=null, stateCode=1, createdBy=null, id="5668100972216320">

data[0].numOrders expected: "0"
data[0].numOrders   actual: "--"

data[0].name expected: "QASaurabh"
data[0].name   actual: "QASaurabh2"

data[0].completedOrders expected: "0"
data[0].completedOrders   actual: "--"

data[0].mobileNo expected: "7791823335"
data[0].mobileNo   actual: "7568031284"

data[0].id expected: "5933932872728576"
data[0].id   actual: "5668100972216320"

data[0].currentOrder expected: "0"
data[0].currentOrder   actual: "--"


	at junit.framework.Assert.fail(Assert.java:50)
	at org.unitils.reflectionassert.ReflectionAssert.assertReflectionEquals(ReflectionAssert.java:136)
	at org.unitils.reflectionassert.ReflectionAssert.assertReflectionEquals(ReflectionAssert.java:99)
	at apiTests.GetShopperByMerchantId.GetShopperByMerchantIdTest(GetShopperByMerchantId.java:41)
	at sun.reflect.NativeMethodAccessorImpl.invoke0(Native Method)
	at sun.reflect.NativeMethodAccessorImpl.invoke(NativeMethodAccessorImpl.java:62)
	at sun.reflect.DelegatingMethodAccessorImpl.invoke(DelegatingMethodAccessorImpl.java:43)
	at java.lang.reflect.Method.invoke(Method.java:497)
	at org.testng.internal.MethodInvocationHelper.invokeMethod(MethodInvocationHelper.java:84)
	at org.testng.internal.Invoker.invokeMethod(Invoker.java:714)
	at org.testng.internal.Invoker.invokeTestMethod(Invoker.java:901)
	at org.testng.internal.Invoker.invokeTestMethods(Invoker.java:1231)
	at org.testng.internal.TestMethodWorker.invokeTestMethods(TestMethodWorker.java:127)
	at org.testng.internal.TestMethodWorker.run(TestMethodWorker.java:111)
	at org.testng.TestRunner.privateRun(TestRunner.java:767)
	at org.testng.TestRunner.run(TestRunner.java:617)
	at org.testng.SuiteRunner.runTest(SuiteRunner.java:334)
	at org.testng.SuiteRunner.runSequentially(SuiteRunner.java:329)
	at org.testng.SuiteRunner.privateRun(SuiteRunner.java:291)
	at org.testng.SuiteRunner.run(SuiteRunner.java:240)
	at org.testng.SuiteRunnerWorker.runSuite(SuiteRunnerWorker.java:52)
	at org.testng.SuiteRunnerWorker.run(SuiteRunnerWorker.java:86)
	at org.testng.TestNG.runSuitesSequentially(TestNG.java:1224)
	at org.testng.TestNG.runSuitesLocally(TestNG.java:1149)
	at org.testng.TestNG.run(TestNG.java:1057)
	at org.apache.maven.surefire.testng.TestNGExecutor.run(TestNGExecutor.java:295)
	at org.apache.maven.surefire.testng.TestNGXmlTestSuite.execute(TestNGXmlTestSuite.java:84)
	at org.apache.maven.surefire.testng.TestNGProvider.invoke(TestNGProvider.java:90)
	at org.apache.maven.surefire.booter.ForkedBooter.invokeProviderInSameClassLoader(ForkedBooter.java:203)
	at org.apache.maven.surefire.booter.ForkedBooter.runSuitesInProcess(ForkedBooter.java:155)
	at org.apache.maven.surefire.booter.ForkedBooter.main(ForkedBooter.java:103)
]]>
    </error>
  </testcase> <!-- GetShopperByMerchantIdTest -->
</testsuite> <!-- apiTests.GetShopperByMerchantId -->
