<?xml version="1.0" encoding="UTF-8"?>
<!-- Generated by org.testng.reporters.JUnitReportReporter -->
<testsuite hostname="Kirans-MacBook-Air.local" name="apiTests.GetMerchantsDetail" tests="1" failures="0" timestamp="3 Jun 2016 10:56:09 GMT" time="0.433" errors="1">
  <testcase name="GetMerchantsDetailTest" time="0.433" classname="apiTests.GetMerchantsDetail">
    <error type="junit.framework.AssertionFailedError" message="
Expected: GetMerchantsDetailResponse&lt;message=&quot;Merchants fetched!&quot;, merchants=[Merchant&lt;merchantThresholdTime=900.0, name=&quot;QAJaipur4&quot;, id=&quot;1003&quot;&gt;], success=true&gt;
  Actual: GetMerchantsDetailResponse&lt;message=&quot;Merchants fetched!&quot;, merchants=[Merchant&lt;merchantThresholdTime=null, name=&quot;QAJaipur4&quot;, id=&quot;1003&quot;&gt;], success=true&gt;

--- Found following differences ---
merchants[0].merchantThresholdTime: expected: 900.0, actual: null

--- Difference detail tree ---
 expected: GetMerchantsDetailResponse&lt;message=&quot;Merchants fetched!&quot;, merchants=[Merchant&lt;merchantThresholdTime=900.0, name=&quot;QAJaipur4&quot;, id=&quot;1003&quot;&gt;], success=true&gt;
   actual: GetMerchantsDetailResponse&lt;message=&quot;Merchants fetched!&quot;, merchants=[Merchant&lt;merchantThresholdTime=null, name=&quot;QAJaipur4&quot;, id=&quot;1003&quot;&gt;], success=true&gt;

merchants expected: [Merchant&lt;merchantThresholdTime=900.0, name=&quot;QAJaipur4&quot;, id=&quot;1003&quot;&gt;]
merchants   actual: [Merchant&lt;merchantThresholdTime=null, name=&quot;QAJaipur4&quot;, id=&quot;1003&quot;&gt;]

merchants[0] expected: Merchant&lt;merchantThresholdTime=900.0, name=&quot;QAJaipur4&quot;, id=&quot;1003&quot;&gt;
merchants[0]   actual: Merchant&lt;merchantThresholdTime=null, name=&quot;QAJaipur4&quot;, id=&quot;1003&quot;&gt;

merchants[0].merchantThresholdTime expected: 900.0
merchants[0].merchantThresholdTime   actual: null

">
      <![CDATA[junit.framework.AssertionFailedError: 
Expected: GetMerchantsDetailResponse<message="Merchants fetched!", merchants=[Merchant<merchantThresholdTime=900.0, name="QAJaipur4", id="1003">], success=true>
  Actual: GetMerchantsDetailResponse<message="Merchants fetched!", merchants=[Merchant<merchantThresholdTime=null, name="QAJaipur4", id="1003">], success=true>

--- Found following differences ---
merchants[0].merchantThresholdTime: expected: 900.0, actual: null

--- Difference detail tree ---
 expected: GetMerchantsDetailResponse<message="Merchants fetched!", merchants=[Merchant<merchantThresholdTime=900.0, name="QAJaipur4", id="1003">], success=true>
   actual: GetMerchantsDetailResponse<message="Merchants fetched!", merchants=[Merchant<merchantThresholdTime=null, name="QAJaipur4", id="1003">], success=true>

merchants expected: [Merchant<merchantThresholdTime=900.0, name="QAJaipur4", id="1003">]
merchants   actual: [Merchant<merchantThresholdTime=null, name="QAJaipur4", id="1003">]

merchants[0] expected: Merchant<merchantThresholdTime=900.0, name="QAJaipur4", id="1003">
merchants[0]   actual: Merchant<merchantThresholdTime=null, name="QAJaipur4", id="1003">

merchants[0].merchantThresholdTime expected: 900.0
merchants[0].merchantThresholdTime   actual: null


	at junit.framework.Assert.fail(Assert.java:50)
	at org.unitils.reflectionassert.ReflectionAssert.assertReflectionEquals(ReflectionAssert.java:136)
	at org.unitils.reflectionassert.ReflectionAssert.assertReflectionEquals(ReflectionAssert.java:99)
	at apiTests.GetMerchantsDetail.GetMerchantsDetailTest(GetMerchantsDetail.java:43)
	at sun.reflect.NativeMethodAccessorImpl.invoke0(Native Method)
	at sun.reflect.NativeMethodAccessorImpl.invoke(NativeMethodAccessorImpl.java:62)
	at sun.reflect.DelegatingMethodAccessorImpl.invoke(DelegatingMethodAccessorImpl.java:43)
	at java.lang.reflect.Method.invoke(Method.java:497)
	at org.testng.internal.MethodInvocationHelper.invokeMethod(MethodInvocationHelper.java:84)
	at org.testng.internal.Invoker.invokeMethod(Invoker.java:714)
	at org.testng.internal.Invoker.invokeTestMethod(Invoker.java:901)
	at org.testng.internal.Invoker.invokeTestMethods(Invoker.java:1231)
	at org.testng.internal.TestMethodWorker.invokeTestMethods(TestMethodWorker.java:127)
	at org.testng.internal.TestMethodWorker.run(TestMethodWorker.java:111)
	at org.testng.TestRunner.privateRun(TestRunner.java:767)
	at org.testng.TestRunner.run(TestRunner.java:617)
	at org.testng.SuiteRunner.runTest(SuiteRunner.java:334)
	at org.testng.SuiteRunner.runSequentially(SuiteRunner.java:329)
	at org.testng.SuiteRunner.privateRun(SuiteRunner.java:291)
	at org.testng.SuiteRunner.run(SuiteRunner.java:240)
	at org.testng.SuiteRunnerWorker.runSuite(SuiteRunnerWorker.java:52)
	at org.testng.SuiteRunnerWorker.run(SuiteRunnerWorker.java:86)
	at org.testng.TestNG.runSuitesSequentially(TestNG.java:1224)
	at org.testng.TestNG.runSuitesLocally(TestNG.java:1149)
	at org.testng.TestNG.run(TestNG.java:1057)
	at org.apache.maven.surefire.testng.TestNGExecutor.run(TestNGExecutor.java:295)
	at org.apache.maven.surefire.testng.TestNGXmlTestSuite.execute(TestNGXmlTestSuite.java:84)
	at org.apache.maven.surefire.testng.TestNGProvider.invoke(TestNGProvider.java:90)
	at org.apache.maven.surefire.booter.ForkedBooter.invokeProviderInSameClassLoader(ForkedBooter.java:203)
	at org.apache.maven.surefire.booter.ForkedBooter.runSuitesInProcess(ForkedBooter.java:155)
	at org.apache.maven.surefire.booter.ForkedBooter.main(ForkedBooter.java:103)
]]>
    </error>
  </testcase> <!-- GetMerchantsDetailTest -->
</testsuite> <!-- apiTests.GetMerchantsDetail -->
