<?xml version="1.0" encoding="UTF-8"?>
<!-- Generated by org.testng.reporters.JUnitReportReporter -->
<testsuite hostname="Kirans-MacBook-Air.local" name="apiTests.GetShopperBuCityId" tests="1" failures="0" timestamp="17 Jul 2016 17:33:56 GMT" time="1.283" errors="0">
  <testcase name="GetShopperBuCityIdTest" time="1.283" classname="apiTests.GetShopperBuCityId"/>
</testsuite> <!-- apiTests.GetShopperBuCityId -->
